2025-06-09 16:40:29,104 - INFO - 
Deformation Analysis Summary:
2025-06-09 16:40:29,104 - INFO - ---------------------------
2025-06-09 16:40:29,104 - INFO - Chemical Formula: C12H28N2
2025-06-09 16:40:29,104 - INFO - Isomorphic: True
2025-06-09 16:40:29,104 - INFO - 
Bond Length Analysis:
2025-06-09 16:40:29,104 - INFO -   Mean Error: 0.0067 ± 0.0062 Å
2025-06-09 16:40:29,105 - INFO -   Range: [0.0006, 0.0189] Å
2025-06-09 16:40:29,105 - INFO -   Classification: Normal bond fluctuations
2025-06-09 16:40:29,105 - INFO - 
Bond Angle Analysis:
2025-06-09 16:40:29,105 - INFO -   Mean Error: 0.8794 ± 0.7170°
2025-06-09 16:40:29,105 - INFO -   Range: [0.0544, 2.1348]°
2025-06-09 16:40:29,105 - INFO -   Classification: Normal angle flexibility
2025-06-09 16:40:29,105 - INFO - 
Dihedral Angle Analysis:
2025-06-09 16:40:29,105 - INFO -   Mean Error: 111.5466 ± 120.5667°
2025-06-09 16:40:29,105 - INFO -   Range: [0.4541, 259.5717]°
2025-06-09 16:40:29,105 - INFO -   Classification: Moderate conformational change
2025-06-09 16:49:03,210 - INFO - 
Deformation Analysis Summary:
2025-06-09 16:49:03,210 - INFO - ---------------------------
2025-06-09 16:49:03,210 - INFO - Chemical Formula: C12H28N2
2025-06-09 16:49:03,210 - INFO - Isomorphic: True
2025-06-09 16:49:03,210 - INFO - 
Bond Length Analysis:
2025-06-09 16:49:03,210 - INFO -   Mean Error: 0.0067 ± 0.0062 Å
2025-06-09 16:49:03,210 - INFO -   Range: [0.0006, 0.0189] Å
2025-06-09 16:49:03,210 - INFO -   Classification: Normal bond fluctuations
2025-06-09 16:49:03,210 - INFO - 
Bond Angle Analysis:
2025-06-09 16:49:03,210 - INFO -   Mean Error: 0.8794 ± 0.7170°
2025-06-09 16:49:03,210 - INFO -   Range: [0.0544, 2.1348]°
2025-06-09 16:49:03,210 - INFO -   Classification: Normal angle flexibility
2025-06-09 16:49:03,210 - INFO - 
Dihedral Angle Analysis:
2025-06-09 16:49:03,210 - INFO -   Mean Error: 111.5466 ± 120.5667°
2025-06-09 16:49:03,210 - INFO -   Range: [0.4541, 259.5717]°
2025-06-09 16:49:03,210 - INFO -   Classification: Moderate conformational change
