2025-06-09 16:40:42,198 - INFO - 
Deformation Analysis Summary:
2025-06-09 16:40:42,198 - INFO - ---------------------------
2025-06-09 16:40:42,198 - INFO - Chemical Formula: C5H16N2
2025-06-09 16:40:42,198 - INFO - Isomorphic: True
2025-06-09 16:40:42,198 - INFO - 
Bond Length Analysis:
2025-06-09 16:40:42,198 - INFO -   Mean Error: 0.0141 ± 0.0095 Å
2025-06-09 16:40:42,198 - INFO -   Range: [0.0057, 0.0293] Å
2025-06-09 16:40:42,198 - INFO -   Classification: Normal bond fluctuations
2025-06-09 16:40:42,198 - INFO - 
Bond Angle Analysis:
2025-06-09 16:40:42,198 - INFO -   Mean Error: 1.0423 ± 0.7085°
2025-06-09 16:40:42,198 - INFO -   Range: [0.0889, 1.8179]°
2025-06-09 16:40:42,198 - INFO -   Classification: Normal angle flexibility
2025-06-09 16:40:42,198 - INFO - 
Dihedral Angle Analysis:
2025-06-09 16:40:42,198 - INFO -   Mean Error: 11.0613 ± 4.6943°
2025-06-09 16:40:42,198 - INFO -   Range: [3.9130, 16.9278]°
2025-06-09 16:40:42,198 - INFO -   Classification: Local torsional oscillation
2025-06-09 16:49:16,929 - INFO - 
Deformation Analysis Summary:
2025-06-09 16:49:16,929 - INFO - ---------------------------
2025-06-09 16:49:16,929 - INFO - Chemical Formula: C5H16N2
2025-06-09 16:49:16,929 - INFO - Isomorphic: True
2025-06-09 16:49:16,929 - INFO - 
Bond Length Analysis:
2025-06-09 16:49:16,929 - INFO -   Mean Error: 0.0141 ± 0.0095 Å
2025-06-09 16:49:16,929 - INFO -   Range: [0.0057, 0.0293] Å
2025-06-09 16:49:16,929 - INFO -   Classification: Normal bond fluctuations
2025-06-09 16:49:16,929 - INFO - 
Bond Angle Analysis:
2025-06-09 16:49:16,929 - INFO -   Mean Error: 1.0423 ± 0.7085°
2025-06-09 16:49:16,929 - INFO -   Range: [0.0889, 1.8179]°
2025-06-09 16:49:16,929 - INFO -   Classification: Normal angle flexibility
2025-06-09 16:49:16,930 - INFO - 
Dihedral Angle Analysis:
2025-06-09 16:49:16,930 - INFO -   Mean Error: 11.0613 ± 4.6943°
2025-06-09 16:49:16,930 - INFO -   Range: [3.9130, 16.9278]°
2025-06-09 16:49:16,930 - INFO -   Classification: Local torsional oscillation
