2025-06-09 16:40:19,236 - INFO - 
Deformation Analysis Summary:
2025-06-09 16:40:19,236 - INFO - ---------------------------
2025-06-09 16:40:19,236 - INFO - Chemical Formula: C3H12N2
2025-06-09 16:40:19,236 - INFO - Isomorphic: True
2025-06-09 16:40:19,236 - INFO - 
Bond Length Analysis:
2025-06-09 16:40:19,236 - INFO -   Mean Error: 0.0145 ± 0.0074 Å
2025-06-09 16:40:19,236 - INFO -   Range: [0.0071, 0.0244] Å
2025-06-09 16:40:19,236 - INFO -   Classification: Normal bond fluctuations
2025-06-09 16:40:19,236 - INFO - 
Bond Angle Analysis:
2025-06-09 16:40:19,236 - INFO -   Mean Error: 1.9910 ± 0.7318°
2025-06-09 16:40:19,236 - INFO -   Range: [1.0138, 2.7749]°
2025-06-09 16:40:19,236 - INFO -   Classification: Normal angle flexibility
2025-06-09 16:40:19,236 - INFO - 
Dihedral Angle Analysis:
2025-06-09 16:40:19,236 - INFO -   Mean Error: 7.2781 ± 0.7458°
2025-06-09 16:40:19,236 - INFO -   Range: [6.5323, 8.0240]°
2025-06-09 16:40:19,236 - INFO -   Classification: Local torsional oscillation
2025-06-09 16:48:50,561 - INFO - 
Deformation Analysis Summary:
2025-06-09 16:48:50,561 - INFO - ---------------------------
2025-06-09 16:48:50,561 - INFO - Chemical Formula: C3H12N2
2025-06-09 16:48:50,561 - INFO - Isomorphic: True
2025-06-09 16:48:50,561 - INFO - 
Bond Length Analysis:
2025-06-09 16:48:50,561 - INFO -   Mean Error: 0.0145 ± 0.0074 Å
2025-06-09 16:48:50,561 - INFO -   Range: [0.0071, 0.0244] Å
2025-06-09 16:48:50,561 - INFO -   Classification: Normal bond fluctuations
2025-06-09 16:48:50,561 - INFO - 
Bond Angle Analysis:
2025-06-09 16:48:50,561 - INFO -   Mean Error: 1.9910 ± 0.7318°
2025-06-09 16:48:50,561 - INFO -   Range: [1.0138, 2.7749]°
2025-06-09 16:48:50,561 - INFO -   Classification: Normal angle flexibility
2025-06-09 16:48:50,561 - INFO - 
Dihedral Angle Analysis:
2025-06-09 16:48:50,561 - INFO -   Mean Error: 7.2781 ± 0.7458°
2025-06-09 16:48:50,561 - INFO -   Range: [6.5323, 8.0240]°
2025-06-09 16:48:50,561 - INFO -   Classification: Local torsional oscillation
