2025-06-09 16:40:03,334 - INFO - 
Deformation Analysis Summary:
2025-06-09 16:40:03,334 - INFO - ---------------------------
2025-06-09 16:40:03,334 - INFO - Chemical Formula: C9H24N2
2025-06-09 16:40:03,334 - INFO - Isomorphic: True
2025-06-09 16:40:03,334 - INFO - 
Bond Length Analysis:
2025-06-09 16:40:03,334 - INFO -   Mean Error: 0.0134 ± 0.0065 Å
2025-06-09 16:40:03,334 - INFO -   Range: [0.0078, 0.0279] Å
2025-06-09 16:40:03,334 - INFO -   Classification: Normal bond fluctuations
2025-06-09 16:40:03,334 - INFO - 
Bond Angle Analysis:
2025-06-09 16:40:03,334 - INFO -   Mean Error: 0.5806 ± 0.4337°
2025-06-09 16:40:03,334 - INFO -   Range: [0.0003, 1.4403]°
2025-06-09 16:40:03,334 - INFO -   Classification: Normal angle flexibility
2025-06-09 16:40:03,334 - INFO - 
Dihedral Angle Analysis:
2025-06-09 16:40:03,334 - INFO -   Mean Error: 7.7251 ± 3.2156°
2025-06-09 16:40:03,334 - INFO -   Range: [3.0923, 10.8853]°
2025-06-09 16:40:03,334 - INFO -   Classification: Local torsional oscillation
2025-06-09 16:48:35,457 - INFO - 
Deformation Analysis Summary:
2025-06-09 16:48:35,457 - INFO - ---------------------------
2025-06-09 16:48:35,457 - INFO - Chemical Formula: C9H24N2
2025-06-09 16:48:35,457 - INFO - Isomorphic: True
2025-06-09 16:48:35,457 - INFO - 
Bond Length Analysis:
2025-06-09 16:48:35,457 - INFO -   Mean Error: 0.0134 ± 0.0065 Å
2025-06-09 16:48:35,457 - INFO -   Range: [0.0078, 0.0279] Å
2025-06-09 16:48:35,458 - INFO -   Classification: Normal bond fluctuations
2025-06-09 16:48:35,458 - INFO - 
Bond Angle Analysis:
2025-06-09 16:48:35,458 - INFO -   Mean Error: 0.5806 ± 0.4337°
2025-06-09 16:48:35,458 - INFO -   Range: [0.0003, 1.4403]°
2025-06-09 16:48:35,458 - INFO -   Classification: Normal angle flexibility
2025-06-09 16:48:35,458 - INFO - 
Dihedral Angle Analysis:
2025-06-09 16:48:35,458 - INFO -   Mean Error: 7.7251 ± 3.2156°
2025-06-09 16:48:35,458 - INFO -   Range: [3.0923, 10.8853]°
2025-06-09 16:48:35,458 - INFO -   Classification: Local torsional oscillation
