2025-06-09 16:39:35,527 - INFO - 
Deformation Analysis Summary:
2025-06-09 16:39:35,528 - INFO - ---------------------------
2025-06-09 16:39:35,528 - INFO - Chemical Formula: C9H24N2
2025-06-09 16:39:35,528 - INFO - Isomorphic: True
2025-06-09 16:39:35,528 - INFO - 
Bond Length Analysis:
2025-06-09 16:39:35,528 - INFO -   Mean Error: 0.0084 ± 0.0057 Å
2025-06-09 16:39:35,528 - INFO -   Range: [0.0023, 0.0180] Å
2025-06-09 16:39:35,528 - INFO -   Classification: Normal bond fluctuations
2025-06-09 16:39:35,528 - INFO - 
Bond Angle Analysis:
2025-06-09 16:39:35,528 - INFO -   Mean Error: 2.0317 ± 1.5547°
2025-06-09 16:39:35,528 - INFO -   Range: [0.0055, 4.2852]°
2025-06-09 16:39:35,528 - INFO -   Classification: Normal angle flexibility
2025-06-09 16:39:35,528 - INFO - 
Dihedral Angle Analysis:
2025-06-09 16:39:35,528 - INFO -   Mean Error: 101.6043 ± 112.8651°
2025-06-09 16:39:35,528 - INFO -   Range: [1.2488, 256.0754]°
2025-06-09 16:39:35,528 - INFO -   Classification: Moderate conformational change
2025-06-09 16:48:11,189 - INFO - 
Deformation Analysis Summary:
2025-06-09 16:48:11,189 - INFO - ---------------------------
2025-06-09 16:48:11,189 - INFO - Chemical Formula: C9H24N2
2025-06-09 16:48:11,189 - INFO - Isomorphic: True
2025-06-09 16:48:11,189 - INFO - 
Bond Length Analysis:
2025-06-09 16:48:11,189 - INFO -   Mean Error: 0.0084 ± 0.0057 Å
2025-06-09 16:48:11,189 - INFO -   Range: [0.0023, 0.0180] Å
2025-06-09 16:48:11,189 - INFO -   Classification: Normal bond fluctuations
2025-06-09 16:48:11,189 - INFO - 
Bond Angle Analysis:
2025-06-09 16:48:11,189 - INFO -   Mean Error: 2.0317 ± 1.5547°
2025-06-09 16:48:11,189 - INFO -   Range: [0.0055, 4.2852]°
2025-06-09 16:48:11,189 - INFO -   Classification: Normal angle flexibility
2025-06-09 16:48:11,189 - INFO - 
Dihedral Angle Analysis:
2025-06-09 16:48:11,189 - INFO -   Mean Error: 101.6043 ± 112.8651°
2025-06-09 16:48:11,189 - INFO -   Range: [1.2488, 256.0754]°
2025-06-09 16:48:11,189 - INFO -   Classification: Moderate conformational change
