2025-06-09 16:40:18,236 - INFO - 
Deformation Analysis Summary:
2025-06-09 16:40:18,236 - INFO - ---------------------------
2025-06-09 16:40:18,236 - INFO - Chemical Formula: C9H24N2
2025-06-09 16:40:18,236 - INFO - Isomorphic: True
2025-06-09 16:40:18,236 - INFO - 
Bond Length Analysis:
2025-06-09 16:40:18,236 - INFO -   Mean Error: 0.0114 ± 0.0060 Å
2025-06-09 16:40:18,236 - INFO -   Range: [0.0061, 0.0264] Å
2025-06-09 16:40:18,236 - INFO -   Classification: Normal bond fluctuations
2025-06-09 16:40:18,236 - INFO - 
Bond Angle Analysis:
2025-06-09 16:40:18,236 - INFO -   Mean Error: 2.4945 ± 1.2828°
2025-06-09 16:40:18,236 - INFO -   Range: [0.2465, 4.0692]°
2025-06-09 16:40:18,236 - INFO -   Classification: Normal angle flexibility
2025-06-09 16:40:18,236 - INFO - 
Dihedral Angle Analysis:
2025-06-09 16:40:18,236 - INFO -   Mean Error: 5.0858 ± 4.7823°
2025-06-09 16:40:18,236 - INFO -   Range: [0.0162, 13.9381]°
2025-06-09 16:40:18,236 - INFO -   Classification: Local torsional oscillation
2025-06-09 16:48:49,472 - INFO - 
Deformation Analysis Summary:
2025-06-09 16:48:49,472 - INFO - ---------------------------
2025-06-09 16:48:49,472 - INFO - Chemical Formula: C9H24N2
2025-06-09 16:48:49,472 - INFO - Isomorphic: True
2025-06-09 16:48:49,472 - INFO - 
Bond Length Analysis:
2025-06-09 16:48:49,472 - INFO -   Mean Error: 0.0114 ± 0.0060 Å
2025-06-09 16:48:49,472 - INFO -   Range: [0.0061, 0.0264] Å
2025-06-09 16:48:49,472 - INFO -   Classification: Normal bond fluctuations
2025-06-09 16:48:49,472 - INFO - 
Bond Angle Analysis:
2025-06-09 16:48:49,472 - INFO -   Mean Error: 2.4945 ± 1.2828°
2025-06-09 16:48:49,472 - INFO -   Range: [0.2465, 4.0692]°
2025-06-09 16:48:49,472 - INFO -   Classification: Normal angle flexibility
2025-06-09 16:48:49,472 - INFO - 
Dihedral Angle Analysis:
2025-06-09 16:48:49,472 - INFO -   Mean Error: 5.0858 ± 4.7823°
2025-06-09 16:48:49,472 - INFO -   Range: [0.0162, 13.9381]°
2025-06-09 16:48:49,472 - INFO -   Classification: Local torsional oscillation
