2025-06-09 16:40:30,008 - INFO - 
Deformation Analysis Summary:
2025-06-09 16:40:30,008 - INFO - ---------------------------
2025-06-09 16:40:30,008 - INFO - Chemical Formula: C6H18N2
2025-06-09 16:40:30,008 - INFO - Isomorphic: True
2025-06-09 16:40:30,009 - INFO - 
Bond Length Analysis:
2025-06-09 16:40:30,009 - INFO -   Mean Error: 0.0056 ± 0.0055 Å
2025-06-09 16:40:30,009 - INFO -   Range: [0.0008, 0.0146] Å
2025-06-09 16:40:30,009 - INFO -   Classification: Normal bond fluctuations
2025-06-09 16:40:30,009 - INFO - 
Bond Angle Analysis:
2025-06-09 16:40:30,009 - INFO -   Mean Error: 0.4119 ± 0.2448°
2025-06-09 16:40:30,009 - INFO -   Range: [0.2110, 0.9120]°
2025-06-09 16:40:30,009 - INFO -   Classification: Normal angle flexibility
2025-06-09 16:40:30,009 - INFO - 
Dihedral Angle Analysis:
2025-06-09 16:40:30,009 - INFO -   Mean Error: 1.9781 ± 1.4908°
2025-06-09 16:40:30,009 - INFO -   Range: [0.0057, 4.0477]°
2025-06-09 16:40:30,009 - INFO -   Classification: Local torsional oscillation
2025-06-09 16:49:03,698 - INFO - 
Deformation Analysis Summary:
2025-06-09 16:49:03,698 - INFO - ---------------------------
2025-06-09 16:49:03,698 - INFO - Chemical Formula: C6H18N2
2025-06-09 16:49:03,698 - INFO - Isomorphic: True
2025-06-09 16:49:03,698 - INFO - 
Bond Length Analysis:
2025-06-09 16:49:03,698 - INFO -   Mean Error: 0.0056 ± 0.0055 Å
2025-06-09 16:49:03,698 - INFO -   Range: [0.0008, 0.0146] Å
2025-06-09 16:49:03,698 - INFO -   Classification: Normal bond fluctuations
2025-06-09 16:49:03,698 - INFO - 
Bond Angle Analysis:
2025-06-09 16:49:03,698 - INFO -   Mean Error: 0.4119 ± 0.2448°
2025-06-09 16:49:03,699 - INFO -   Range: [0.2110, 0.9120]°
2025-06-09 16:49:03,699 - INFO -   Classification: Normal angle flexibility
2025-06-09 16:49:03,699 - INFO - 
Dihedral Angle Analysis:
2025-06-09 16:49:03,699 - INFO -   Mean Error: 1.9781 ± 1.4908°
2025-06-09 16:49:03,699 - INFO -   Range: [0.0057, 4.0477]°
2025-06-09 16:49:03,699 - INFO -   Classification: Local torsional oscillation
