2025-06-09 16:39:50,982 - INFO - 
Deformation Analysis Summary:
2025-06-09 16:39:50,982 - INFO - ---------------------------
2025-06-09 16:39:50,982 - INFO - Chemical Formula: C7H20N2
2025-06-09 16:39:50,982 - INFO - Isomorphic: True
2025-06-09 16:39:50,982 - INFO - 
Bond Length Analysis:
2025-06-09 16:39:50,982 - INFO -   Mean Error: 0.0077 ± 0.0068 Å
2025-06-09 16:39:50,982 - INFO -   Range: [0.0018, 0.0201] Å
2025-06-09 16:39:50,982 - INFO -   Classification: Normal bond fluctuations
2025-06-09 16:39:50,982 - INFO - 
Bond Angle Analysis:
2025-06-09 16:39:50,982 - INFO -   Mean Error: 1.3550 ± 0.4374°
2025-06-09 16:39:50,982 - INFO -   Range: [0.8231, 2.2138]°
2025-06-09 16:39:50,982 - INFO -   Classification: Normal angle flexibility
2025-06-09 16:39:50,982 - INFO - 
Dihedral Angle Analysis:
2025-06-09 16:39:50,982 - INFO -   Mean Error: 2.5729 ± 1.9110°
2025-06-09 16:39:50,982 - INFO -   Range: [0.0609, 4.7263]°
2025-06-09 16:39:50,982 - INFO -   Classification: Local torsional oscillation
2025-06-09 16:48:26,210 - INFO - 
Deformation Analysis Summary:
2025-06-09 16:48:26,210 - INFO - ---------------------------
2025-06-09 16:48:26,210 - INFO - Chemical Formula: C7H20N2
2025-06-09 16:48:26,210 - INFO - Isomorphic: True
2025-06-09 16:48:26,210 - INFO - 
Bond Length Analysis:
2025-06-09 16:48:26,210 - INFO -   Mean Error: 0.0077 ± 0.0068 Å
2025-06-09 16:48:26,210 - INFO -   Range: [0.0018, 0.0201] Å
2025-06-09 16:48:26,210 - INFO -   Classification: Normal bond fluctuations
2025-06-09 16:48:26,210 - INFO - 
Bond Angle Analysis:
2025-06-09 16:48:26,210 - INFO -   Mean Error: 1.3550 ± 0.4374°
2025-06-09 16:48:26,210 - INFO -   Range: [0.8231, 2.2138]°
2025-06-09 16:48:26,210 - INFO -   Classification: Normal angle flexibility
2025-06-09 16:48:26,210 - INFO - 
Dihedral Angle Analysis:
2025-06-09 16:48:26,210 - INFO -   Mean Error: 2.5729 ± 1.9110°
2025-06-09 16:48:26,210 - INFO -   Range: [0.0609, 4.7263]°
2025-06-09 16:48:26,210 - INFO -   Classification: Local torsional oscillation
