2025-06-09 16:40:21,780 - INFO - 
Deformation Analysis Summary:
2025-06-09 16:40:21,780 - INFO - ---------------------------
2025-06-09 16:40:21,780 - INFO - Chemical Formula: C10H18N2
2025-06-09 16:40:21,780 - INFO - Isomorphic: True
2025-06-09 16:40:21,781 - INFO - 
Bond Length Analysis:
2025-06-09 16:40:21,781 - INFO -   Mean Error: 0.0094 ± 0.0061 Å
2025-06-09 16:40:21,781 - INFO -   Range: [0.0007, 0.0210] Å
2025-06-09 16:40:21,781 - INFO -   Classification: Normal bond fluctuations
2025-06-09 16:40:21,781 - INFO - 
Bond Angle Analysis:
2025-06-09 16:40:21,781 - INFO -   Mean Error: 1.5411 ± 1.9093°
2025-06-09 16:40:21,781 - INFO -   Range: [0.0269, 6.5421]°
2025-06-09 16:40:21,781 - INFO -   Classification: Normal angle flexibility
2025-06-09 16:40:21,781 - INFO - 
Dihedral Angle Analysis:
2025-06-09 16:40:21,781 - INFO -   Mean Error: 120.6620 ± 137.4310°
2025-06-09 16:40:21,781 - INFO -   Range: [0.0754, 358.7471]°
2025-06-09 16:40:21,781 - INFO -   Classification: Moderate conformational change
2025-06-09 16:48:54,516 - INFO - 
Deformation Analysis Summary:
2025-06-09 16:48:54,516 - INFO - ---------------------------
2025-06-09 16:48:54,516 - INFO - Chemical Formula: C10H18N2
2025-06-09 16:48:54,516 - INFO - Isomorphic: True
2025-06-09 16:48:54,516 - INFO - 
Bond Length Analysis:
2025-06-09 16:48:54,516 - INFO -   Mean Error: 0.0094 ± 0.0061 Å
2025-06-09 16:48:54,516 - INFO -   Range: [0.0007, 0.0210] Å
2025-06-09 16:48:54,516 - INFO -   Classification: Normal bond fluctuations
2025-06-09 16:48:54,516 - INFO - 
Bond Angle Analysis:
2025-06-09 16:48:54,516 - INFO -   Mean Error: 1.5411 ± 1.9093°
2025-06-09 16:48:54,516 - INFO -   Range: [0.0269, 6.5421]°
2025-06-09 16:48:54,516 - INFO -   Classification: Normal angle flexibility
2025-06-09 16:48:54,516 - INFO - 
Dihedral Angle Analysis:
2025-06-09 16:48:54,516 - INFO -   Mean Error: 120.6620 ± 137.4310°
2025-06-09 16:48:54,516 - INFO -   Range: [0.0754, 358.7471]°
2025-06-09 16:48:54,516 - INFO -   Classification: Moderate conformational change
