2025-06-09 16:40:00,935 - INFO - 
Deformation Analysis Summary:
2025-06-09 16:40:00,935 - INFO - ---------------------------
2025-06-09 16:40:00,935 - INFO - Chemical Formula: C12H30N2
2025-06-09 16:40:00,935 - INFO - Isomorphic: True
2025-06-09 16:40:00,935 - INFO - 
Bond Length Analysis:
2025-06-09 16:40:00,935 - INFO -   Mean Error: 0.0113 ± 0.0065 Å
2025-06-09 16:40:00,935 - INFO -   Range: [0.0033, 0.0217] Å
2025-06-09 16:40:00,935 - INFO -   Classification: Normal bond fluctuations
2025-06-09 16:40:00,935 - INFO - 
Bond Angle Analysis:
2025-06-09 16:40:00,935 - INFO -   Mean Error: 1.6479 ± 1.1331°
2025-06-09 16:40:00,935 - INFO -   Range: [0.0233, 3.5903]°
2025-06-09 16:40:00,935 - INFO -   Classification: Normal angle flexibility
2025-06-09 16:40:00,935 - INFO - 
Dihedral Angle Analysis:
2025-06-09 16:40:00,935 - INFO -   Mean Error: 83.3168 ± 92.1806°
2025-06-09 16:40:00,935 - INFO -   Range: [0.7840, 250.8814]°
2025-06-09 16:40:00,935 - INFO -   Classification: Moderate conformational change
2025-06-09 16:48:32,357 - INFO - 
Deformation Analysis Summary:
2025-06-09 16:48:32,357 - INFO - ---------------------------
2025-06-09 16:48:32,357 - INFO - Chemical Formula: C12H30N2
2025-06-09 16:48:32,357 - INFO - Isomorphic: True
2025-06-09 16:48:32,357 - INFO - 
Bond Length Analysis:
2025-06-09 16:48:32,357 - INFO -   Mean Error: 0.0113 ± 0.0065 Å
2025-06-09 16:48:32,357 - INFO -   Range: [0.0033, 0.0217] Å
2025-06-09 16:48:32,357 - INFO -   Classification: Normal bond fluctuations
2025-06-09 16:48:32,357 - INFO - 
Bond Angle Analysis:
2025-06-09 16:48:32,357 - INFO -   Mean Error: 1.6479 ± 1.1331°
2025-06-09 16:48:32,357 - INFO -   Range: [0.0233, 3.5903]°
2025-06-09 16:48:32,357 - INFO -   Classification: Normal angle flexibility
2025-06-09 16:48:32,357 - INFO - 
Dihedral Angle Analysis:
2025-06-09 16:48:32,357 - INFO -   Mean Error: 83.3168 ± 92.1806°
2025-06-09 16:48:32,357 - INFO -   Range: [0.7840, 250.8814]°
2025-06-09 16:48:32,357 - INFO -   Classification: Moderate conformational change
