2025-06-09 16:39:59,813 - INFO - 
Deformation Analysis Summary:
2025-06-09 16:39:59,813 - INFO - ---------------------------
2025-06-09 16:39:59,813 - INFO - Chemical Formula: C8H22N2
2025-06-09 16:39:59,813 - INFO - Isomorphic: True
2025-06-09 16:39:59,813 - INFO - 
Bond Length Analysis:
2025-06-09 16:39:59,813 - INFO -   Mean Error: 0.0044 ± 0.0066 Å
2025-06-09 16:39:59,813 - INFO -   Range: [0.0001, 0.0172] Å
2025-06-09 16:39:59,813 - INFO -   Classification: Normal bond fluctuations
2025-06-09 16:39:59,813 - INFO - 
Bond Angle Analysis:
2025-06-09 16:39:59,813 - INFO -   Mean Error: 0.4519 ± 0.4546°
2025-06-09 16:39:59,813 - INFO -   Range: [0.0118, 1.3029]°
2025-06-09 16:39:59,813 - INFO -   Classification: Normal angle flexibility
2025-06-09 16:39:59,813 - INFO - 
Dihedral Angle Analysis:
2025-06-09 16:39:59,813 - INFO -   Mean Error: 2.3599 ± 2.4043°
2025-06-09 16:39:59,813 - INFO -   Range: [0.3663, 6.4206]°
2025-06-09 16:39:59,813 - INFO -   Classification: Local torsional oscillation
2025-06-09 16:48:31,531 - INFO - 
Deformation Analysis Summary:
2025-06-09 16:48:31,531 - INFO - ---------------------------
2025-06-09 16:48:31,531 - INFO - Chemical Formula: C8H22N2
2025-06-09 16:48:31,531 - INFO - Isomorphic: True
2025-06-09 16:48:31,531 - INFO - 
Bond Length Analysis:
2025-06-09 16:48:31,531 - INFO -   Mean Error: 0.0044 ± 0.0066 Å
2025-06-09 16:48:31,531 - INFO -   Range: [0.0001, 0.0172] Å
2025-06-09 16:48:31,531 - INFO -   Classification: Normal bond fluctuations
2025-06-09 16:48:31,531 - INFO - 
Bond Angle Analysis:
2025-06-09 16:48:31,531 - INFO -   Mean Error: 0.4519 ± 0.4546°
2025-06-09 16:48:31,531 - INFO -   Range: [0.0118, 1.3029]°
2025-06-09 16:48:31,531 - INFO -   Classification: Normal angle flexibility
2025-06-09 16:48:31,531 - INFO - 
Dihedral Angle Analysis:
2025-06-09 16:48:31,531 - INFO -   Mean Error: 2.3599 ± 2.4043°
2025-06-09 16:48:31,531 - INFO -   Range: [0.3663, 6.4206]°
2025-06-09 16:48:31,531 - INFO -   Classification: Local torsional oscillation
