2025-06-09 16:40:23,847 - INFO - 
Deformation Analysis Summary:
2025-06-09 16:40:23,847 - INFO - ---------------------------
2025-06-09 16:40:23,848 - INFO - Chemical Formula: C10H18N2
2025-06-09 16:40:23,848 - INFO - Isomorphic: True
2025-06-09 16:40:23,848 - INFO - 
Bond Length Analysis:
2025-06-09 16:40:23,848 - INFO -   Mean Error: 0.0098 ± 0.0066 Å
2025-06-09 16:40:23,848 - INFO -   Range: [0.0003, 0.0216] Å
2025-06-09 16:40:23,848 - INFO -   Classification: Normal bond fluctuations
2025-06-09 16:40:23,848 - INFO - 
Bond Angle Analysis:
2025-06-09 16:40:23,848 - INFO -   Mean Error: 1.4163 ± 1.7014°
2025-06-09 16:40:23,848 - INFO -   Range: [0.0912, 5.8048]°
2025-06-09 16:40:23,848 - INFO -   Classification: Normal angle flexibility
2025-06-09 16:40:23,848 - INFO - 
Dihedral Angle Analysis:
2025-06-09 16:40:23,848 - INFO -   Mean Error: 111.8496 ± 130.1694°
2025-06-09 16:40:23,848 - INFO -   Range: [1.1254, 358.3056]°
2025-06-09 16:40:23,848 - INFO -   Classification: Moderate conformational change
2025-06-09 16:48:58,119 - INFO - 
Deformation Analysis Summary:
2025-06-09 16:48:58,119 - INFO - ---------------------------
2025-06-09 16:48:58,119 - INFO - Chemical Formula: C10H18N2
2025-06-09 16:48:58,119 - INFO - Isomorphic: True
2025-06-09 16:48:58,119 - INFO - 
Bond Length Analysis:
2025-06-09 16:48:58,119 - INFO -   Mean Error: 0.0098 ± 0.0066 Å
2025-06-09 16:48:58,119 - INFO -   Range: [0.0003, 0.0216] Å
2025-06-09 16:48:58,119 - INFO -   Classification: Normal bond fluctuations
2025-06-09 16:48:58,119 - INFO - 
Bond Angle Analysis:
2025-06-09 16:48:58,119 - INFO -   Mean Error: 1.4163 ± 1.7014°
2025-06-09 16:48:58,119 - INFO -   Range: [0.0912, 5.8048]°
2025-06-09 16:48:58,119 - INFO -   Classification: Normal angle flexibility
2025-06-09 16:48:58,119 - INFO - 
Dihedral Angle Analysis:
2025-06-09 16:48:58,119 - INFO -   Mean Error: 111.8496 ± 130.1694°
2025-06-09 16:48:58,119 - INFO -   Range: [1.1254, 358.3056]°
2025-06-09 16:48:58,120 - INFO -   Classification: Moderate conformational change
