2025-06-09 16:40:48,088 - INFO - 
Deformation Analysis Summary:
2025-06-09 16:40:48,088 - INFO - ---------------------------
2025-06-09 16:40:48,088 - INFO - Chemical Formula: C9H24N2
2025-06-09 16:40:48,088 - INFO - Isomorphic: True
2025-06-09 16:40:48,088 - INFO - 
Bond Length Analysis:
2025-06-09 16:40:48,088 - INFO -   Mean Error: 0.0065 ± 0.0060 Å
2025-06-09 16:40:48,088 - INFO -   Range: [0.0019, 0.0200] Å
2025-06-09 16:40:48,088 - INFO -   Classification: Normal bond fluctuations
2025-06-09 16:40:48,088 - INFO - 
Bond Angle Analysis:
2025-06-09 16:40:48,088 - INFO -   Mean Error: 1.8309 ± 0.2938°
2025-06-09 16:40:48,089 - INFO -   Range: [1.4518, 2.4731]°
2025-06-09 16:40:48,089 - INFO -   Classification: Normal angle flexibility
2025-06-09 16:40:48,089 - INFO - 
Dihedral Angle Analysis:
2025-06-09 16:40:48,089 - INFO -   Mean Error: 4.8932 ± 4.4052°
2025-06-09 16:40:48,089 - INFO -   Range: [0.1434, 11.9316]°
2025-06-09 16:40:48,089 - INFO -   Classification: Local torsional oscillation
2025-06-09 16:49:21,361 - INFO - 
Deformation Analysis Summary:
2025-06-09 16:49:21,361 - INFO - ---------------------------
2025-06-09 16:49:21,361 - INFO - Chemical Formula: C9H24N2
2025-06-09 16:49:21,361 - INFO - Isomorphic: True
2025-06-09 16:49:21,361 - INFO - 
Bond Length Analysis:
2025-06-09 16:49:21,361 - INFO -   Mean Error: 0.0065 ± 0.0060 Å
2025-06-09 16:49:21,361 - INFO -   Range: [0.0019, 0.0200] Å
2025-06-09 16:49:21,361 - INFO -   Classification: Normal bond fluctuations
2025-06-09 16:49:21,361 - INFO - 
Bond Angle Analysis:
2025-06-09 16:49:21,361 - INFO -   Mean Error: 1.8309 ± 0.2938°
2025-06-09 16:49:21,361 - INFO -   Range: [1.4518, 2.4731]°
2025-06-09 16:49:21,361 - INFO -   Classification: Normal angle flexibility
2025-06-09 16:49:21,361 - INFO - 
Dihedral Angle Analysis:
2025-06-09 16:49:21,361 - INFO -   Mean Error: 4.8932 ± 4.4052°
2025-06-09 16:49:21,361 - INFO -   Range: [0.1434, 11.9316]°
2025-06-09 16:49:21,361 - INFO -   Classification: Local torsional oscillation
