2025-06-09 16:40:23,020 - INFO - 
Deformation Analysis Summary:
2025-06-09 16:40:23,020 - INFO - ---------------------------
2025-06-09 16:40:23,020 - INFO - Chemical Formula: C8H20N2
2025-06-09 16:40:23,020 - INFO - Isomorphic: True
2025-06-09 16:40:23,020 - INFO - 
Bond Length Analysis:
2025-06-09 16:40:23,020 - INFO -   Mean Error: 0.0123 ± 0.0078 Å
2025-06-09 16:40:23,020 - INFO -   Range: [0.0027, 0.0269] Å
2025-06-09 16:40:23,020 - INFO -   Classification: Normal bond fluctuations
2025-06-09 16:40:23,020 - INFO - 
Bond Angle Analysis:
2025-06-09 16:40:23,020 - INFO -   Mean Error: 1.8869 ± 1.4572°
2025-06-09 16:40:23,020 - INFO -   Range: [0.1692, 5.8069]°
2025-06-09 16:40:23,020 - INFO -   Classification: Normal angle flexibility
2025-06-09 16:40:23,020 - INFO - 
Dihedral Angle Analysis:
2025-06-09 16:40:23,020 - INFO -   Mean Error: 118.4575 ± 104.6639°
2025-06-09 16:40:23,020 - INFO -   Range: [1.3574, 320.0881]°
2025-06-09 16:40:23,020 - INFO -   Classification: Moderate conformational change
2025-06-09 16:48:56,631 - INFO - 
Deformation Analysis Summary:
2025-06-09 16:48:56,631 - INFO - ---------------------------
2025-06-09 16:48:56,631 - INFO - Chemical Formula: C8H20N2
2025-06-09 16:48:56,631 - INFO - Isomorphic: True
2025-06-09 16:48:56,631 - INFO - 
Bond Length Analysis:
2025-06-09 16:48:56,631 - INFO -   Mean Error: 0.0123 ± 0.0078 Å
2025-06-09 16:48:56,631 - INFO -   Range: [0.0027, 0.0269] Å
2025-06-09 16:48:56,631 - INFO -   Classification: Normal bond fluctuations
2025-06-09 16:48:56,631 - INFO - 
Bond Angle Analysis:
2025-06-09 16:48:56,631 - INFO -   Mean Error: 1.8869 ± 1.4572°
2025-06-09 16:48:56,631 - INFO -   Range: [0.1692, 5.8069]°
2025-06-09 16:48:56,632 - INFO -   Classification: Normal angle flexibility
2025-06-09 16:48:56,632 - INFO - 
Dihedral Angle Analysis:
2025-06-09 16:48:56,632 - INFO -   Mean Error: 118.4575 ± 104.6639°
2025-06-09 16:48:56,632 - INFO -   Range: [1.3574, 320.0881]°
2025-06-09 16:48:56,632 - INFO -   Classification: Moderate conformational change
