2025-06-09 16:39:37,613 - INFO - 
Deformation Analysis Summary:
2025-06-09 16:39:37,613 - INFO - ---------------------------
2025-06-09 16:39:37,613 - INFO - Chemical Formula: C8H22N2
2025-06-09 16:39:37,613 - INFO - Isomorphic: True
2025-06-09 16:39:37,614 - INFO - 
Bond Length Analysis:
2025-06-09 16:39:37,614 - INFO -   Mean Error: 0.0108 ± 0.0048 Å
2025-06-09 16:39:37,614 - INFO -   Range: [0.0015, 0.0177] Å
2025-06-09 16:39:37,614 - INFO -   Classification: Normal bond fluctuations
2025-06-09 16:39:37,614 - INFO - 
Bond Angle Analysis:
2025-06-09 16:39:37,614 - INFO -   Mean Error: 1.0061 ± 0.8646°
2025-06-09 16:39:37,614 - INFO -   Range: [0.0018, 2.7733]°
2025-06-09 16:39:37,614 - INFO -   Classification: Normal angle flexibility
2025-06-09 16:39:37,614 - INFO - 
Dihedral Angle Analysis:
2025-06-09 16:39:37,614 - INFO -   Mean Error: 103.6786 ± 94.6249°
2025-06-09 16:39:37,614 - INFO -   Range: [1.9797, 264.9341]°
2025-06-09 16:39:37,614 - INFO -   Classification: Moderate conformational change
2025-06-09 16:48:13,272 - INFO - 
Deformation Analysis Summary:
2025-06-09 16:48:13,273 - INFO - ---------------------------
2025-06-09 16:48:13,273 - INFO - Chemical Formula: C8H22N2
2025-06-09 16:48:13,273 - INFO - Isomorphic: True
2025-06-09 16:48:13,273 - INFO - 
Bond Length Analysis:
2025-06-09 16:48:13,273 - INFO -   Mean Error: 0.0108 ± 0.0048 Å
2025-06-09 16:48:13,273 - INFO -   Range: [0.0015, 0.0177] Å
2025-06-09 16:48:13,273 - INFO -   Classification: Normal bond fluctuations
2025-06-09 16:48:13,273 - INFO - 
Bond Angle Analysis:
2025-06-09 16:48:13,273 - INFO -   Mean Error: 1.0061 ± 0.8646°
2025-06-09 16:48:13,273 - INFO -   Range: [0.0018, 2.7733]°
2025-06-09 16:48:13,273 - INFO -   Classification: Normal angle flexibility
2025-06-09 16:48:13,273 - INFO - 
Dihedral Angle Analysis:
2025-06-09 16:48:13,273 - INFO -   Mean Error: 103.6786 ± 94.6249°
2025-06-09 16:48:13,273 - INFO -   Range: [1.9797, 264.9341]°
2025-06-09 16:48:13,273 - INFO -   Classification: Moderate conformational change
