2025-06-09 16:40:24,273 - INFO - 
Deformation Analysis Summary:
2025-06-09 16:40:24,273 - INFO - ---------------------------
2025-06-09 16:40:24,273 - INFO - Chemical Formula: C10H26N2
2025-06-09 16:40:24,273 - INFO - Isomorphic: True
2025-06-09 16:40:24,273 - INFO - 
Bond Length Analysis:
2025-06-09 16:40:24,273 - INFO -   Mean Error: 0.0078 ± 0.0036 Å
2025-06-09 16:40:24,273 - INFO -   Range: [0.0030, 0.0152] Å
2025-06-09 16:40:24,273 - INFO -   Classification: Normal bond fluctuations
2025-06-09 16:40:24,273 - INFO - 
Bond Angle Analysis:
2025-06-09 16:40:24,273 - INFO -   Mean Error: 2.1456 ± 0.9551°
2025-06-09 16:40:24,273 - INFO -   Range: [0.5358, 3.4355]°
2025-06-09 16:40:24,273 - INFO -   Classification: Normal angle flexibility
2025-06-09 16:40:24,273 - INFO - 
Dihedral Angle Analysis:
2025-06-09 16:40:24,273 - INFO -   Mean Error: 19.7620 ± 28.1749°
2025-06-09 16:40:24,273 - INFO -   Range: [4.1216, 98.2105]°
2025-06-09 16:40:24,273 - INFO -   Classification: Local torsional oscillation
2025-06-09 16:48:58,863 - INFO - 
Deformation Analysis Summary:
2025-06-09 16:48:58,863 - INFO - ---------------------------
2025-06-09 16:48:58,863 - INFO - Chemical Formula: C10H26N2
2025-06-09 16:48:58,863 - INFO - Isomorphic: True
2025-06-09 16:48:58,863 - INFO - 
Bond Length Analysis:
2025-06-09 16:48:58,863 - INFO -   Mean Error: 0.0078 ± 0.0036 Å
2025-06-09 16:48:58,863 - INFO -   Range: [0.0030, 0.0152] Å
2025-06-09 16:48:58,863 - INFO -   Classification: Normal bond fluctuations
2025-06-09 16:48:58,863 - INFO - 
Bond Angle Analysis:
2025-06-09 16:48:58,863 - INFO -   Mean Error: 2.1456 ± 0.9551°
2025-06-09 16:48:58,863 - INFO -   Range: [0.5358, 3.4355]°
2025-06-09 16:48:58,863 - INFO -   Classification: Normal angle flexibility
2025-06-09 16:48:58,863 - INFO - 
Dihedral Angle Analysis:
2025-06-09 16:48:58,863 - INFO -   Mean Error: 19.7620 ± 28.1749°
2025-06-09 16:48:58,863 - INFO -   Range: [4.1216, 98.2105]°
2025-06-09 16:48:58,863 - INFO -   Classification: Local torsional oscillation
