2025-06-09 16:40:40,203 - INFO - 
Deformation Analysis Summary:
2025-06-09 16:40:40,203 - INFO - ---------------------------
2025-06-09 16:40:40,203 - INFO - Chemical Formula: C12H22N2
2025-06-09 16:40:40,203 - INFO - Isomorphic: True
2025-06-09 16:40:40,203 - INFO - 
Bond Length Analysis:
2025-06-09 16:40:40,203 - INFO -   Mean Error: 0.0062 ± 0.0063 Å
2025-06-09 16:40:40,203 - INFO -   Range: [0.0004, 0.0224] Å
2025-06-09 16:40:40,203 - INFO -   Classification: Normal bond fluctuations
2025-06-09 16:40:40,203 - INFO - 
Bond Angle Analysis:
2025-06-09 16:40:40,203 - INFO -   Mean Error: 1.2695 ± 1.5176°
2025-06-09 16:40:40,203 - INFO -   Range: [0.0121, 4.3038]°
2025-06-09 16:40:40,203 - INFO -   Classification: Normal angle flexibility
2025-06-09 16:40:40,203 - INFO - 
Dihedral Angle Analysis:
2025-06-09 16:40:40,203 - INFO -   Mean Error: 70.9191 ± 110.9291°
2025-06-09 16:40:40,203 - INFO -   Range: [0.3982, 357.6738]°
2025-06-09 16:40:40,203 - INFO -   Classification: Moderate conformational change
2025-06-09 16:49:13,447 - INFO - 
Deformation Analysis Summary:
2025-06-09 16:49:13,447 - INFO - ---------------------------
2025-06-09 16:49:13,447 - INFO - Chemical Formula: C12H22N2
2025-06-09 16:49:13,447 - INFO - Isomorphic: True
2025-06-09 16:49:13,447 - INFO - 
Bond Length Analysis:
2025-06-09 16:49:13,447 - INFO -   Mean Error: 0.0062 ± 0.0063 Å
2025-06-09 16:49:13,447 - INFO -   Range: [0.0004, 0.0224] Å
2025-06-09 16:49:13,448 - INFO -   Classification: Normal bond fluctuations
2025-06-09 16:49:13,448 - INFO - 
Bond Angle Analysis:
2025-06-09 16:49:13,448 - INFO -   Mean Error: 1.2695 ± 1.5176°
2025-06-09 16:49:13,448 - INFO -   Range: [0.0121, 4.3038]°
2025-06-09 16:49:13,448 - INFO -   Classification: Normal angle flexibility
2025-06-09 16:49:13,448 - INFO - 
Dihedral Angle Analysis:
2025-06-09 16:49:13,448 - INFO -   Mean Error: 70.9191 ± 110.9291°
2025-06-09 16:49:13,448 - INFO -   Range: [0.3982, 357.6738]°
2025-06-09 16:49:13,448 - INFO -   Classification: Moderate conformational change
