2025-06-09 16:40:11,209 - INFO - 
Deformation Analysis Summary:
2025-06-09 16:40:11,209 - INFO - ---------------------------
2025-06-09 16:40:11,209 - INFO - Chemical Formula: C10H26N2
2025-06-09 16:40:11,209 - INFO - Isomorphic: True
2025-06-09 16:40:11,209 - INFO - 
Bond Length Analysis:
2025-06-09 16:40:11,209 - INFO -   Mean Error: 0.0119 ± 0.0057 Å
2025-06-09 16:40:11,209 - INFO -   Range: [0.0058, 0.0248] Å
2025-06-09 16:40:11,209 - INFO -   Classification: Normal bond fluctuations
2025-06-09 16:40:11,209 - INFO - 
Bond Angle Analysis:
2025-06-09 16:40:11,209 - INFO -   Mean Error: 1.1855 ± 0.7786°
2025-06-09 16:40:11,209 - INFO -   Range: [0.0425, 2.5235]°
2025-06-09 16:40:11,209 - INFO -   Classification: Normal angle flexibility
2025-06-09 16:40:11,209 - INFO - 
Dihedral Angle Analysis:
2025-06-09 16:40:11,209 - INFO -   Mean Error: 5.1058 ± 4.7133°
2025-06-09 16:40:11,209 - INFO -   Range: [0.2702, 13.6657]°
2025-06-09 16:40:11,209 - INFO -   Classification: Local torsional oscillation
2025-06-09 16:48:45,379 - INFO - 
Deformation Analysis Summary:
2025-06-09 16:48:45,379 - INFO - ---------------------------
2025-06-09 16:48:45,379 - INFO - Chemical Formula: C10H26N2
2025-06-09 16:48:45,379 - INFO - Isomorphic: True
2025-06-09 16:48:45,379 - INFO - 
Bond Length Analysis:
2025-06-09 16:48:45,379 - INFO -   Mean Error: 0.0119 ± 0.0057 Å
2025-06-09 16:48:45,379 - INFO -   Range: [0.0058, 0.0248] Å
2025-06-09 16:48:45,379 - INFO -   Classification: Normal bond fluctuations
2025-06-09 16:48:45,379 - INFO - 
Bond Angle Analysis:
2025-06-09 16:48:45,379 - INFO -   Mean Error: 1.1855 ± 0.7786°
2025-06-09 16:48:45,379 - INFO -   Range: [0.0425, 2.5235]°
2025-06-09 16:48:45,379 - INFO -   Classification: Normal angle flexibility
2025-06-09 16:48:45,379 - INFO - 
Dihedral Angle Analysis:
2025-06-09 16:48:45,379 - INFO -   Mean Error: 5.1058 ± 4.7133°
2025-06-09 16:48:45,379 - INFO -   Range: [0.2702, 13.6657]°
2025-06-09 16:48:45,379 - INFO -   Classification: Local torsional oscillation
