2025-06-09 16:40:31,727 - INFO - 
Deformation Analysis Summary:
2025-06-09 16:40:31,727 - INFO - ---------------------------
2025-06-09 16:40:31,727 - INFO - Chemical Formula: C3H12N2
2025-06-09 16:40:31,727 - INFO - Isomorphic: True
2025-06-09 16:40:31,727 - INFO - 
Bond Length Analysis:
2025-06-09 16:40:31,727 - INFO -   Mean Error: 0.0137 ± 0.0067 Å
2025-06-09 16:40:31,727 - INFO -   Range: [0.0069, 0.0204] Å
2025-06-09 16:40:31,727 - INFO -   Classification: Normal bond fluctuations
2025-06-09 16:40:31,727 - INFO - 
Bond Angle Analysis:
2025-06-09 16:40:31,727 - INFO -   Mean Error: 4.0184 ± 0.9985°
2025-06-09 16:40:31,727 - INFO -   Range: [3.2181, 5.4261]°
2025-06-09 16:40:31,727 - INFO -   Classification: Normal angle flexibility
2025-06-09 16:40:31,727 - INFO - 
Dihedral Angle Analysis:
2025-06-09 16:40:31,727 - INFO -   Mean Error: 0.4111 ± 0.1988°
2025-06-09 16:40:31,727 - INFO -   Range: [0.2123, 0.6099]°
2025-06-09 16:40:31,727 - INFO -   Classification: Local torsional oscillation
2025-06-09 16:49:04,740 - INFO - 
Deformation Analysis Summary:
2025-06-09 16:49:04,740 - INFO - ---------------------------
2025-06-09 16:49:04,740 - INFO - Chemical Formula: C3H12N2
2025-06-09 16:49:04,740 - INFO - Isomorphic: True
2025-06-09 16:49:04,740 - INFO - 
Bond Length Analysis:
2025-06-09 16:49:04,740 - INFO -   Mean Error: 0.0137 ± 0.0067 Å
2025-06-09 16:49:04,740 - INFO -   Range: [0.0069, 0.0204] Å
2025-06-09 16:49:04,740 - INFO -   Classification: Normal bond fluctuations
2025-06-09 16:49:04,740 - INFO - 
Bond Angle Analysis:
2025-06-09 16:49:04,740 - INFO -   Mean Error: 4.0184 ± 0.9985°
2025-06-09 16:49:04,740 - INFO -   Range: [3.2181, 5.4261]°
2025-06-09 16:49:04,740 - INFO -   Classification: Normal angle flexibility
2025-06-09 16:49:04,740 - INFO - 
Dihedral Angle Analysis:
2025-06-09 16:49:04,740 - INFO -   Mean Error: 0.4111 ± 0.1988°
2025-06-09 16:49:04,740 - INFO -   Range: [0.2123, 0.6099]°
2025-06-09 16:49:04,740 - INFO -   Classification: Local torsional oscillation
