2025-06-09 16:40:51,406 - INFO - 
Deformation Analysis Summary:
2025-06-09 16:40:51,406 - INFO - ---------------------------
2025-06-09 16:40:51,407 - INFO - Chemical Formula: C9H24N2
2025-06-09 16:40:51,407 - INFO - Isomorphic: True
2025-06-09 16:40:51,407 - INFO - 
Bond Length Analysis:
2025-06-09 16:40:51,407 - INFO -   Mean Error: 0.0068 ± 0.0062 Å
2025-06-09 16:40:51,407 - INFO -   Range: [0.0014, 0.0185] Å
2025-06-09 16:40:51,407 - INFO -   Classification: Normal bond fluctuations
2025-06-09 16:40:51,407 - INFO - 
Bond Angle Analysis:
2025-06-09 16:40:51,407 - INFO -   Mean Error: 0.6005 ± 0.6660°
2025-06-09 16:40:51,407 - INFO -   Range: [0.0057, 2.0816]°
2025-06-09 16:40:51,407 - INFO -   Classification: Normal angle flexibility
2025-06-09 16:40:51,407 - INFO - 
Dihedral Angle Analysis:
2025-06-09 16:40:51,407 - INFO -   Mean Error: 100.6017 ± 112.9554°
2025-06-09 16:40:51,407 - INFO -   Range: [1.3975, 240.3749]°
2025-06-09 16:40:51,407 - INFO -   Classification: Moderate conformational change
2025-06-09 16:49:23,131 - INFO - 
Deformation Analysis Summary:
2025-06-09 16:49:23,131 - INFO - ---------------------------
2025-06-09 16:49:23,131 - INFO - Chemical Formula: C9H24N2
2025-06-09 16:49:23,131 - INFO - Isomorphic: True
2025-06-09 16:49:23,131 - INFO - 
Bond Length Analysis:
2025-06-09 16:49:23,131 - INFO -   Mean Error: 0.0068 ± 0.0062 Å
2025-06-09 16:49:23,131 - INFO -   Range: [0.0014, 0.0185] Å
2025-06-09 16:49:23,131 - INFO -   Classification: Normal bond fluctuations
2025-06-09 16:49:23,131 - INFO - 
Bond Angle Analysis:
2025-06-09 16:49:23,131 - INFO -   Mean Error: 0.6005 ± 0.6660°
2025-06-09 16:49:23,131 - INFO -   Range: [0.0057, 2.0816]°
2025-06-09 16:49:23,132 - INFO -   Classification: Normal angle flexibility
2025-06-09 16:49:23,132 - INFO - 
Dihedral Angle Analysis:
2025-06-09 16:49:23,132 - INFO -   Mean Error: 100.6017 ± 112.9554°
2025-06-09 16:49:23,132 - INFO -   Range: [1.3975, 240.3749]°
2025-06-09 16:49:23,132 - INFO -   Classification: Moderate conformational change
