2025-06-09 16:39:32,558 - INFO - 
Deformation Analysis Summary:
2025-06-09 16:39:32,558 - INFO - ---------------------------
2025-06-09 16:39:32,558 - INFO - Chemical Formula: C11H28N2
2025-06-09 16:39:32,558 - INFO - Isomorphic: True
2025-06-09 16:39:32,558 - INFO - 
Bond Length Analysis:
2025-06-09 16:39:32,558 - INFO -   Mean Error: 0.0106 ± 0.0038 Å
2025-06-09 16:39:32,558 - INFO -   Range: [0.0068, 0.0192] Å
2025-06-09 16:39:32,558 - INFO -   Classification: Normal bond fluctuations
2025-06-09 16:39:32,558 - INFO - 
Bond Angle Analysis:
2025-06-09 16:39:32,558 - INFO -   Mean Error: 2.7257 ± 1.7568°
2025-06-09 16:39:32,558 - INFO -   Range: [0.0704, 5.1045]°
2025-06-09 16:39:32,558 - INFO -   Classification: Normal angle flexibility
2025-06-09 16:39:32,558 - INFO - 
Dihedral Angle Analysis:
2025-06-09 16:39:32,558 - INFO -   Mean Error: 2.5395 ± 2.1855°
2025-06-09 16:39:32,558 - INFO -   Range: [0.1751, 7.9685]°
2025-06-09 16:39:32,558 - INFO -   Classification: Local torsional oscillation
2025-06-09 16:48:08,428 - INFO - 
Deformation Analysis Summary:
2025-06-09 16:48:08,428 - INFO - ---------------------------
2025-06-09 16:48:08,428 - INFO - Chemical Formula: C11H28N2
2025-06-09 16:48:08,428 - INFO - Isomorphic: True
2025-06-09 16:48:08,428 - INFO - 
Bond Length Analysis:
2025-06-09 16:48:08,428 - INFO -   Mean Error: 0.0106 ± 0.0038 Å
2025-06-09 16:48:08,428 - INFO -   Range: [0.0068, 0.0192] Å
2025-06-09 16:48:08,428 - INFO -   Classification: Normal bond fluctuations
2025-06-09 16:48:08,428 - INFO - 
Bond Angle Analysis:
2025-06-09 16:48:08,428 - INFO -   Mean Error: 2.7257 ± 1.7568°
2025-06-09 16:48:08,428 - INFO -   Range: [0.0704, 5.1045]°
2025-06-09 16:48:08,428 - INFO -   Classification: Normal angle flexibility
2025-06-09 16:48:08,428 - INFO - 
Dihedral Angle Analysis:
2025-06-09 16:48:08,428 - INFO -   Mean Error: 2.5395 ± 2.1855°
2025-06-09 16:48:08,428 - INFO -   Range: [0.1751, 7.9685]°
2025-06-09 16:48:08,428 - INFO -   Classification: Local torsional oscillation
