2025-06-09 16:40:06,590 - INFO - 
Deformation Analysis Summary:
2025-06-09 16:40:06,590 - INFO - ---------------------------
2025-06-09 16:40:06,590 - INFO - Chemical Formula: C11H28N2
2025-06-09 16:40:06,590 - INFO - Isomorphic: True
2025-06-09 16:40:06,590 - INFO - 
Bond Length Analysis:
2025-06-09 16:40:06,590 - INFO -   Mean Error: 0.0111 ± 0.0069 Å
2025-06-09 16:40:06,590 - INFO -   Range: [0.0009, 0.0270] Å
2025-06-09 16:40:06,590 - INFO -   Classification: Normal bond fluctuations
2025-06-09 16:40:06,590 - INFO - 
Bond Angle Analysis:
2025-06-09 16:40:06,590 - INFO -   Mean Error: 1.3563 ± 1.6184°
2025-06-09 16:40:06,590 - INFO -   Range: [0.0671, 4.9423]°
2025-06-09 16:40:06,590 - INFO -   Classification: Normal angle flexibility
2025-06-09 16:40:06,590 - INFO - 
Dihedral Angle Analysis:
2025-06-09 16:40:06,590 - INFO -   Mean Error: 91.3110 ± 105.1483°
2025-06-09 16:40:06,590 - INFO -   Range: [0.3347, 260.2299]°
2025-06-09 16:40:06,590 - INFO -   Classification: Moderate conformational change
2025-06-09 16:48:40,901 - INFO - 
Deformation Analysis Summary:
2025-06-09 16:48:40,901 - INFO - ---------------------------
2025-06-09 16:48:40,901 - INFO - Chemical Formula: C11H28N2
2025-06-09 16:48:40,901 - INFO - Isomorphic: True
2025-06-09 16:48:40,901 - INFO - 
Bond Length Analysis:
2025-06-09 16:48:40,901 - INFO -   Mean Error: 0.0111 ± 0.0069 Å
2025-06-09 16:48:40,901 - INFO -   Range: [0.0009, 0.0270] Å
2025-06-09 16:48:40,901 - INFO -   Classification: Normal bond fluctuations
2025-06-09 16:48:40,901 - INFO - 
Bond Angle Analysis:
2025-06-09 16:48:40,901 - INFO -   Mean Error: 1.3563 ± 1.6184°
2025-06-09 16:48:40,901 - INFO -   Range: [0.0671, 4.9423]°
2025-06-09 16:48:40,901 - INFO -   Classification: Normal angle flexibility
2025-06-09 16:48:40,901 - INFO - 
Dihedral Angle Analysis:
2025-06-09 16:48:40,901 - INFO -   Mean Error: 91.3110 ± 105.1483°
2025-06-09 16:48:40,901 - INFO -   Range: [0.3347, 260.2299]°
2025-06-09 16:48:40,901 - INFO -   Classification: Moderate conformational change
