2025-06-09 16:40:20,805 - INFO - 
Deformation Analysis Summary:
2025-06-09 16:40:20,805 - INFO - ---------------------------
2025-06-09 16:40:20,805 - INFO - Chemical Formula: C12H28N2
2025-06-09 16:40:20,805 - INFO - Isomorphic: True
2025-06-09 16:40:20,805 - INFO - 
Bond Length Analysis:
2025-06-09 16:40:20,805 - INFO -   Mean Error: 0.0088 ± 0.0055 Å
2025-06-09 16:40:20,805 - INFO -   Range: [0.0007, 0.0237] Å
2025-06-09 16:40:20,805 - INFO -   Classification: Normal bond fluctuations
2025-06-09 16:40:20,805 - INFO - 
Bond Angle Analysis:
2025-06-09 16:40:20,805 - INFO -   Mean Error: 0.8456 ± 0.6810°
2025-06-09 16:40:20,805 - INFO -   Range: [0.0562, 2.4790]°
2025-06-09 16:40:20,805 - INFO -   Classification: Normal angle flexibility
2025-06-09 16:40:20,805 - INFO - 
Dihedral Angle Analysis:
2025-06-09 16:40:20,805 - INFO -   Mean Error: 3.4444 ± 3.8756°
2025-06-09 16:40:20,805 - INFO -   Range: [0.1840, 11.8398]°
2025-06-09 16:40:20,805 - INFO -   Classification: Local torsional oscillation
2025-06-09 16:48:52,883 - INFO - 
Deformation Analysis Summary:
2025-06-09 16:48:52,883 - INFO - ---------------------------
2025-06-09 16:48:52,883 - INFO - Chemical Formula: C12H28N2
2025-06-09 16:48:52,883 - INFO - Isomorphic: True
2025-06-09 16:48:52,883 - INFO - 
Bond Length Analysis:
2025-06-09 16:48:52,883 - INFO -   Mean Error: 0.0088 ± 0.0055 Å
2025-06-09 16:48:52,883 - INFO -   Range: [0.0007, 0.0237] Å
2025-06-09 16:48:52,883 - INFO -   Classification: Normal bond fluctuations
2025-06-09 16:48:52,883 - INFO - 
Bond Angle Analysis:
2025-06-09 16:48:52,883 - INFO -   Mean Error: 0.8456 ± 0.6810°
2025-06-09 16:48:52,883 - INFO -   Range: [0.0562, 2.4790]°
2025-06-09 16:48:52,883 - INFO -   Classification: Normal angle flexibility
2025-06-09 16:48:52,883 - INFO - 
Dihedral Angle Analysis:
2025-06-09 16:48:52,883 - INFO -   Mean Error: 3.4444 ± 3.8756°
2025-06-09 16:48:52,884 - INFO -   Range: [0.1840, 11.8398]°
2025-06-09 16:48:52,884 - INFO -   Classification: Local torsional oscillation
