2025-06-09 16:40:25,957 - INFO - 
Deformation Analysis Summary:
2025-06-09 16:40:25,957 - INFO - ---------------------------
2025-06-09 16:40:25,957 - INFO - Chemical Formula: C11H28N2
2025-06-09 16:40:25,957 - INFO - Isomorphic: True
2025-06-09 16:40:25,957 - INFO - 
Bond Length Analysis:
2025-06-09 16:40:25,957 - INFO -   Mean Error: 0.0114 ± 0.0038 Å
2025-06-09 16:40:25,958 - INFO -   Range: [0.0067, 0.0200] Å
2025-06-09 16:40:25,958 - INFO -   Classification: Normal bond fluctuations
2025-06-09 16:40:25,958 - INFO - 
Bond Angle Analysis:
2025-06-09 16:40:25,958 - INFO -   Mean Error: 1.7519 ± 1.1761°
2025-06-09 16:40:25,958 - INFO -   Range: [0.2950, 4.4960]°
2025-06-09 16:40:25,958 - INFO -   Classification: Normal angle flexibility
2025-06-09 16:40:25,958 - INFO - 
Dihedral Angle Analysis:
2025-06-09 16:40:25,958 - INFO -   Mean Error: 94.0852 ± 106.7647°
2025-06-09 16:40:25,958 - INFO -   Range: [0.0212, 258.3327]°
2025-06-09 16:40:25,958 - INFO -   Classification: Moderate conformational change
2025-06-09 16:49:01,070 - INFO - 
Deformation Analysis Summary:
2025-06-09 16:49:01,070 - INFO - ---------------------------
2025-06-09 16:49:01,070 - INFO - Chemical Formula: C11H28N2
2025-06-09 16:49:01,070 - INFO - Isomorphic: True
2025-06-09 16:49:01,070 - INFO - 
Bond Length Analysis:
2025-06-09 16:49:01,070 - INFO -   Mean Error: 0.0114 ± 0.0038 Å
2025-06-09 16:49:01,070 - INFO -   Range: [0.0067, 0.0200] Å
2025-06-09 16:49:01,070 - INFO -   Classification: Normal bond fluctuations
2025-06-09 16:49:01,070 - INFO - 
Bond Angle Analysis:
2025-06-09 16:49:01,070 - INFO -   Mean Error: 1.7519 ± 1.1761°
2025-06-09 16:49:01,070 - INFO -   Range: [0.2950, 4.4960]°
2025-06-09 16:49:01,070 - INFO -   Classification: Normal angle flexibility
2025-06-09 16:49:01,070 - INFO - 
Dihedral Angle Analysis:
2025-06-09 16:49:01,070 - INFO -   Mean Error: 94.0852 ± 106.7647°
2025-06-09 16:49:01,071 - INFO -   Range: [0.0212, 258.3327]°
2025-06-09 16:49:01,071 - INFO -   Classification: Moderate conformational change
