2025-06-09 16:40:35,854 - INFO - 
Deformation Analysis Summary:
2025-06-09 16:40:35,854 - INFO - ---------------------------
2025-06-09 16:40:35,854 - INFO - Chemical Formula: C6H16N2
2025-06-09 16:40:35,854 - INFO - Isomorphic: True
2025-06-09 16:40:35,854 - INFO - 
Bond Length Analysis:
2025-06-09 16:40:35,854 - INFO -   Mean Error: 0.0147 ± 0.0114 Å
2025-06-09 16:40:35,854 - INFO -   Range: [0.0014, 0.0270] Å
2025-06-09 16:40:35,854 - INFO -   Classification: Normal bond fluctuations
2025-06-09 16:40:35,854 - INFO - 
Bond Angle Analysis:
2025-06-09 16:40:35,854 - INFO -   Mean Error: 1.0193 ± 0.6482°
2025-06-09 16:40:35,854 - INFO -   Range: [0.3813, 2.2755]°
2025-06-09 16:40:35,854 - INFO -   Classification: Normal angle flexibility
2025-06-09 16:40:35,854 - INFO - 
Dihedral Angle Analysis:
2025-06-09 16:40:35,854 - INFO -   Mean Error: 148.5136 ± 120.3637°
2025-06-09 16:40:35,854 - INFO -   Range: [0.2301, 248.2483]°
2025-06-09 16:40:35,854 - INFO -   Classification: Moderate conformational change
2025-06-09 16:49:07,181 - INFO - 
Deformation Analysis Summary:
2025-06-09 16:49:07,181 - INFO - ---------------------------
2025-06-09 16:49:07,181 - INFO - Chemical Formula: C6H16N2
2025-06-09 16:49:07,181 - INFO - Isomorphic: True
2025-06-09 16:49:07,181 - INFO - 
Bond Length Analysis:
2025-06-09 16:49:07,181 - INFO -   Mean Error: 0.0147 ± 0.0114 Å
2025-06-09 16:49:07,181 - INFO -   Range: [0.0014, 0.0270] Å
2025-06-09 16:49:07,181 - INFO -   Classification: Normal bond fluctuations
2025-06-09 16:49:07,181 - INFO - 
Bond Angle Analysis:
2025-06-09 16:49:07,181 - INFO -   Mean Error: 1.0193 ± 0.6482°
2025-06-09 16:49:07,181 - INFO -   Range: [0.3813, 2.2755]°
2025-06-09 16:49:07,181 - INFO -   Classification: Normal angle flexibility
2025-06-09 16:49:07,181 - INFO - 
Dihedral Angle Analysis:
2025-06-09 16:49:07,181 - INFO -   Mean Error: 148.5136 ± 120.3637°
2025-06-09 16:49:07,181 - INFO -   Range: [0.2301, 248.2483]°
2025-06-09 16:49:07,181 - INFO -   Classification: Moderate conformational change
