2025-06-09 16:39:54,496 - INFO - 
Deformation Analysis Summary:
2025-06-09 16:39:54,496 - INFO - ---------------------------
2025-06-09 16:39:54,496 - INFO - Chemical Formula: C11H28N2
2025-06-09 16:39:54,496 - INFO - Isomorphic: True
2025-06-09 16:39:54,496 - INFO - 
Bond Length Analysis:
2025-06-09 16:39:54,496 - INFO -   Mean Error: 0.0122 ± 0.0052 Å
2025-06-09 16:39:54,496 - INFO -   Range: [0.0027, 0.0237] Å
2025-06-09 16:39:54,496 - INFO -   Classification: Normal bond fluctuations
2025-06-09 16:39:54,496 - INFO - 
Bond Angle Analysis:
2025-06-09 16:39:54,496 - INFO -   Mean Error: 1.3898 ± 0.9852°
2025-06-09 16:39:54,496 - INFO -   Range: [0.0734, 3.0356]°
2025-06-09 16:39:54,496 - INFO -   Classification: Normal angle flexibility
2025-06-09 16:39:54,496 - INFO - 
Dihedral Angle Analysis:
2025-06-09 16:39:54,496 - INFO -   Mean Error: 16.1834 ± 7.2393°
2025-06-09 16:39:54,496 - INFO -   Range: [7.1047, 25.3370]°
2025-06-09 16:39:54,496 - INFO -   Classification: Local torsional oscillation
2025-06-09 16:48:28,538 - INFO - 
Deformation Analysis Summary:
2025-06-09 16:48:28,538 - INFO - ---------------------------
2025-06-09 16:48:28,538 - INFO - Chemical Formula: C11H28N2
2025-06-09 16:48:28,538 - INFO - Isomorphic: True
2025-06-09 16:48:28,538 - INFO - 
Bond Length Analysis:
2025-06-09 16:48:28,538 - INFO -   Mean Error: 0.0122 ± 0.0052 Å
2025-06-09 16:48:28,538 - INFO -   Range: [0.0027, 0.0237] Å
2025-06-09 16:48:28,538 - INFO -   Classification: Normal bond fluctuations
2025-06-09 16:48:28,538 - INFO - 
Bond Angle Analysis:
2025-06-09 16:48:28,538 - INFO -   Mean Error: 1.3898 ± 0.9852°
2025-06-09 16:48:28,538 - INFO -   Range: [0.0734, 3.0356]°
2025-06-09 16:48:28,538 - INFO -   Classification: Normal angle flexibility
2025-06-09 16:48:28,538 - INFO - 
Dihedral Angle Analysis:
2025-06-09 16:48:28,538 - INFO -   Mean Error: 16.1834 ± 7.2393°
2025-06-09 16:48:28,538 - INFO -   Range: [7.1047, 25.3370]°
2025-06-09 16:48:28,538 - INFO -   Classification: Local torsional oscillation
