2025-06-09 16:39:49,356 - INFO - 
Deformation Analysis Summary:
2025-06-09 16:39:49,356 - INFO - ---------------------------
2025-06-09 16:39:49,356 - INFO - Chemical Formula: C7H20N2
2025-06-09 16:39:49,356 - INFO - Isomorphic: True
2025-06-09 16:39:49,356 - INFO - 
Bond Length Analysis:
2025-06-09 16:39:49,356 - INFO -   Mean Error: 0.0057 ± 0.0050 Å
2025-06-09 16:39:49,356 - INFO -   Range: [0.0014, 0.0145] Å
2025-06-09 16:39:49,356 - INFO -   Classification: Normal bond fluctuations
2025-06-09 16:39:49,356 - INFO - 
Bond Angle Analysis:
2025-06-09 16:39:49,356 - INFO -   Mean Error: 1.1724 ± 0.8857°
2025-06-09 16:39:49,356 - INFO -   Range: [0.1077, 2.5076]°
2025-06-09 16:39:49,356 - INFO -   Classification: Normal angle flexibility
2025-06-09 16:39:49,356 - INFO - 
Dihedral Angle Analysis:
2025-06-09 16:39:49,356 - INFO -   Mean Error: 7.6071 ± 5.5147°
2025-06-09 16:39:49,356 - INFO -   Range: [0.0897, 16.4707]°
2025-06-09 16:39:49,356 - INFO -   Classification: Local torsional oscillation
2025-06-09 16:48:24,343 - INFO - 
Deformation Analysis Summary:
2025-06-09 16:48:24,343 - INFO - ---------------------------
2025-06-09 16:48:24,343 - INFO - Chemical Formula: C7H20N2
2025-06-09 16:48:24,343 - INFO - Isomorphic: True
2025-06-09 16:48:24,343 - INFO - 
Bond Length Analysis:
2025-06-09 16:48:24,343 - INFO -   Mean Error: 0.0057 ± 0.0050 Å
2025-06-09 16:48:24,343 - INFO -   Range: [0.0014, 0.0145] Å
2025-06-09 16:48:24,343 - INFO -   Classification: Normal bond fluctuations
2025-06-09 16:48:24,343 - INFO - 
Bond Angle Analysis:
2025-06-09 16:48:24,343 - INFO -   Mean Error: 1.1724 ± 0.8857°
2025-06-09 16:48:24,343 - INFO -   Range: [0.1077, 2.5076]°
2025-06-09 16:48:24,343 - INFO -   Classification: Normal angle flexibility
2025-06-09 16:48:24,343 - INFO - 
Dihedral Angle Analysis:
2025-06-09 16:48:24,343 - INFO -   Mean Error: 7.6071 ± 5.5147°
2025-06-09 16:48:24,343 - INFO -   Range: [0.0897, 16.4707]°
2025-06-09 16:48:24,343 - INFO -   Classification: Local torsional oscillation
