2025-06-09 16:04:17,369 - INFO - 
Deformation Analysis Summary:
2025-06-09 16:04:17,369 - INFO - ---------------------------
2025-06-09 16:04:17,369 - INFO - Chemical Formula: C10H24N2
2025-06-09 16:04:17,369 - INFO - Isomorphic: True
2025-06-09 16:04:17,369 - INFO - 
Bond Length Analysis:
2025-06-09 16:04:17,369 - INFO -   Mean Error: 0.0092 ± 0.0062 Å
2025-06-09 16:04:17,369 - INFO -   Range: [0.0005, 0.0201] Å
2025-06-09 16:04:17,369 - INFO -   Classification: Normal bond fluctuations
2025-06-09 16:04:17,369 - INFO - 
Bond Angle Analysis:
2025-06-09 16:04:17,369 - INFO -   Mean Error: 0.9976 ± 0.7756°
2025-06-09 16:04:17,369 - INFO -   Range: [0.1804, 3.0433]°
2025-06-09 16:04:17,369 - INFO -   Classification: Normal angle flexibility
2025-06-09 16:04:17,369 - INFO - 
Dihedral Angle Analysis:
2025-06-09 16:04:17,369 - INFO -   Mean Error: 77.8324 ± 120.3078°
2025-06-09 16:04:17,369 - INFO -   Range: [5.2181, 340.4545]°
2025-06-09 16:04:17,369 - INFO -   Classification: Local torsional oscillation
