2025-06-09 16:40:26,384 - INFO - 
Deformation Analysis Summary:
2025-06-09 16:40:26,384 - INFO - ---------------------------
2025-06-09 16:40:26,384 - INFO - Chemical Formula: C14H34N2
2025-06-09 16:40:26,384 - INFO - Isomorphic: True
2025-06-09 16:40:26,384 - INFO - 
Bond Length Analysis:
2025-06-09 16:40:26,384 - INFO -   Mean Error: 0.0137 ± 0.0068 Å
2025-06-09 16:40:26,384 - INFO -   Range: [0.0062, 0.0335] Å
2025-06-09 16:40:26,384 - INFO -   Classification: Normal bond fluctuations
2025-06-09 16:40:26,384 - INFO - 
Bond Angle Analysis:
2025-06-09 16:40:26,384 - INFO -   Mean Error: 1.0852 ± 0.8172°
2025-06-09 16:40:26,384 - INFO -   Range: [0.0563, 3.1529]°
2025-06-09 16:40:26,385 - INFO -   Classification: Normal angle flexibility
2025-06-09 16:40:26,385 - INFO - 
Dihedral Angle Analysis:
2025-06-09 16:40:26,385 - INFO -   Mean Error: 72.1893 ± 93.2431°
2025-06-09 16:40:26,385 - INFO -   Range: [0.0145, 248.9932]°
2025-06-09 16:40:26,385 - INFO -   Classification: Moderate conformational change
2025-06-09 16:49:01,503 - INFO - 
Deformation Analysis Summary:
2025-06-09 16:49:01,503 - INFO - ---------------------------
2025-06-09 16:49:01,503 - INFO - Chemical Formula: C14H34N2
2025-06-09 16:49:01,503 - INFO - Isomorphic: True
2025-06-09 16:49:01,503 - INFO - 
Bond Length Analysis:
2025-06-09 16:49:01,503 - INFO -   Mean Error: 0.0137 ± 0.0068 Å
2025-06-09 16:49:01,503 - INFO -   Range: [0.0062, 0.0335] Å
2025-06-09 16:49:01,503 - INFO -   Classification: Normal bond fluctuations
2025-06-09 16:49:01,503 - INFO - 
Bond Angle Analysis:
2025-06-09 16:49:01,503 - INFO -   Mean Error: 1.0852 ± 0.8172°
2025-06-09 16:49:01,503 - INFO -   Range: [0.0563, 3.1529]°
2025-06-09 16:49:01,503 - INFO -   Classification: Normal angle flexibility
2025-06-09 16:49:01,503 - INFO - 
Dihedral Angle Analysis:
2025-06-09 16:49:01,503 - INFO -   Mean Error: 72.1893 ± 93.2431°
2025-06-09 16:49:01,503 - INFO -   Range: [0.0145, 248.9932]°
2025-06-09 16:49:01,503 - INFO -   Classification: Moderate conformational change
