2025-06-09 16:40:40,347 - INFO - 
Deformation Analysis Summary:
2025-06-09 16:40:40,347 - INFO - ---------------------------
2025-06-09 16:40:40,347 - INFO - Chemical Formula: C10H18N2
2025-06-09 16:40:40,347 - INFO - Isomorphic: True
2025-06-09 16:40:40,347 - INFO - 
Bond Length Analysis:
2025-06-09 16:40:40,347 - INFO -   Mean Error: 0.0051 ± 0.0057 Å
2025-06-09 16:40:40,347 - INFO -   Range: [0.0000, 0.0173] Å
2025-06-09 16:40:40,347 - INFO -   Classification: Normal bond fluctuations
2025-06-09 16:40:40,347 - INFO - 
Bond Angle Analysis:
2025-06-09 16:40:40,347 - INFO -   Mean Error: 0.2927 ± 0.1640°
2025-06-09 16:40:40,347 - INFO -   Range: [0.0784, 0.6869]°
2025-06-09 16:40:40,347 - INFO -   Classification: Normal angle flexibility
2025-06-09 16:40:40,347 - INFO - 
Dihedral Angle Analysis:
2025-06-09 16:40:40,347 - INFO -   Mean Error: 6.9729 ± 10.4158°
2025-06-09 16:40:40,347 - INFO -   Range: [0.1283, 33.3787]°
2025-06-09 16:40:40,347 - INFO -   Classification: Local torsional oscillation
2025-06-09 16:49:13,713 - INFO - 
Deformation Analysis Summary:
2025-06-09 16:49:13,713 - INFO - ---------------------------
2025-06-09 16:49:13,713 - INFO - Chemical Formula: C10H18N2
2025-06-09 16:49:13,713 - INFO - Isomorphic: True
2025-06-09 16:49:13,713 - INFO - 
Bond Length Analysis:
2025-06-09 16:49:13,713 - INFO -   Mean Error: 0.0051 ± 0.0057 Å
2025-06-09 16:49:13,713 - INFO -   Range: [0.0000, 0.0173] Å
2025-06-09 16:49:13,713 - INFO -   Classification: Normal bond fluctuations
2025-06-09 16:49:13,713 - INFO - 
Bond Angle Analysis:
2025-06-09 16:49:13,713 - INFO -   Mean Error: 0.2927 ± 0.1640°
2025-06-09 16:49:13,713 - INFO -   Range: [0.0784, 0.6869]°
2025-06-09 16:49:13,713 - INFO -   Classification: Normal angle flexibility
2025-06-09 16:49:13,714 - INFO - 
Dihedral Angle Analysis:
2025-06-09 16:49:13,714 - INFO -   Mean Error: 6.9729 ± 10.4158°
2025-06-09 16:49:13,714 - INFO -   Range: [0.1283, 33.3787]°
2025-06-09 16:49:13,714 - INFO -   Classification: Local torsional oscillation
