2025-06-09 16:04:19,867 - INFO - 
Deformation Analysis Summary:
2025-06-09 16:04:19,867 - INFO - ---------------------------
2025-06-09 16:04:19,867 - INFO - Chemical Formula: C3H12N2
2025-06-09 16:04:19,867 - INFO - Isomorphic: True
2025-06-09 16:04:19,867 - INFO - 
Bond Length Analysis:
2025-06-09 16:04:19,867 - INFO -   Mean Error: 0.0121 ± 0.0070 Å
2025-06-09 16:04:19,867 - INFO -   Range: [0.0048, 0.0211] Å
2025-06-09 16:04:19,867 - INFO -   Classification: Normal bond fluctuations
2025-06-09 16:04:19,867 - INFO - 
Bond Angle Analysis:
2025-06-09 16:04:19,867 - INFO -   Mean Error: 4.4016 ± 1.1927°
2025-06-09 16:04:19,867 - INFO -   Range: [3.2445, 6.0429]°
2025-06-09 16:04:19,867 - INFO -   Classification: Normal angle flexibility
2025-06-09 16:04:19,867 - INFO - 
Dihedral Angle Analysis:
2025-06-09 16:04:19,867 - INFO -   Mean Error: 0.3872 ± 0.0461°
2025-06-09 16:04:19,867 - INFO -   Range: [0.3411, 0.4333]°
2025-06-09 16:04:19,867 - INFO -   Classification: Local torsional oscillation
