2025-06-09 16:39:35,072 - INFO - 
Deformation Analysis Summary:
2025-06-09 16:39:35,072 - INFO - ---------------------------
2025-06-09 16:39:35,072 - INFO - Chemical Formula: C5H16N2
2025-06-09 16:39:35,072 - INFO - Isomorphic: True
2025-06-09 16:39:35,072 - INFO - 
Bond Length Analysis:
2025-06-09 16:39:35,072 - INFO -   Mean Error: 0.0184 ± 0.0120 Å
2025-06-09 16:39:35,072 - INFO -   Range: [0.0018, 0.0343] Å
2025-06-09 16:39:35,072 - INFO -   Classification: Normal bond fluctuations
2025-06-09 16:39:35,072 - INFO - 
Bond Angle Analysis:
2025-06-09 16:39:35,072 - INFO -   Mean Error: 1.1897 ± 0.7512°
2025-06-09 16:39:35,072 - INFO -   Range: [0.0850, 2.6029]°
2025-06-09 16:39:35,072 - INFO -   Classification: Normal angle flexibility
2025-06-09 16:39:35,072 - INFO - 
Dihedral Angle Analysis:
2025-06-09 16:39:35,072 - INFO -   Mean Error: 160.6085 ± 108.4122°
2025-06-09 16:39:35,072 - INFO -   Range: [4.9841, 246.0947]°
2025-06-09 16:39:35,072 - INFO -   Classification: Moderate conformational change
2025-06-09 16:48:10,784 - INFO - 
Deformation Analysis Summary:
2025-06-09 16:48:10,784 - INFO - ---------------------------
2025-06-09 16:48:10,784 - INFO - Chemical Formula: C5H16N2
2025-06-09 16:48:10,784 - INFO - Isomorphic: True
2025-06-09 16:48:10,784 - INFO - 
Bond Length Analysis:
2025-06-09 16:48:10,784 - INFO -   Mean Error: 0.0184 ± 0.0120 Å
2025-06-09 16:48:10,784 - INFO -   Range: [0.0018, 0.0343] Å
2025-06-09 16:48:10,784 - INFO -   Classification: Normal bond fluctuations
2025-06-09 16:48:10,784 - INFO - 
Bond Angle Analysis:
2025-06-09 16:48:10,784 - INFO -   Mean Error: 1.1897 ± 0.7512°
2025-06-09 16:48:10,784 - INFO -   Range: [0.0850, 2.6029]°
2025-06-09 16:48:10,784 - INFO -   Classification: Normal angle flexibility
2025-06-09 16:48:10,784 - INFO - 
Dihedral Angle Analysis:
2025-06-09 16:48:10,784 - INFO -   Mean Error: 160.6085 ± 108.4122°
2025-06-09 16:48:10,784 - INFO -   Range: [4.9841, 246.0947]°
2025-06-09 16:48:10,784 - INFO -   Classification: Moderate conformational change
