2025-06-09 16:40:03,949 - INFO - 
Deformation Analysis Summary:
2025-06-09 16:40:03,949 - INFO - ---------------------------
2025-06-09 16:40:03,949 - INFO - Chemical Formula: C6H18N2
2025-06-09 16:40:03,949 - INFO - Isomorphic: True
2025-06-09 16:40:03,950 - INFO - 
Bond Length Analysis:
2025-06-09 16:40:03,950 - INFO -   Mean Error: 0.0099 ± 0.0048 Å
2025-06-09 16:40:03,950 - INFO -   Range: [0.0050, 0.0172] Å
2025-06-09 16:40:03,950 - INFO -   Classification: Normal bond fluctuations
2025-06-09 16:40:03,950 - INFO - 
Bond Angle Analysis:
2025-06-09 16:40:03,950 - INFO -   Mean Error: 0.4417 ± 0.2925°
2025-06-09 16:40:03,950 - INFO -   Range: [0.0697, 0.8924]°
2025-06-09 16:40:03,950 - INFO -   Classification: Normal angle flexibility
2025-06-09 16:40:03,950 - INFO - 
Dihedral Angle Analysis:
2025-06-09 16:40:03,950 - INFO -   Mean Error: 9.8551 ± 8.5804°
2025-06-09 16:40:03,950 - INFO -   Range: [0.3035, 24.8800]°
2025-06-09 16:40:03,950 - INFO -   Classification: Local torsional oscillation
2025-06-09 16:48:36,453 - INFO - 
Deformation Analysis Summary:
2025-06-09 16:48:36,453 - INFO - ---------------------------
2025-06-09 16:48:36,453 - INFO - Chemical Formula: C6H18N2
2025-06-09 16:48:36,453 - INFO - Isomorphic: True
2025-06-09 16:48:36,453 - INFO - 
Bond Length Analysis:
2025-06-09 16:48:36,453 - INFO -   Mean Error: 0.0099 ± 0.0048 Å
2025-06-09 16:48:36,453 - INFO -   Range: [0.0050, 0.0172] Å
2025-06-09 16:48:36,453 - INFO -   Classification: Normal bond fluctuations
2025-06-09 16:48:36,453 - INFO - 
Bond Angle Analysis:
2025-06-09 16:48:36,453 - INFO -   Mean Error: 0.4417 ± 0.2925°
2025-06-09 16:48:36,453 - INFO -   Range: [0.0697, 0.8924]°
2025-06-09 16:48:36,453 - INFO -   Classification: Normal angle flexibility
2025-06-09 16:48:36,453 - INFO - 
Dihedral Angle Analysis:
2025-06-09 16:48:36,453 - INFO -   Mean Error: 9.8551 ± 8.5804°
2025-06-09 16:48:36,453 - INFO -   Range: [0.3035, 24.8800]°
2025-06-09 16:48:36,453 - INFO -   Classification: Local torsional oscillation
