2025-06-09 16:04:17,771 - INFO - 
Deformation Analysis Summary:
2025-06-09 16:04:17,771 - INFO - ---------------------------
2025-06-09 16:04:17,771 - INFO - Chemical Formula: C10H26N2
2025-06-09 16:04:17,771 - INFO - Isomorphic: True
2025-06-09 16:04:17,771 - INFO - 
Bond Length Analysis:
2025-06-09 16:04:17,771 - INFO -   Mean Error: 0.0071 ± 0.0055 Å
2025-06-09 16:04:17,771 - INFO -   Range: [0.0019, 0.0190] Å
2025-06-09 16:04:17,771 - INFO -   Classification: Normal bond fluctuations
2025-06-09 16:04:17,771 - INFO - 
Bond Angle Analysis:
2025-06-09 16:04:17,771 - INFO -   Mean Error: 0.8731 ± 0.6458°
2025-06-09 16:04:17,771 - INFO -   Range: [0.2518, 2.1978]°
2025-06-09 16:04:17,771 - INFO -   Classification: Normal angle flexibility
2025-06-09 16:04:17,771 - INFO - 
Dihedral Angle Analysis:
2025-06-09 16:04:17,771 - INFO -   Mean Error: 147.0348 ± 112.7205°
2025-06-09 16:04:17,771 - INFO -   Range: [1.6899, 260.4437]°
2025-06-09 16:04:17,771 - INFO -   Classification: Moderate conformational change
