2025-06-09 16:39:31,947 - INFO - 
Deformation Analysis Summary:
2025-06-09 16:39:31,947 - INFO - ---------------------------
2025-06-09 16:39:31,947 - INFO - Chemical Formula: C12H30N2
2025-06-09 16:39:31,947 - INFO - Isomorphic: True
2025-06-09 16:39:31,947 - INFO - 
Bond Length Analysis:
2025-06-09 16:39:31,947 - INFO -   Mean Error: 0.0107 ± 0.0073 Å
2025-06-09 16:39:31,947 - INFO -   Range: [0.0021, 0.0252] Å
2025-06-09 16:39:31,947 - INFO -   Classification: Normal bond fluctuations
2025-06-09 16:39:31,947 - INFO - 
Bond Angle Analysis:
2025-06-09 16:39:31,947 - INFO -   Mean Error: 2.2131 ± 1.3319°
2025-06-09 16:39:31,947 - INFO -   Range: [0.0279, 5.1734]°
2025-06-09 16:39:31,948 - INFO -   Classification: Normal angle flexibility
2025-06-09 16:39:31,948 - INFO - 
Dihedral Angle Analysis:
2025-06-09 16:39:31,948 - INFO -   Mean Error: 133.0450 ± 113.4691°
2025-06-09 16:39:31,948 - INFO -   Range: [6.3449, 255.7522]°
2025-06-09 16:39:31,948 - INFO -   Classification: Moderate conformational change
2025-06-09 16:48:07,817 - INFO - 
Deformation Analysis Summary:
2025-06-09 16:48:07,818 - INFO - ---------------------------
2025-06-09 16:48:07,818 - INFO - Chemical Formula: C12H30N2
2025-06-09 16:48:07,818 - INFO - Isomorphic: True
2025-06-09 16:48:07,818 - INFO - 
Bond Length Analysis:
2025-06-09 16:48:07,818 - INFO -   Mean Error: 0.0107 ± 0.0073 Å
2025-06-09 16:48:07,818 - INFO -   Range: [0.0021, 0.0252] Å
2025-06-09 16:48:07,818 - INFO -   Classification: Normal bond fluctuations
2025-06-09 16:48:07,818 - INFO - 
Bond Angle Analysis:
2025-06-09 16:48:07,818 - INFO -   Mean Error: 2.2131 ± 1.3319°
2025-06-09 16:48:07,818 - INFO -   Range: [0.0279, 5.1734]°
2025-06-09 16:48:07,818 - INFO -   Classification: Normal angle flexibility
2025-06-09 16:48:07,818 - INFO - 
Dihedral Angle Analysis:
2025-06-09 16:48:07,818 - INFO -   Mean Error: 133.0450 ± 113.4691°
2025-06-09 16:48:07,818 - INFO -   Range: [6.3449, 255.7522]°
2025-06-09 16:48:07,818 - INFO -   Classification: Moderate conformational change
