2025-06-09 16:40:41,319 - INFO - 
Deformation Analysis Summary:
2025-06-09 16:40:41,319 - INFO - ---------------------------
2025-06-09 16:40:41,319 - INFO - Chemical Formula: C14H34N2
2025-06-09 16:40:41,319 - INFO - Isomorphic: True
2025-06-09 16:40:41,319 - INFO - 
Bond Length Analysis:
2025-06-09 16:40:41,319 - INFO -   Mean Error: 0.0106 ± 0.0066 Å
2025-06-09 16:40:41,319 - INFO -   Range: [0.0012, 0.0233] Å
2025-06-09 16:40:41,319 - INFO -   Classification: Normal bond fluctuations
2025-06-09 16:40:41,319 - INFO - 
Bond Angle Analysis:
2025-06-09 16:40:41,319 - INFO -   Mean Error: 1.7303 ± 0.8131°
2025-06-09 16:40:41,319 - INFO -   Range: [0.2623, 3.3990]°
2025-06-09 16:40:41,319 - INFO -   Classification: Normal angle flexibility
2025-06-09 16:40:41,319 - INFO - 
Dihedral Angle Analysis:
2025-06-09 16:40:41,320 - INFO -   Mean Error: 72.7475 ± 92.3368°
2025-06-09 16:40:41,320 - INFO -   Range: [0.3810, 245.8849]°
2025-06-09 16:40:41,320 - INFO -   Classification: Moderate conformational change
2025-06-09 16:49:15,399 - INFO - 
Deformation Analysis Summary:
2025-06-09 16:49:15,399 - INFO - ---------------------------
2025-06-09 16:49:15,399 - INFO - Chemical Formula: C14H34N2
2025-06-09 16:49:15,399 - INFO - Isomorphic: True
2025-06-09 16:49:15,399 - INFO - 
Bond Length Analysis:
2025-06-09 16:49:15,399 - INFO -   Mean Error: 0.0106 ± 0.0066 Å
2025-06-09 16:49:15,399 - INFO -   Range: [0.0012, 0.0233] Å
2025-06-09 16:49:15,399 - INFO -   Classification: Normal bond fluctuations
2025-06-09 16:49:15,399 - INFO - 
Bond Angle Analysis:
2025-06-09 16:49:15,399 - INFO -   Mean Error: 1.7303 ± 0.8131°
2025-06-09 16:49:15,400 - INFO -   Range: [0.2623, 3.3990]°
2025-06-09 16:49:15,400 - INFO -   Classification: Normal angle flexibility
2025-06-09 16:49:15,400 - INFO - 
Dihedral Angle Analysis:
2025-06-09 16:49:15,400 - INFO -   Mean Error: 72.7475 ± 92.3368°
2025-06-09 16:49:15,400 - INFO -   Range: [0.3810, 245.8849]°
2025-06-09 16:49:15,400 - INFO -   Classification: Moderate conformational change
