2025-06-09 16:39:45,156 - INFO - 
Deformation Analysis Summary:
2025-06-09 16:39:45,156 - INFO - ---------------------------
2025-06-09 16:39:45,156 - INFO - Chemical Formula: C8H22N2
2025-06-09 16:39:45,156 - INFO - Isomorphic: True
2025-06-09 16:39:45,156 - INFO - 
Bond Length Analysis:
2025-06-09 16:39:45,156 - INFO -   Mean Error: 0.0084 ± 0.0039 Å
2025-06-09 16:39:45,156 - INFO -   Range: [0.0009, 0.0147] Å
2025-06-09 16:39:45,156 - INFO -   Classification: Normal bond fluctuations
2025-06-09 16:39:45,156 - INFO - 
Bond Angle Analysis:
2025-06-09 16:39:45,156 - INFO -   Mean Error: 1.1341 ± 0.7904°
2025-06-09 16:39:45,156 - INFO -   Range: [0.1677, 2.6989]°
2025-06-09 16:39:45,156 - INFO -   Classification: Normal angle flexibility
2025-06-09 16:39:45,156 - INFO - 
Dihedral Angle Analysis:
2025-06-09 16:39:45,156 - INFO -   Mean Error: 102.0968 ± 94.7159°
2025-06-09 16:39:45,156 - INFO -   Range: [0.3319, 247.8833]°
2025-06-09 16:39:45,156 - INFO -   Classification: Moderate conformational change
2025-06-09 16:48:18,768 - INFO - 
Deformation Analysis Summary:
2025-06-09 16:48:18,768 - INFO - ---------------------------
2025-06-09 16:48:18,768 - INFO - Chemical Formula: C8H22N2
2025-06-09 16:48:18,768 - INFO - Isomorphic: True
2025-06-09 16:48:18,768 - INFO - 
Bond Length Analysis:
2025-06-09 16:48:18,768 - INFO -   Mean Error: 0.0084 ± 0.0039 Å
2025-06-09 16:48:18,768 - INFO -   Range: [0.0009, 0.0147] Å
2025-06-09 16:48:18,768 - INFO -   Classification: Normal bond fluctuations
2025-06-09 16:48:18,768 - INFO - 
Bond Angle Analysis:
2025-06-09 16:48:18,768 - INFO -   Mean Error: 1.1341 ± 0.7904°
2025-06-09 16:48:18,768 - INFO -   Range: [0.1677, 2.6989]°
2025-06-09 16:48:18,769 - INFO -   Classification: Normal angle flexibility
2025-06-09 16:48:18,769 - INFO - 
Dihedral Angle Analysis:
2025-06-09 16:48:18,769 - INFO -   Mean Error: 102.0968 ± 94.7159°
2025-06-09 16:48:18,769 - INFO -   Range: [0.3319, 247.8833]°
2025-06-09 16:48:18,769 - INFO -   Classification: Moderate conformational change
