2025-06-09 16:39:50,032 - INFO - 
Deformation Analysis Summary:
2025-06-09 16:39:50,032 - INFO - ---------------------------
2025-06-09 16:39:50,032 - INFO - Chemical Formula: C12H30N2
2025-06-09 16:39:50,032 - INFO - Isomorphic: True
2025-06-09 16:39:50,032 - INFO - 
Bond Length Analysis:
2025-06-09 16:39:50,032 - INFO -   Mean Error: 0.0120 ± 0.0044 Å
2025-06-09 16:39:50,032 - INFO -   Range: [0.0059, 0.0212] Å
2025-06-09 16:39:50,032 - INFO -   Classification: Normal bond fluctuations
2025-06-09 16:39:50,032 - INFO - 
Bond Angle Analysis:
2025-06-09 16:39:50,032 - INFO -   Mean Error: 0.8525 ± 0.9011°
2025-06-09 16:39:50,032 - INFO -   Range: [0.0528, 3.5223]°
2025-06-09 16:39:50,032 - INFO -   Classification: Normal angle flexibility
2025-06-09 16:39:50,032 - INFO - 
Dihedral Angle Analysis:
2025-06-09 16:39:50,032 - INFO -   Mean Error: 129.5288 ± 117.5594°
2025-06-09 16:39:50,032 - INFO -   Range: [0.4227, 249.4711]°
2025-06-09 16:39:50,032 - INFO -   Classification: Moderate conformational change
2025-06-09 16:48:25,318 - INFO - 
Deformation Analysis Summary:
2025-06-09 16:48:25,318 - INFO - ---------------------------
2025-06-09 16:48:25,318 - INFO - Chemical Formula: C12H30N2
2025-06-09 16:48:25,318 - INFO - Isomorphic: True
2025-06-09 16:48:25,318 - INFO - 
Bond Length Analysis:
2025-06-09 16:48:25,318 - INFO -   Mean Error: 0.0120 ± 0.0044 Å
2025-06-09 16:48:25,318 - INFO -   Range: [0.0059, 0.0212] Å
2025-06-09 16:48:25,318 - INFO -   Classification: Normal bond fluctuations
2025-06-09 16:48:25,318 - INFO - 
Bond Angle Analysis:
2025-06-09 16:48:25,318 - INFO -   Mean Error: 0.8525 ± 0.9011°
2025-06-09 16:48:25,318 - INFO -   Range: [0.0528, 3.5223]°
2025-06-09 16:48:25,318 - INFO -   Classification: Normal angle flexibility
2025-06-09 16:48:25,318 - INFO - 
Dihedral Angle Analysis:
2025-06-09 16:48:25,318 - INFO -   Mean Error: 129.5288 ± 117.5594°
2025-06-09 16:48:25,318 - INFO -   Range: [0.4227, 249.4711]°
2025-06-09 16:48:25,318 - INFO -   Classification: Moderate conformational change
