2025-06-09 16:40:09,833 - INFO - 
Deformation Analysis Summary:
2025-06-09 16:40:09,833 - INFO - ---------------------------
2025-06-09 16:40:09,833 - INFO - Chemical Formula: C14H34N2
2025-06-09 16:40:09,833 - INFO - Isomorphic: True
2025-06-09 16:40:09,833 - INFO - 
Bond Length Analysis:
2025-06-09 16:40:09,833 - INFO -   Mean Error: 0.0074 ± 0.0047 Å
2025-06-09 16:40:09,833 - INFO -   Range: [0.0021, 0.0203] Å
2025-06-09 16:40:09,833 - INFO -   Classification: Normal bond fluctuations
2025-06-09 16:40:09,833 - INFO - 
Bond Angle Analysis:
2025-06-09 16:40:09,833 - INFO -   Mean Error: 0.7096 ± 0.7262°
2025-06-09 16:40:09,833 - INFO -   Range: [0.0670, 3.4074]°
2025-06-09 16:40:09,833 - INFO -   Classification: Normal angle flexibility
2025-06-09 16:40:09,833 - INFO - 
Dihedral Angle Analysis:
2025-06-09 16:40:09,833 - INFO -   Mean Error: 10.8012 ± 22.5949°
2025-06-09 16:40:09,833 - INFO -   Range: [0.8650, 108.6546]°
2025-06-09 16:40:09,833 - INFO -   Classification: Local torsional oscillation
2025-06-09 16:48:44,571 - INFO - 
Deformation Analysis Summary:
2025-06-09 16:48:44,571 - INFO - ---------------------------
2025-06-09 16:48:44,571 - INFO - Chemical Formula: C14H34N2
2025-06-09 16:48:44,571 - INFO - Isomorphic: True
2025-06-09 16:48:44,571 - INFO - 
Bond Length Analysis:
2025-06-09 16:48:44,571 - INFO -   Mean Error: 0.0074 ± 0.0047 Å
2025-06-09 16:48:44,571 - INFO -   Range: [0.0021, 0.0203] Å
2025-06-09 16:48:44,571 - INFO -   Classification: Normal bond fluctuations
2025-06-09 16:48:44,571 - INFO - 
Bond Angle Analysis:
2025-06-09 16:48:44,571 - INFO -   Mean Error: 0.7096 ± 0.7262°
2025-06-09 16:48:44,571 - INFO -   Range: [0.0670, 3.4074]°
2025-06-09 16:48:44,571 - INFO -   Classification: Normal angle flexibility
2025-06-09 16:48:44,571 - INFO - 
Dihedral Angle Analysis:
2025-06-09 16:48:44,571 - INFO -   Mean Error: 10.8012 ± 22.5949°
2025-06-09 16:48:44,571 - INFO -   Range: [0.8650, 108.6546]°
2025-06-09 16:48:44,571 - INFO -   Classification: Local torsional oscillation
