2025-06-09 16:40:45,904 - INFO - 
Deformation Analysis Summary:
2025-06-09 16:40:45,904 - INFO - ---------------------------
2025-06-09 16:40:45,904 - INFO - Chemical Formula: C6H18N2
2025-06-09 16:40:45,904 - INFO - Isomorphic: True
2025-06-09 16:40:45,904 - INFO - 
Bond Length Analysis:
2025-06-09 16:40:45,904 - INFO -   Mean Error: 0.0112 ± 0.0082 Å
2025-06-09 16:40:45,904 - INFO -   Range: [0.0020, 0.0244] Å
2025-06-09 16:40:45,904 - INFO -   Classification: Normal bond fluctuations
2025-06-09 16:40:45,904 - INFO - 
Bond Angle Analysis:
2025-06-09 16:40:45,904 - INFO -   Mean Error: 1.2546 ± 0.7348°
2025-06-09 16:40:45,904 - INFO -   Range: [0.5635, 2.3222]°
2025-06-09 16:40:45,904 - INFO -   Classification: Normal angle flexibility
2025-06-09 16:40:45,904 - INFO - 
Dihedral Angle Analysis:
2025-06-09 16:40:45,904 - INFO -   Mean Error: 1.9613 ± 1.3577°
2025-06-09 16:40:45,904 - INFO -   Range: [0.3311, 3.9226]°
2025-06-09 16:40:45,904 - INFO -   Classification: Local torsional oscillation
2025-06-09 16:49:20,200 - INFO - 
Deformation Analysis Summary:
2025-06-09 16:49:20,200 - INFO - ---------------------------
2025-06-09 16:49:20,200 - INFO - Chemical Formula: C6H18N2
2025-06-09 16:49:20,200 - INFO - Isomorphic: True
2025-06-09 16:49:20,200 - INFO - 
Bond Length Analysis:
2025-06-09 16:49:20,200 - INFO -   Mean Error: 0.0112 ± 0.0082 Å
2025-06-09 16:49:20,200 - INFO -   Range: [0.0020, 0.0244] Å
2025-06-09 16:49:20,201 - INFO -   Classification: Normal bond fluctuations
2025-06-09 16:49:20,201 - INFO - 
Bond Angle Analysis:
2025-06-09 16:49:20,201 - INFO -   Mean Error: 1.2546 ± 0.7348°
2025-06-09 16:49:20,201 - INFO -   Range: [0.5635, 2.3222]°
2025-06-09 16:49:20,201 - INFO -   Classification: Normal angle flexibility
2025-06-09 16:49:20,201 - INFO - 
Dihedral Angle Analysis:
2025-06-09 16:49:20,201 - INFO -   Mean Error: 1.9613 ± 1.3577°
2025-06-09 16:49:20,201 - INFO -   Range: [0.3311, 3.9226]°
2025-06-09 16:49:20,201 - INFO -   Classification: Local torsional oscillation
