2025-06-09 16:39:49,788 - INFO - 
Deformation Analysis Summary:
2025-06-09 16:39:49,789 - INFO - ---------------------------
2025-06-09 16:39:49,789 - INFO - Chemical Formula: C7H20N2
2025-06-09 16:39:49,789 - INFO - Isomorphic: True
2025-06-09 16:39:49,789 - INFO - 
Bond Length Analysis:
2025-06-09 16:39:49,789 - INFO -   Mean Error: 0.0144 ± 0.0083 Å
2025-06-09 16:39:49,789 - INFO -   Range: [0.0029, 0.0272] Å
2025-06-09 16:39:49,789 - INFO -   Classification: Normal bond fluctuations
2025-06-09 16:39:49,789 - INFO - 
Bond Angle Analysis:
2025-06-09 16:39:49,789 - INFO -   Mean Error: 1.3209 ± 0.9976°
2025-06-09 16:39:49,789 - INFO -   Range: [0.0281, 3.1321]°
2025-06-09 16:39:49,789 - INFO -   Classification: Normal angle flexibility
2025-06-09 16:39:49,789 - INFO - 
Dihedral Angle Analysis:
2025-06-09 16:39:49,789 - INFO -   Mean Error: 122.6207 ± 115.5065°
2025-06-09 16:39:49,789 - INFO -   Range: [5.0842, 245.5824]°
2025-06-09 16:39:49,789 - INFO -   Classification: Moderate conformational change
2025-06-09 16:48:25,066 - INFO - 
Deformation Analysis Summary:
2025-06-09 16:48:25,066 - INFO - ---------------------------
2025-06-09 16:48:25,066 - INFO - Chemical Formula: C7H20N2
2025-06-09 16:48:25,066 - INFO - Isomorphic: True
2025-06-09 16:48:25,066 - INFO - 
Bond Length Analysis:
2025-06-09 16:48:25,066 - INFO -   Mean Error: 0.0144 ± 0.0083 Å
2025-06-09 16:48:25,066 - INFO -   Range: [0.0029, 0.0272] Å
2025-06-09 16:48:25,066 - INFO -   Classification: Normal bond fluctuations
2025-06-09 16:48:25,066 - INFO - 
Bond Angle Analysis:
2025-06-09 16:48:25,066 - INFO -   Mean Error: 1.3209 ± 0.9976°
2025-06-09 16:48:25,066 - INFO -   Range: [0.0281, 3.1321]°
2025-06-09 16:48:25,066 - INFO -   Classification: Normal angle flexibility
2025-06-09 16:48:25,066 - INFO - 
Dihedral Angle Analysis:
2025-06-09 16:48:25,067 - INFO -   Mean Error: 122.6207 ± 115.5065°
2025-06-09 16:48:25,067 - INFO -   Range: [5.0842, 245.5824]°
2025-06-09 16:48:25,067 - INFO -   Classification: Moderate conformational change
