2025-06-09 16:40:23,113 - INFO - 
Deformation Analysis Summary:
2025-06-09 16:40:23,113 - INFO - ---------------------------
2025-06-09 16:40:23,113 - INFO - Chemical Formula: C6H16N2
2025-06-09 16:40:23,113 - INFO - Isomorphic: True
2025-06-09 16:40:23,113 - INFO - 
Bond Length Analysis:
2025-06-09 16:40:23,114 - INFO -   Mean Error: 0.0174 ± 0.0103 Å
2025-06-09 16:40:23,114 - INFO -   Range: [0.0059, 0.0304] Å
2025-06-09 16:40:23,114 - INFO -   Classification: Normal bond fluctuations
2025-06-09 16:40:23,114 - INFO - 
Bond Angle Analysis:
2025-06-09 16:40:23,114 - INFO -   Mean Error: 1.6755 ± 0.9420°
2025-06-09 16:40:23,114 - INFO -   Range: [0.0248, 2.8477]°
2025-06-09 16:40:23,114 - INFO -   Classification: Normal angle flexibility
2025-06-09 16:40:23,114 - INFO - 
Dihedral Angle Analysis:
2025-06-09 16:40:23,114 - INFO -   Mean Error: 147.8559 ± 119.2467°
2025-06-09 16:40:23,114 - INFO -   Range: [0.1170, 246.1453]°
2025-06-09 16:40:23,114 - INFO -   Classification: Moderate conformational change
2025-06-09 16:48:56,831 - INFO - 
Deformation Analysis Summary:
2025-06-09 16:48:56,831 - INFO - ---------------------------
2025-06-09 16:48:56,831 - INFO - Chemical Formula: C6H16N2
2025-06-09 16:48:56,831 - INFO - Isomorphic: True
2025-06-09 16:48:56,831 - INFO - 
Bond Length Analysis:
2025-06-09 16:48:56,831 - INFO -   Mean Error: 0.0174 ± 0.0103 Å
2025-06-09 16:48:56,831 - INFO -   Range: [0.0059, 0.0304] Å
2025-06-09 16:48:56,831 - INFO -   Classification: Normal bond fluctuations
2025-06-09 16:48:56,831 - INFO - 
Bond Angle Analysis:
2025-06-09 16:48:56,831 - INFO -   Mean Error: 1.6755 ± 0.9420°
2025-06-09 16:48:56,831 - INFO -   Range: [0.0248, 2.8477]°
2025-06-09 16:48:56,831 - INFO -   Classification: Normal angle flexibility
2025-06-09 16:48:56,831 - INFO - 
Dihedral Angle Analysis:
2025-06-09 16:48:56,831 - INFO -   Mean Error: 147.8559 ± 119.2467°
2025-06-09 16:48:56,831 - INFO -   Range: [0.1170, 246.1453]°
2025-06-09 16:48:56,832 - INFO -   Classification: Moderate conformational change
