2025-06-09 16:04:16,541 - INFO - 
Deformation Analysis Summary:
2025-06-09 16:04:16,541 - INFO - ---------------------------
2025-06-09 16:04:16,541 - INFO - Chemical Formula: C10H24N2
2025-06-09 16:04:16,541 - INFO - Isomorphic: True
2025-06-09 16:04:16,541 - INFO - 
Bond Length Analysis:
2025-06-09 16:04:16,541 - INFO -   Mean Error: 0.0128 ± 0.0081 Å
2025-06-09 16:04:16,541 - INFO -   Range: [0.0015, 0.0256] Å
2025-06-09 16:04:16,541 - INFO -   Classification: Normal bond fluctuations
2025-06-09 16:04:16,541 - INFO - 
Bond Angle Analysis:
2025-06-09 16:04:16,541 - INFO -   Mean Error: 2.1956 ± 1.5646°
2025-06-09 16:04:16,541 - INFO -   Range: [0.1656, 5.7881]°
2025-06-09 16:04:16,541 - INFO -   Classification: Normal angle flexibility
2025-06-09 16:04:16,541 - INFO - 
Dihedral Angle Analysis:
2025-06-09 16:04:16,541 - INFO -   Mean Error: 62.6054 ± 67.4183°
2025-06-09 16:04:16,541 - INFO -   Range: [7.8653, 242.3487]°
2025-06-09 16:04:16,541 - INFO -   Classification: Moderate conformational change
