2025-06-09 16:39:44,546 - INFO - 
Deformation Analysis Summary:
2025-06-09 16:39:44,546 - INFO - ---------------------------
2025-06-09 16:39:44,546 - INFO - Chemical Formula: C12H22N2
2025-06-09 16:39:44,546 - INFO - Isomorphic: True
2025-06-09 16:39:44,546 - INFO - 
Bond Length Analysis:
2025-06-09 16:39:44,546 - INFO -   Mean Error: 0.0089 ± 0.0060 Å
2025-06-09 16:39:44,546 - INFO -   Range: [0.0015, 0.0209] Å
2025-06-09 16:39:44,546 - INFO -   Classification: Normal bond fluctuations
2025-06-09 16:39:44,546 - INFO - 
Bond Angle Analysis:
2025-06-09 16:39:44,546 - INFO -   Mean Error: 0.3013 ± 0.4001°
2025-06-09 16:39:44,546 - INFO -   Range: [0.0250, 1.6255]°
2025-06-09 16:39:44,546 - INFO -   Classification: Normal angle flexibility
2025-06-09 16:39:44,546 - INFO - 
Dihedral Angle Analysis:
2025-06-09 16:39:44,546 - INFO -   Mean Error: 102.6306 ± 135.8075°
2025-06-09 16:39:44,546 - INFO -   Range: [0.2274, 358.8209]°
2025-06-09 16:39:44,546 - INFO -   Classification: Moderate conformational change
2025-06-09 16:48:18,106 - INFO - 
Deformation Analysis Summary:
2025-06-09 16:48:18,107 - INFO - ---------------------------
2025-06-09 16:48:18,107 - INFO - Chemical Formula: C12H22N2
2025-06-09 16:48:18,107 - INFO - Isomorphic: True
2025-06-09 16:48:18,107 - INFO - 
Bond Length Analysis:
2025-06-09 16:48:18,107 - INFO -   Mean Error: 0.0089 ± 0.0060 Å
2025-06-09 16:48:18,107 - INFO -   Range: [0.0015, 0.0209] Å
2025-06-09 16:48:18,107 - INFO -   Classification: Normal bond fluctuations
2025-06-09 16:48:18,107 - INFO - 
Bond Angle Analysis:
2025-06-09 16:48:18,107 - INFO -   Mean Error: 0.3013 ± 0.4001°
2025-06-09 16:48:18,107 - INFO -   Range: [0.0250, 1.6255]°
2025-06-09 16:48:18,107 - INFO -   Classification: Normal angle flexibility
2025-06-09 16:48:18,107 - INFO - 
Dihedral Angle Analysis:
2025-06-09 16:48:18,107 - INFO -   Mean Error: 102.6306 ± 135.8075°
2025-06-09 16:48:18,107 - INFO -   Range: [0.2274, 358.8209]°
2025-06-09 16:48:18,107 - INFO -   Classification: Moderate conformational change
