2025-06-09 16:40:02,494 - INFO - 
Deformation Analysis Summary:
2025-06-09 16:40:02,494 - INFO - ---------------------------
2025-06-09 16:40:02,494 - INFO - Chemical Formula: C9H24N2
2025-06-09 16:40:02,495 - INFO - Isomorphic: True
2025-06-09 16:40:02,495 - INFO - 
Bond Length Analysis:
2025-06-09 16:40:02,495 - INFO -   Mean Error: 0.0089 ± 0.0056 Å
2025-06-09 16:40:02,495 - INFO -   Range: [0.0029, 0.0182] Å
2025-06-09 16:40:02,495 - INFO -   Classification: Normal bond fluctuations
2025-06-09 16:40:02,495 - INFO - 
Bond Angle Analysis:
2025-06-09 16:40:02,495 - INFO -   Mean Error: 1.9296 ± 1.4218°
2025-06-09 16:40:02,495 - INFO -   Range: [0.0197, 4.0858]°
2025-06-09 16:40:02,495 - INFO -   Classification: Normal angle flexibility
2025-06-09 16:40:02,495 - INFO - 
Dihedral Angle Analysis:
2025-06-09 16:40:02,495 - INFO -   Mean Error: 101.6707 ± 112.8168°
2025-06-09 16:40:02,495 - INFO -   Range: [1.1393, 254.9469]°
2025-06-09 16:40:02,495 - INFO -   Classification: Moderate conformational change
2025-06-09 16:48:33,945 - INFO - 
Deformation Analysis Summary:
2025-06-09 16:48:33,945 - INFO - ---------------------------
2025-06-09 16:48:33,945 - INFO - Chemical Formula: C9H24N2
2025-06-09 16:48:33,946 - INFO - Isomorphic: True
2025-06-09 16:48:33,946 - INFO - 
Bond Length Analysis:
2025-06-09 16:48:33,946 - INFO -   Mean Error: 0.0089 ± 0.0056 Å
2025-06-09 16:48:33,946 - INFO -   Range: [0.0029, 0.0182] Å
2025-06-09 16:48:33,946 - INFO -   Classification: Normal bond fluctuations
2025-06-09 16:48:33,946 - INFO - 
Bond Angle Analysis:
2025-06-09 16:48:33,946 - INFO -   Mean Error: 1.9296 ± 1.4218°
2025-06-09 16:48:33,946 - INFO -   Range: [0.0197, 4.0858]°
2025-06-09 16:48:33,946 - INFO -   Classification: Normal angle flexibility
2025-06-09 16:48:33,946 - INFO - 
Dihedral Angle Analysis:
2025-06-09 16:48:33,946 - INFO -   Mean Error: 101.6707 ± 112.8168°
2025-06-09 16:48:33,946 - INFO -   Range: [1.1393, 254.9469]°
2025-06-09 16:48:33,946 - INFO -   Classification: Moderate conformational change
