2025-06-09 16:39:55,279 - INFO - 
Deformation Analysis Summary:
2025-06-09 16:39:55,279 - INFO - ---------------------------
2025-06-09 16:39:55,279 - INFO - Chemical Formula: C6H16N2
2025-06-09 16:39:55,279 - INFO - Isomorphic: True
2025-06-09 16:39:55,279 - INFO - 
Bond Length Analysis:
2025-06-09 16:39:55,279 - INFO -   Mean Error: 0.0140 ± 0.0109 Å
2025-06-09 16:39:55,279 - INFO -   Range: [0.0018, 0.0266] Å
2025-06-09 16:39:55,279 - INFO -   Classification: Normal bond fluctuations
2025-06-09 16:39:55,279 - INFO - 
Bond Angle Analysis:
2025-06-09 16:39:55,279 - INFO -   Mean Error: 1.0043 ± 0.5902°
2025-06-09 16:39:55,279 - INFO -   Range: [0.3550, 2.0691]°
2025-06-09 16:39:55,279 - INFO -   Classification: Normal angle flexibility
2025-06-09 16:39:55,279 - INFO - 
Dihedral Angle Analysis:
2025-06-09 16:39:55,279 - INFO -   Mean Error: 2.2501 ± 1.8745°
2025-06-09 16:39:55,279 - INFO -   Range: [0.2175, 5.0897]°
2025-06-09 16:39:55,280 - INFO -   Classification: Local torsional oscillation
2025-06-09 16:48:28,956 - INFO - 
Deformation Analysis Summary:
2025-06-09 16:48:28,956 - INFO - ---------------------------
2025-06-09 16:48:28,956 - INFO - Chemical Formula: C6H16N2
2025-06-09 16:48:28,957 - INFO - Isomorphic: True
2025-06-09 16:48:28,957 - INFO - 
Bond Length Analysis:
2025-06-09 16:48:28,957 - INFO -   Mean Error: 0.0140 ± 0.0109 Å
2025-06-09 16:48:28,957 - INFO -   Range: [0.0018, 0.0266] Å
2025-06-09 16:48:28,957 - INFO -   Classification: Normal bond fluctuations
2025-06-09 16:48:28,957 - INFO - 
Bond Angle Analysis:
2025-06-09 16:48:28,957 - INFO -   Mean Error: 1.0043 ± 0.5902°
2025-06-09 16:48:28,957 - INFO -   Range: [0.3550, 2.0691]°
2025-06-09 16:48:28,957 - INFO -   Classification: Normal angle flexibility
2025-06-09 16:48:28,957 - INFO - 
Dihedral Angle Analysis:
2025-06-09 16:48:28,957 - INFO -   Mean Error: 2.2501 ± 1.8745°
2025-06-09 16:48:28,957 - INFO -   Range: [0.2175, 5.0897]°
2025-06-09 16:48:28,957 - INFO -   Classification: Local torsional oscillation
