2025-06-09 16:40:12,598 - INFO - 
Deformation Analysis Summary:
2025-06-09 16:40:12,598 - INFO - ---------------------------
2025-06-09 16:40:12,598 - INFO - Chemical Formula: C12H22N2
2025-06-09 16:40:12,598 - INFO - Isomorphic: True
2025-06-09 16:40:12,598 - INFO - 
Bond Length Analysis:
2025-06-09 16:40:12,598 - INFO -   Mean Error: 0.0089 ± 0.0067 Å
2025-06-09 16:40:12,598 - INFO -   Range: [0.0029, 0.0272] Å
2025-06-09 16:40:12,598 - INFO -   Classification: Normal bond fluctuations
2025-06-09 16:40:12,598 - INFO - 
Bond Angle Analysis:
2025-06-09 16:40:12,598 - INFO -   Mean Error: 0.9031 ± 1.3142°
2025-06-09 16:40:12,598 - INFO -   Range: [0.0002, 4.8476]°
2025-06-09 16:40:12,598 - INFO -   Classification: Normal angle flexibility
2025-06-09 16:40:12,598 - INFO - 
Dihedral Angle Analysis:
2025-06-09 16:40:12,598 - INFO -   Mean Error: 51.9423 ± 88.4198°
2025-06-09 16:40:12,598 - INFO -   Range: [0.3106, 357.8253]°
2025-06-09 16:40:12,598 - INFO -   Classification: Moderate conformational change
2025-06-09 16:48:46,155 - INFO - 
Deformation Analysis Summary:
2025-06-09 16:48:46,155 - INFO - ---------------------------
2025-06-09 16:48:46,155 - INFO - Chemical Formula: C12H22N2
2025-06-09 16:48:46,155 - INFO - Isomorphic: True
2025-06-09 16:48:46,155 - INFO - 
Bond Length Analysis:
2025-06-09 16:48:46,155 - INFO -   Mean Error: 0.0089 ± 0.0067 Å
2025-06-09 16:48:46,155 - INFO -   Range: [0.0029, 0.0272] Å
2025-06-09 16:48:46,155 - INFO -   Classification: Normal bond fluctuations
2025-06-09 16:48:46,155 - INFO - 
Bond Angle Analysis:
2025-06-09 16:48:46,155 - INFO -   Mean Error: 0.9031 ± 1.3142°
2025-06-09 16:48:46,155 - INFO -   Range: [0.0002, 4.8476]°
2025-06-09 16:48:46,155 - INFO -   Classification: Normal angle flexibility
2025-06-09 16:48:46,155 - INFO - 
Dihedral Angle Analysis:
2025-06-09 16:48:46,155 - INFO -   Mean Error: 51.9423 ± 88.4198°
2025-06-09 16:48:46,155 - INFO -   Range: [0.3106, 357.8253]°
2025-06-09 16:48:46,155 - INFO -   Classification: Moderate conformational change
