2025-06-09 16:39:50,465 - INFO - 
Deformation Analysis Summary:
2025-06-09 16:39:50,465 - INFO - ---------------------------
2025-06-09 16:39:50,465 - INFO - Chemical Formula: C12H22N2
2025-06-09 16:39:50,465 - INFO - Isomorphic: True
2025-06-09 16:39:50,465 - INFO - 
Bond Length Analysis:
2025-06-09 16:39:50,465 - INFO -   Mean Error: 0.0069 ± 0.0059 Å
2025-06-09 16:39:50,465 - INFO -   Range: [0.0006, 0.0242] Å
2025-06-09 16:39:50,465 - INFO -   Classification: Normal bond fluctuations
2025-06-09 16:39:50,465 - INFO - 
Bond Angle Analysis:
2025-06-09 16:39:50,465 - INFO -   Mean Error: 1.0547 ± 1.3452°
2025-06-09 16:39:50,465 - INFO -   Range: [0.0013, 5.1178]°
2025-06-09 16:39:50,465 - INFO -   Classification: Normal angle flexibility
2025-06-09 16:39:50,465 - INFO - 
Dihedral Angle Analysis:
2025-06-09 16:39:50,465 - INFO -   Mean Error: 141.2459 ± 134.8235°
2025-06-09 16:39:50,465 - INFO -   Range: [0.6292, 358.7459]°
2025-06-09 16:39:50,465 - INFO -   Classification: Moderate conformational change
2025-06-09 16:48:25,720 - INFO - 
Deformation Analysis Summary:
2025-06-09 16:48:25,720 - INFO - ---------------------------
2025-06-09 16:48:25,720 - INFO - Chemical Formula: C12H22N2
2025-06-09 16:48:25,720 - INFO - Isomorphic: True
2025-06-09 16:48:25,720 - INFO - 
Bond Length Analysis:
2025-06-09 16:48:25,720 - INFO -   Mean Error: 0.0069 ± 0.0059 Å
2025-06-09 16:48:25,720 - INFO -   Range: [0.0006, 0.0242] Å
2025-06-09 16:48:25,720 - INFO -   Classification: Normal bond fluctuations
2025-06-09 16:48:25,720 - INFO - 
Bond Angle Analysis:
2025-06-09 16:48:25,720 - INFO -   Mean Error: 1.0547 ± 1.3452°
2025-06-09 16:48:25,720 - INFO -   Range: [0.0013, 5.1178]°
2025-06-09 16:48:25,720 - INFO -   Classification: Normal angle flexibility
2025-06-09 16:48:25,720 - INFO - 
Dihedral Angle Analysis:
2025-06-09 16:48:25,721 - INFO -   Mean Error: 141.2459 ± 134.8235°
2025-06-09 16:48:25,721 - INFO -   Range: [0.6292, 358.7459]°
2025-06-09 16:48:25,721 - INFO -   Classification: Moderate conformational change
