2025-06-09 16:40:14,313 - INFO - 
Deformation Analysis Summary:
2025-06-09 16:40:14,313 - INFO - ---------------------------
2025-06-09 16:40:14,313 - INFO - Chemical Formula: C14H34N2
2025-06-09 16:40:14,313 - INFO - Isomorphic: True
2025-06-09 16:40:14,313 - INFO - 
Bond Length Analysis:
2025-06-09 16:40:14,313 - INFO -   Mean Error: 0.0057 ± 0.0051 Å
2025-06-09 16:40:14,313 - INFO -   Range: [0.0016, 0.0197] Å
2025-06-09 16:40:14,313 - INFO -   Classification: Normal bond fluctuations
2025-06-09 16:40:14,313 - INFO - 
Bond Angle Analysis:
2025-06-09 16:40:14,313 - INFO -   Mean Error: 0.5494 ± 0.3883°
2025-06-09 16:40:14,313 - INFO -   Range: [0.0945, 1.4593]°
2025-06-09 16:40:14,313 - INFO -   Classification: Normal angle flexibility
2025-06-09 16:40:14,313 - INFO - 
Dihedral Angle Analysis:
2025-06-09 16:40:14,313 - INFO -   Mean Error: 118.0285 ± 117.4203°
2025-06-09 16:40:14,313 - INFO -   Range: [2.0858, 249.7651]°
2025-06-09 16:40:14,313 - INFO -   Classification: Moderate conformational change
2025-06-09 16:48:47,121 - INFO - 
Deformation Analysis Summary:
2025-06-09 16:48:47,121 - INFO - ---------------------------
2025-06-09 16:48:47,121 - INFO - Chemical Formula: C14H34N2
2025-06-09 16:48:47,121 - INFO - Isomorphic: True
2025-06-09 16:48:47,121 - INFO - 
Bond Length Analysis:
2025-06-09 16:48:47,121 - INFO -   Mean Error: 0.0057 ± 0.0051 Å
2025-06-09 16:48:47,121 - INFO -   Range: [0.0016, 0.0197] Å
2025-06-09 16:48:47,121 - INFO -   Classification: Normal bond fluctuations
2025-06-09 16:48:47,121 - INFO - 
Bond Angle Analysis:
2025-06-09 16:48:47,121 - INFO -   Mean Error: 0.5494 ± 0.3883°
2025-06-09 16:48:47,121 - INFO -   Range: [0.0945, 1.4593]°
2025-06-09 16:48:47,121 - INFO -   Classification: Normal angle flexibility
2025-06-09 16:48:47,121 - INFO - 
Dihedral Angle Analysis:
2025-06-09 16:48:47,121 - INFO -   Mean Error: 118.0285 ± 117.4203°
2025-06-09 16:48:47,121 - INFO -   Range: [2.0858, 249.7651]°
2025-06-09 16:48:47,121 - INFO -   Classification: Moderate conformational change
