2025-06-09 16:40:52,865 - INFO - 
Deformation Analysis Summary:
2025-06-09 16:40:52,866 - INFO - ---------------------------
2025-06-09 16:40:52,866 - INFO - Chemical Formula: C12H30N2
2025-06-09 16:40:52,866 - INFO - Isomorphic: True
2025-06-09 16:40:52,866 - INFO - 
Bond Length Analysis:
2025-06-09 16:40:52,866 - INFO -   Mean Error: 0.0127 ± 0.0102 Å
2025-06-09 16:40:52,866 - INFO -   Range: [0.0010, 0.0347] Å
2025-06-09 16:40:52,866 - INFO -   Classification: Normal bond fluctuations
2025-06-09 16:40:52,866 - INFO - 
Bond Angle Analysis:
2025-06-09 16:40:52,866 - INFO -   Mean Error: 1.7581 ± 0.8661°
2025-06-09 16:40:52,866 - INFO -   Range: [0.4398, 3.6975]°
2025-06-09 16:40:52,866 - INFO -   Classification: Normal angle flexibility
2025-06-09 16:40:52,866 - INFO - 
Dihedral Angle Analysis:
2025-06-09 16:40:52,866 - INFO -   Mean Error: 135.1914 ± 112.5158°
2025-06-09 16:40:52,866 - INFO -   Range: [7.4886, 267.2387]°
2025-06-09 16:40:52,866 - INFO -   Classification: Moderate conformational change
2025-06-09 16:49:23,971 - INFO - 
Deformation Analysis Summary:
2025-06-09 16:49:23,971 - INFO - ---------------------------
2025-06-09 16:49:23,972 - INFO - Chemical Formula: C12H30N2
2025-06-09 16:49:23,972 - INFO - Isomorphic: True
2025-06-09 16:49:23,972 - INFO - 
Bond Length Analysis:
2025-06-09 16:49:23,972 - INFO -   Mean Error: 0.0127 ± 0.0102 Å
2025-06-09 16:49:23,972 - INFO -   Range: [0.0010, 0.0347] Å
2025-06-09 16:49:23,972 - INFO -   Classification: Normal bond fluctuations
2025-06-09 16:49:23,972 - INFO - 
Bond Angle Analysis:
2025-06-09 16:49:23,972 - INFO -   Mean Error: 1.7581 ± 0.8661°
2025-06-09 16:49:23,972 - INFO -   Range: [0.4398, 3.6975]°
2025-06-09 16:49:23,972 - INFO -   Classification: Normal angle flexibility
2025-06-09 16:49:23,972 - INFO - 
Dihedral Angle Analysis:
2025-06-09 16:49:23,972 - INFO -   Mean Error: 135.1914 ± 112.5158°
2025-06-09 16:49:23,972 - INFO -   Range: [7.4886, 267.2387]°
2025-06-09 16:49:23,972 - INFO -   Classification: Moderate conformational change
