2025-06-09 16:39:32,935 - INFO - 
Deformation Analysis Summary:
2025-06-09 16:39:32,935 - INFO - ---------------------------
2025-06-09 16:39:32,935 - INFO - Chemical Formula: C11H28N2
2025-06-09 16:39:32,935 - INFO - Isomorphic: True
2025-06-09 16:39:32,935 - INFO - 
Bond Length Analysis:
2025-06-09 16:39:32,935 - INFO -   Mean Error: 0.0062 ± 0.0056 Å
2025-06-09 16:39:32,935 - INFO -   Range: [0.0007, 0.0186] Å
2025-06-09 16:39:32,935 - INFO -   Classification: Normal bond fluctuations
2025-06-09 16:39:32,935 - INFO - 
Bond Angle Analysis:
2025-06-09 16:39:32,935 - INFO -   Mean Error: 0.3956 ± 0.1960°
2025-06-09 16:39:32,935 - INFO -   Range: [0.0343, 0.8287]°
2025-06-09 16:39:32,935 - INFO -   Classification: Normal angle flexibility
2025-06-09 16:39:32,935 - INFO - 
Dihedral Angle Analysis:
2025-06-09 16:39:32,935 - INFO -   Mean Error: 6.3838 ± 4.4906°
2025-06-09 16:39:32,935 - INFO -   Range: [0.0751, 14.7763]°
2025-06-09 16:39:32,935 - INFO -   Classification: Local torsional oscillation
2025-06-09 16:48:08,780 - INFO - 
Deformation Analysis Summary:
2025-06-09 16:48:08,780 - INFO - ---------------------------
2025-06-09 16:48:08,780 - INFO - Chemical Formula: C11H28N2
2025-06-09 16:48:08,780 - INFO - Isomorphic: True
2025-06-09 16:48:08,780 - INFO - 
Bond Length Analysis:
2025-06-09 16:48:08,780 - INFO -   Mean Error: 0.0062 ± 0.0056 Å
2025-06-09 16:48:08,780 - INFO -   Range: [0.0007, 0.0186] Å
2025-06-09 16:48:08,780 - INFO -   Classification: Normal bond fluctuations
2025-06-09 16:48:08,780 - INFO - 
Bond Angle Analysis:
2025-06-09 16:48:08,780 - INFO -   Mean Error: 0.3956 ± 0.1960°
2025-06-09 16:48:08,780 - INFO -   Range: [0.0343, 0.8287]°
2025-06-09 16:48:08,780 - INFO -   Classification: Normal angle flexibility
2025-06-09 16:48:08,780 - INFO - 
Dihedral Angle Analysis:
2025-06-09 16:48:08,780 - INFO -   Mean Error: 6.3838 ± 4.4906°
2025-06-09 16:48:08,780 - INFO -   Range: [0.0751, 14.7763]°
2025-06-09 16:48:08,780 - INFO -   Classification: Local torsional oscillation
