2025-06-09 16:39:52,013 - INFO - 
Deformation Analysis Summary:
2025-06-09 16:39:52,013 - INFO - ---------------------------
2025-06-09 16:39:52,013 - INFO - Chemical Formula: C10H18N2
2025-06-09 16:39:52,013 - INFO - Isomorphic: True
2025-06-09 16:39:52,013 - INFO - 
Bond Length Analysis:
2025-06-09 16:39:52,013 - INFO -   Mean Error: 0.0055 ± 0.0058 Å
2025-06-09 16:39:52,013 - INFO -   Range: [0.0002, 0.0191] Å
2025-06-09 16:39:52,013 - INFO -   Classification: Normal bond fluctuations
2025-06-09 16:39:52,013 - INFO - 
Bond Angle Analysis:
2025-06-09 16:39:52,013 - INFO -   Mean Error: 0.8741 ± 0.6779°
2025-06-09 16:39:52,013 - INFO -   Range: [0.0180, 2.7285]°
2025-06-09 16:39:52,013 - INFO -   Classification: Normal angle flexibility
2025-06-09 16:39:52,013 - INFO - 
Dihedral Angle Analysis:
2025-06-09 16:39:52,013 - INFO -   Mean Error: 120.5511 ± 136.8484°
2025-06-09 16:39:52,013 - INFO -   Range: [0.6755, 359.3503]°
2025-06-09 16:39:52,013 - INFO -   Classification: Moderate conformational change
2025-06-09 16:48:27,101 - INFO - 
Deformation Analysis Summary:
2025-06-09 16:48:27,101 - INFO - ---------------------------
2025-06-09 16:48:27,101 - INFO - Chemical Formula: C10H18N2
2025-06-09 16:48:27,101 - INFO - Isomorphic: True
2025-06-09 16:48:27,101 - INFO - 
Bond Length Analysis:
2025-06-09 16:48:27,101 - INFO -   Mean Error: 0.0055 ± 0.0058 Å
2025-06-09 16:48:27,101 - INFO -   Range: [0.0002, 0.0191] Å
2025-06-09 16:48:27,101 - INFO -   Classification: Normal bond fluctuations
2025-06-09 16:48:27,101 - INFO - 
Bond Angle Analysis:
2025-06-09 16:48:27,101 - INFO -   Mean Error: 0.8741 ± 0.6779°
2025-06-09 16:48:27,101 - INFO -   Range: [0.0180, 2.7285]°
2025-06-09 16:48:27,101 - INFO -   Classification: Normal angle flexibility
2025-06-09 16:48:27,101 - INFO - 
Dihedral Angle Analysis:
2025-06-09 16:48:27,101 - INFO -   Mean Error: 120.5511 ± 136.8484°
2025-06-09 16:48:27,101 - INFO -   Range: [0.6755, 359.3503]°
2025-06-09 16:48:27,101 - INFO -   Classification: Moderate conformational change
