2025-06-09 16:39:38,255 - INFO - 
Deformation Analysis Summary:
2025-06-09 16:39:38,255 - INFO - ---------------------------
2025-06-09 16:39:38,255 - INFO - Chemical Formula: C7H20N2
2025-06-09 16:39:38,256 - INFO - Isomorphic: True
2025-06-09 16:39:38,256 - INFO - 
Bond Length Analysis:
2025-06-09 16:39:38,256 - INFO -   Mean Error: 0.0050 ± 0.0055 Å
2025-06-09 16:39:38,256 - INFO -   Range: [0.0000, 0.0147] Å
2025-06-09 16:39:38,256 - INFO -   Classification: Normal bond fluctuations
2025-06-09 16:39:38,256 - INFO - 
Bond Angle Analysis:
2025-06-09 16:39:38,256 - INFO -   Mean Error: 1.0872 ± 0.6066°
2025-06-09 16:39:38,256 - INFO -   Range: [0.1765, 1.8660]°
2025-06-09 16:39:38,256 - INFO -   Classification: Normal angle flexibility
2025-06-09 16:39:38,256 - INFO - 
Dihedral Angle Analysis:
2025-06-09 16:39:38,256 - INFO -   Mean Error: 7.5155 ± 5.6421°
2025-06-09 16:39:38,256 - INFO -   Range: [1.7608, 16.2564]°
2025-06-09 16:39:38,256 - INFO -   Classification: Local torsional oscillation
2025-06-09 16:48:13,869 - INFO - 
Deformation Analysis Summary:
2025-06-09 16:48:13,869 - INFO - ---------------------------
2025-06-09 16:48:13,869 - INFO - Chemical Formula: C7H20N2
2025-06-09 16:48:13,869 - INFO - Isomorphic: True
2025-06-09 16:48:13,869 - INFO - 
Bond Length Analysis:
2025-06-09 16:48:13,869 - INFO -   Mean Error: 0.0050 ± 0.0055 Å
2025-06-09 16:48:13,869 - INFO -   Range: [0.0000, 0.0147] Å
2025-06-09 16:48:13,869 - INFO -   Classification: Normal bond fluctuations
2025-06-09 16:48:13,869 - INFO - 
Bond Angle Analysis:
2025-06-09 16:48:13,869 - INFO -   Mean Error: 1.0872 ± 0.6066°
2025-06-09 16:48:13,869 - INFO -   Range: [0.1765, 1.8660]°
2025-06-09 16:48:13,869 - INFO -   Classification: Normal angle flexibility
2025-06-09 16:48:13,869 - INFO - 
Dihedral Angle Analysis:
2025-06-09 16:48:13,869 - INFO -   Mean Error: 7.5155 ± 5.6421°
2025-06-09 16:48:13,869 - INFO -   Range: [1.7608, 16.2564]°
2025-06-09 16:48:13,869 - INFO -   Classification: Local torsional oscillation
