2025-06-09 16:39:33,756 - INFO - 
Deformation Analysis Summary:
2025-06-09 16:39:33,756 - INFO - ---------------------------
2025-06-09 16:39:33,756 - INFO - Chemical Formula: C4H14N2
2025-06-09 16:39:33,756 - INFO - Isomorphic: True
2025-06-09 16:39:33,756 - INFO - 
Bond Length Analysis:
2025-06-09 16:39:33,756 - INFO -   Mean Error: 0.0187 ± 0.0108 Å
2025-06-09 16:39:33,756 - INFO -   Range: [0.0057, 0.0324] Å
2025-06-09 16:39:33,756 - INFO -   Classification: Normal bond fluctuations
2025-06-09 16:39:33,756 - INFO - 
Bond Angle Analysis:
2025-06-09 16:39:33,756 - INFO -   Mean Error: 1.7019 ± 1.1768°
2025-06-09 16:39:33,756 - INFO -   Range: [0.1726, 3.4245]°
2025-06-09 16:39:33,756 - INFO -   Classification: Normal angle flexibility
2025-06-09 16:39:33,756 - INFO - 
Dihedral Angle Analysis:
2025-06-09 16:39:33,756 - INFO -   Mean Error: 3.0245 ± 2.5856°
2025-06-09 16:39:33,756 - INFO -   Range: [1.1361, 6.6804]°
2025-06-09 16:39:33,756 - INFO -   Classification: Local torsional oscillation
2025-06-09 16:48:09,573 - INFO - 
Deformation Analysis Summary:
2025-06-09 16:48:09,573 - INFO - ---------------------------
2025-06-09 16:48:09,573 - INFO - Chemical Formula: C4H14N2
2025-06-09 16:48:09,573 - INFO - Isomorphic: True
2025-06-09 16:48:09,573 - INFO - 
Bond Length Analysis:
2025-06-09 16:48:09,573 - INFO -   Mean Error: 0.0187 ± 0.0108 Å
2025-06-09 16:48:09,573 - INFO -   Range: [0.0057, 0.0324] Å
2025-06-09 16:48:09,573 - INFO -   Classification: Normal bond fluctuations
2025-06-09 16:48:09,573 - INFO - 
Bond Angle Analysis:
2025-06-09 16:48:09,573 - INFO -   Mean Error: 1.7019 ± 1.1768°
2025-06-09 16:48:09,573 - INFO -   Range: [0.1726, 3.4245]°
2025-06-09 16:48:09,573 - INFO -   Classification: Normal angle flexibility
2025-06-09 16:48:09,573 - INFO - 
Dihedral Angle Analysis:
2025-06-09 16:48:09,573 - INFO -   Mean Error: 3.0245 ± 2.5856°
2025-06-09 16:48:09,573 - INFO -   Range: [1.1361, 6.6804]°
2025-06-09 16:48:09,573 - INFO -   Classification: Local torsional oscillation
