2025-06-09 16:40:47,509 - INFO - 
Deformation Analysis Summary:
2025-06-09 16:40:47,510 - INFO - ---------------------------
2025-06-09 16:40:47,510 - INFO - Chemical Formula: C9H24N2
2025-06-09 16:40:47,510 - INFO - Isomorphic: True
2025-06-09 16:40:47,510 - INFO - 
Bond Length Analysis:
2025-06-09 16:40:47,510 - INFO -   Mean Error: 0.0088 ± 0.0055 Å
2025-06-09 16:40:47,510 - INFO -   Range: [0.0038, 0.0209] Å
2025-06-09 16:40:47,510 - INFO -   Classification: Normal bond fluctuations
2025-06-09 16:40:47,510 - INFO - 
Bond Angle Analysis:
2025-06-09 16:40:47,510 - INFO -   Mean Error: 1.0906 ± 0.3363°
2025-06-09 16:40:47,510 - INFO -   Range: [0.4826, 1.7700]°
2025-06-09 16:40:47,510 - INFO -   Classification: Normal angle flexibility
2025-06-09 16:40:47,510 - INFO - 
Dihedral Angle Analysis:
2025-06-09 16:40:47,510 - INFO -   Mean Error: 12.9779 ± 9.7834°
2025-06-09 16:40:47,510 - INFO -   Range: [0.0013, 27.7266]°
2025-06-09 16:40:47,510 - INFO -   Classification: Local torsional oscillation
2025-06-09 16:49:21,021 - INFO - 
Deformation Analysis Summary:
2025-06-09 16:49:21,022 - INFO - ---------------------------
2025-06-09 16:49:21,022 - INFO - Chemical Formula: C9H24N2
2025-06-09 16:49:21,022 - INFO - Isomorphic: True
2025-06-09 16:49:21,022 - INFO - 
Bond Length Analysis:
2025-06-09 16:49:21,022 - INFO -   Mean Error: 0.0088 ± 0.0055 Å
2025-06-09 16:49:21,022 - INFO -   Range: [0.0038, 0.0209] Å
2025-06-09 16:49:21,022 - INFO -   Classification: Normal bond fluctuations
2025-06-09 16:49:21,022 - INFO - 
Bond Angle Analysis:
2025-06-09 16:49:21,022 - INFO -   Mean Error: 1.0906 ± 0.3363°
2025-06-09 16:49:21,022 - INFO -   Range: [0.4826, 1.7700]°
2025-06-09 16:49:21,022 - INFO -   Classification: Normal angle flexibility
2025-06-09 16:49:21,022 - INFO - 
Dihedral Angle Analysis:
2025-06-09 16:49:21,022 - INFO -   Mean Error: 12.9779 ± 9.7834°
2025-06-09 16:49:21,022 - INFO -   Range: [0.0013, 27.7266]°
2025-06-09 16:49:21,022 - INFO -   Classification: Local torsional oscillation
