2025-06-09 16:40:47,165 - INFO - 
Deformation Analysis Summary:
2025-06-09 16:40:47,165 - INFO - ---------------------------
2025-06-09 16:40:47,165 - INFO - Chemical Formula: C12H22N2
2025-06-09 16:40:47,165 - INFO - Isomorphic: True
2025-06-09 16:40:47,165 - INFO - 
Bond Length Analysis:
2025-06-09 16:40:47,166 - INFO -   Mean Error: 0.0074 ± 0.0063 Å
2025-06-09 16:40:47,166 - INFO -   Range: [0.0006, 0.0239] Å
2025-06-09 16:40:47,166 - INFO -   Classification: Normal bond fluctuations
2025-06-09 16:40:47,166 - INFO - 
Bond Angle Analysis:
2025-06-09 16:40:47,166 - INFO -   Mean Error: 1.3393 ± 1.3909°
2025-06-09 16:40:47,166 - INFO -   Range: [0.0795, 4.1027]°
2025-06-09 16:40:47,166 - INFO -   Classification: Normal angle flexibility
2025-06-09 16:40:47,166 - INFO - 
Dihedral Angle Analysis:
2025-06-09 16:40:47,166 - INFO -   Mean Error: 147.3384 ± 132.1203°
2025-06-09 16:40:47,166 - INFO -   Range: [0.5000, 359.5118]°
2025-06-09 16:40:47,166 - INFO -   Classification: Moderate conformational change
2025-06-09 16:49:20,857 - INFO - 
Deformation Analysis Summary:
2025-06-09 16:49:20,857 - INFO - ---------------------------
2025-06-09 16:49:20,857 - INFO - Chemical Formula: C12H22N2
2025-06-09 16:49:20,857 - INFO - Isomorphic: True
2025-06-09 16:49:20,857 - INFO - 
Bond Length Analysis:
2025-06-09 16:49:20,857 - INFO -   Mean Error: 0.0074 ± 0.0063 Å
2025-06-09 16:49:20,857 - INFO -   Range: [0.0006, 0.0239] Å
2025-06-09 16:49:20,857 - INFO -   Classification: Normal bond fluctuations
2025-06-09 16:49:20,857 - INFO - 
Bond Angle Analysis:
2025-06-09 16:49:20,857 - INFO -   Mean Error: 1.3393 ± 1.3909°
2025-06-09 16:49:20,857 - INFO -   Range: [0.0795, 4.1027]°
2025-06-09 16:49:20,857 - INFO -   Classification: Normal angle flexibility
2025-06-09 16:49:20,857 - INFO - 
Dihedral Angle Analysis:
2025-06-09 16:49:20,857 - INFO -   Mean Error: 147.3384 ± 132.1203°
2025-06-09 16:49:20,857 - INFO -   Range: [0.5000, 359.5118]°
2025-06-09 16:49:20,857 - INFO -   Classification: Moderate conformational change
