2025-06-09 16:39:48,730 - INFO - 
Deformation Analysis Summary:
2025-06-09 16:39:48,730 - INFO - ---------------------------
2025-06-09 16:39:48,730 - INFO - Chemical Formula: C12H28N2
2025-06-09 16:39:48,730 - INFO - Isomorphic: True
2025-06-09 16:39:48,730 - INFO - 
Bond Length Analysis:
2025-06-09 16:39:48,730 - INFO -   Mean Error: 0.0123 ± 0.0073 Å
2025-06-09 16:39:48,730 - INFO -   Range: [0.0001, 0.0274] Å
2025-06-09 16:39:48,730 - INFO -   Classification: Normal bond fluctuations
2025-06-09 16:39:48,730 - INFO - 
Bond Angle Analysis:
2025-06-09 16:39:48,730 - INFO -   Mean Error: 1.5945 ± 0.9715°
2025-06-09 16:39:48,730 - INFO -   Range: [0.0400, 3.2344]°
2025-06-09 16:39:48,730 - INFO -   Classification: Normal angle flexibility
2025-06-09 16:39:48,730 - INFO - 
Dihedral Angle Analysis:
2025-06-09 16:39:48,730 - INFO -   Mean Error: 112.7127 ± 119.6323°
2025-06-09 16:39:48,730 - INFO -   Range: [0.1693, 261.5855]°
2025-06-09 16:39:48,730 - INFO -   Classification: Moderate conformational change
2025-06-09 16:48:23,280 - INFO - 
Deformation Analysis Summary:
2025-06-09 16:48:23,281 - INFO - ---------------------------
2025-06-09 16:48:23,281 - INFO - Chemical Formula: C12H28N2
2025-06-09 16:48:23,281 - INFO - Isomorphic: True
2025-06-09 16:48:23,281 - INFO - 
Bond Length Analysis:
2025-06-09 16:48:23,281 - INFO -   Mean Error: 0.0123 ± 0.0073 Å
2025-06-09 16:48:23,281 - INFO -   Range: [0.0001, 0.0274] Å
2025-06-09 16:48:23,281 - INFO -   Classification: Normal bond fluctuations
2025-06-09 16:48:23,281 - INFO - 
Bond Angle Analysis:
2025-06-09 16:48:23,281 - INFO -   Mean Error: 1.5945 ± 0.9715°
2025-06-09 16:48:23,281 - INFO -   Range: [0.0400, 3.2344]°
2025-06-09 16:48:23,281 - INFO -   Classification: Normal angle flexibility
2025-06-09 16:48:23,281 - INFO - 
Dihedral Angle Analysis:
2025-06-09 16:48:23,281 - INFO -   Mean Error: 112.7127 ± 119.6323°
2025-06-09 16:48:23,281 - INFO -   Range: [0.1693, 261.5855]°
2025-06-09 16:48:23,281 - INFO -   Classification: Moderate conformational change
