2025-06-09 16:40:24,612 - INFO - 
Deformation Analysis Summary:
2025-06-09 16:40:24,612 - INFO - ---------------------------
2025-06-09 16:40:24,612 - INFO - Chemical Formula: C7H20N2
2025-06-09 16:40:24,612 - INFO - Isomorphic: True
2025-06-09 16:40:24,612 - INFO - 
Bond Length Analysis:
2025-06-09 16:40:24,612 - INFO -   Mean Error: 0.0091 ± 0.0050 Å
2025-06-09 16:40:24,612 - INFO -   Range: [0.0037, 0.0183] Å
2025-06-09 16:40:24,612 - INFO -   Classification: Normal bond fluctuations
2025-06-09 16:40:24,612 - INFO - 
Bond Angle Analysis:
2025-06-09 16:40:24,612 - INFO -   Mean Error: 3.5019 ± 0.1974°
2025-06-09 16:40:24,612 - INFO -   Range: [3.2001, 3.8144]°
2025-06-09 16:40:24,612 - INFO -   Classification: Normal angle flexibility
2025-06-09 16:40:24,612 - INFO - 
Dihedral Angle Analysis:
2025-06-09 16:40:24,612 - INFO -   Mean Error: 2.8430 ± 1.0556°
2025-06-09 16:40:24,612 - INFO -   Range: [1.6668, 4.3980]°
2025-06-09 16:40:24,612 - INFO -   Classification: Local torsional oscillation
2025-06-09 16:48:59,476 - INFO - 
Deformation Analysis Summary:
2025-06-09 16:48:59,476 - INFO - ---------------------------
2025-06-09 16:48:59,476 - INFO - Chemical Formula: C7H20N2
2025-06-09 16:48:59,476 - INFO - Isomorphic: True
2025-06-09 16:48:59,476 - INFO - 
Bond Length Analysis:
2025-06-09 16:48:59,476 - INFO -   Mean Error: 0.0091 ± 0.0050 Å
2025-06-09 16:48:59,476 - INFO -   Range: [0.0037, 0.0183] Å
2025-06-09 16:48:59,476 - INFO -   Classification: Normal bond fluctuations
2025-06-09 16:48:59,476 - INFO - 
Bond Angle Analysis:
2025-06-09 16:48:59,476 - INFO -   Mean Error: 3.5019 ± 0.1974°
2025-06-09 16:48:59,476 - INFO -   Range: [3.2001, 3.8144]°
2025-06-09 16:48:59,476 - INFO -   Classification: Normal angle flexibility
2025-06-09 16:48:59,476 - INFO - 
Dihedral Angle Analysis:
2025-06-09 16:48:59,476 - INFO -   Mean Error: 2.8430 ± 1.0556°
2025-06-09 16:48:59,477 - INFO -   Range: [1.6668, 4.3980]°
2025-06-09 16:48:59,477 - INFO -   Classification: Local torsional oscillation
