2025-06-09 16:40:05,219 - INFO - 
Deformation Analysis Summary:
2025-06-09 16:40:05,219 - INFO - ---------------------------
2025-06-09 16:40:05,219 - INFO - Chemical Formula: C10H18N2
2025-06-09 16:40:05,219 - INFO - Isomorphic: True
2025-06-09 16:40:05,219 - INFO - 
Bond Length Analysis:
2025-06-09 16:40:05,219 - INFO -   Mean Error: 0.0120 ± 0.0080 Å
2025-06-09 16:40:05,219 - INFO -   Range: [0.0041, 0.0285] Å
2025-06-09 16:40:05,219 - INFO -   Classification: Normal bond fluctuations
2025-06-09 16:40:05,219 - INFO - 
Bond Angle Analysis:
2025-06-09 16:40:05,219 - INFO -   Mean Error: 0.4988 ± 0.4354°
2025-06-09 16:40:05,219 - INFO -   Range: [0.0527, 1.2619]°
2025-06-09 16:40:05,219 - INFO -   Classification: Normal angle flexibility
2025-06-09 16:40:05,219 - INFO - 
Dihedral Angle Analysis:
2025-06-09 16:40:05,219 - INFO -   Mean Error: 28.9058 ± 85.5747°
2025-06-09 16:40:05,219 - INFO -   Range: [0.2526, 358.8772]°
2025-06-09 16:40:05,219 - INFO -   Classification: Local torsional oscillation
2025-06-09 16:48:38,523 - INFO - 
Deformation Analysis Summary:
2025-06-09 16:48:38,523 - INFO - ---------------------------
2025-06-09 16:48:38,523 - INFO - Chemical Formula: C10H18N2
2025-06-09 16:48:38,523 - INFO - Isomorphic: True
2025-06-09 16:48:38,523 - INFO - 
Bond Length Analysis:
2025-06-09 16:48:38,523 - INFO -   Mean Error: 0.0120 ± 0.0080 Å
2025-06-09 16:48:38,523 - INFO -   Range: [0.0041, 0.0285] Å
2025-06-09 16:48:38,523 - INFO -   Classification: Normal bond fluctuations
2025-06-09 16:48:38,523 - INFO - 
Bond Angle Analysis:
2025-06-09 16:48:38,523 - INFO -   Mean Error: 0.4988 ± 0.4354°
2025-06-09 16:48:38,523 - INFO -   Range: [0.0527, 1.2619]°
2025-06-09 16:48:38,523 - INFO -   Classification: Normal angle flexibility
2025-06-09 16:48:38,523 - INFO - 
Dihedral Angle Analysis:
2025-06-09 16:48:38,523 - INFO -   Mean Error: 28.9058 ± 85.5747°
2025-06-09 16:48:38,523 - INFO -   Range: [0.2526, 358.8772]°
2025-06-09 16:48:38,523 - INFO -   Classification: Local torsional oscillation
