2025-06-09 16:40:15,305 - INFO - 
Deformation Analysis Summary:
2025-06-09 16:40:15,305 - INFO - ---------------------------
2025-06-09 16:40:15,305 - INFO - Chemical Formula: C9H24N2
2025-06-09 16:40:15,305 - INFO - Isomorphic: True
2025-06-09 16:40:15,305 - INFO - 
Bond Length Analysis:
2025-06-09 16:40:15,305 - INFO -   Mean Error: 0.0078 ± 0.0053 Å
2025-06-09 16:40:15,305 - INFO -   Range: [0.0038, 0.0194] Å
2025-06-09 16:40:15,305 - INFO -   Classification: Normal bond fluctuations
2025-06-09 16:40:15,305 - INFO - 
Bond Angle Analysis:
2025-06-09 16:40:15,305 - INFO -   Mean Error: 0.4036 ± 0.3445°
2025-06-09 16:40:15,305 - INFO -   Range: [0.0102, 1.3484]°
2025-06-09 16:40:15,305 - INFO -   Classification: Normal angle flexibility
2025-06-09 16:40:15,305 - INFO - 
Dihedral Angle Analysis:
2025-06-09 16:40:15,305 - INFO -   Mean Error: 103.1246 ± 110.9084°
2025-06-09 16:40:15,305 - INFO -   Range: [2.8694, 242.9204]°
2025-06-09 16:40:15,305 - INFO -   Classification: Moderate conformational change
2025-06-09 16:48:47,740 - INFO - 
Deformation Analysis Summary:
2025-06-09 16:48:47,740 - INFO - ---------------------------
2025-06-09 16:48:47,740 - INFO - Chemical Formula: C9H24N2
2025-06-09 16:48:47,740 - INFO - Isomorphic: True
2025-06-09 16:48:47,740 - INFO - 
Bond Length Analysis:
2025-06-09 16:48:47,740 - INFO -   Mean Error: 0.0078 ± 0.0053 Å
2025-06-09 16:48:47,740 - INFO -   Range: [0.0038, 0.0194] Å
2025-06-09 16:48:47,740 - INFO -   Classification: Normal bond fluctuations
2025-06-09 16:48:47,740 - INFO - 
Bond Angle Analysis:
2025-06-09 16:48:47,740 - INFO -   Mean Error: 0.4036 ± 0.3445°
2025-06-09 16:48:47,740 - INFO -   Range: [0.0102, 1.3484]°
2025-06-09 16:48:47,740 - INFO -   Classification: Normal angle flexibility
2025-06-09 16:48:47,740 - INFO - 
Dihedral Angle Analysis:
2025-06-09 16:48:47,740 - INFO -   Mean Error: 103.1246 ± 110.9084°
2025-06-09 16:48:47,740 - INFO -   Range: [2.8694, 242.9204]°
2025-06-09 16:48:47,740 - INFO -   Classification: Moderate conformational change
