2025-06-09 16:39:46,165 - INFO - 
Deformation Analysis Summary:
2025-06-09 16:39:46,166 - INFO - ---------------------------
2025-06-09 16:39:46,166 - INFO - Chemical Formula: C5H16N2
2025-06-09 16:39:46,166 - INFO - Isomorphic: True
2025-06-09 16:39:46,166 - INFO - 
Bond Length Analysis:
2025-06-09 16:39:46,166 - INFO -   Mean Error: 0.0135 ± 0.0143 Å
2025-06-09 16:39:46,166 - INFO -   Range: [0.0005, 0.0352] Å
2025-06-09 16:39:46,166 - INFO -   Classification: Normal bond fluctuations
2025-06-09 16:39:46,166 - INFO - 
Bond Angle Analysis:
2025-06-09 16:39:46,166 - INFO -   Mean Error: 1.3102 ± 0.7970°
2025-06-09 16:39:46,166 - INFO -   Range: [0.2790, 2.6201]°
2025-06-09 16:39:46,166 - INFO -   Classification: Normal angle flexibility
2025-06-09 16:39:46,166 - INFO - 
Dihedral Angle Analysis:
2025-06-09 16:39:46,166 - INFO -   Mean Error: 160.7434 ± 107.8995°
2025-06-09 16:39:46,166 - INFO -   Range: [5.9148, 247.5301]°
2025-06-09 16:39:46,166 - INFO -   Classification: Moderate conformational change
2025-06-09 16:48:19,725 - INFO - 
Deformation Analysis Summary:
2025-06-09 16:48:19,725 - INFO - ---------------------------
2025-06-09 16:48:19,725 - INFO - Chemical Formula: C5H16N2
2025-06-09 16:48:19,725 - INFO - Isomorphic: True
2025-06-09 16:48:19,725 - INFO - 
Bond Length Analysis:
2025-06-09 16:48:19,725 - INFO -   Mean Error: 0.0135 ± 0.0143 Å
2025-06-09 16:48:19,725 - INFO -   Range: [0.0005, 0.0352] Å
2025-06-09 16:48:19,725 - INFO -   Classification: Normal bond fluctuations
2025-06-09 16:48:19,725 - INFO - 
Bond Angle Analysis:
2025-06-09 16:48:19,725 - INFO -   Mean Error: 1.3102 ± 0.7970°
2025-06-09 16:48:19,725 - INFO -   Range: [0.2790, 2.6201]°
2025-06-09 16:48:19,725 - INFO -   Classification: Normal angle flexibility
2025-06-09 16:48:19,725 - INFO - 
Dihedral Angle Analysis:
2025-06-09 16:48:19,725 - INFO -   Mean Error: 160.7434 ± 107.8995°
2025-06-09 16:48:19,725 - INFO -   Range: [5.9148, 247.5301]°
2025-06-09 16:48:19,725 - INFO -   Classification: Moderate conformational change
