2025-06-09 16:40:08,304 - INFO - 
Deformation Analysis Summary:
2025-06-09 16:40:08,304 - INFO - ---------------------------
2025-06-09 16:40:08,304 - INFO - Chemical Formula: C9H24N2
2025-06-09 16:40:08,304 - INFO - Isomorphic: True
2025-06-09 16:40:08,304 - INFO - 
Bond Length Analysis:
2025-06-09 16:40:08,304 - INFO -   Mean Error: 0.0041 ± 0.0049 Å
2025-06-09 16:40:08,304 - INFO -   Range: [0.0003, 0.0160] Å
2025-06-09 16:40:08,304 - INFO -   Classification: Normal bond fluctuations
2025-06-09 16:40:08,304 - INFO - 
Bond Angle Analysis:
2025-06-09 16:40:08,304 - INFO -   Mean Error: 1.0988 ± 0.8419°
2025-06-09 16:40:08,304 - INFO -   Range: [0.0981, 2.8402]°
2025-06-09 16:40:08,304 - INFO -   Classification: Normal angle flexibility
2025-06-09 16:40:08,304 - INFO - 
Dihedral Angle Analysis:
2025-06-09 16:40:08,304 - INFO -   Mean Error: 7.8198 ± 6.0183°
2025-06-09 16:40:08,304 - INFO -   Range: [0.7943, 16.5523]°
2025-06-09 16:40:08,304 - INFO -   Classification: Local torsional oscillation
2025-06-09 16:48:43,389 - INFO - 
Deformation Analysis Summary:
2025-06-09 16:48:43,389 - INFO - ---------------------------
2025-06-09 16:48:43,389 - INFO - Chemical Formula: C9H24N2
2025-06-09 16:48:43,390 - INFO - Isomorphic: True
2025-06-09 16:48:43,390 - INFO - 
Bond Length Analysis:
2025-06-09 16:48:43,390 - INFO -   Mean Error: 0.0041 ± 0.0049 Å
2025-06-09 16:48:43,390 - INFO -   Range: [0.0003, 0.0160] Å
2025-06-09 16:48:43,390 - INFO -   Classification: Normal bond fluctuations
2025-06-09 16:48:43,390 - INFO - 
Bond Angle Analysis:
2025-06-09 16:48:43,390 - INFO -   Mean Error: 1.0988 ± 0.8419°
2025-06-09 16:48:43,390 - INFO -   Range: [0.0981, 2.8402]°
2025-06-09 16:48:43,390 - INFO -   Classification: Normal angle flexibility
2025-06-09 16:48:43,390 - INFO - 
Dihedral Angle Analysis:
2025-06-09 16:48:43,390 - INFO -   Mean Error: 7.8198 ± 6.0183°
2025-06-09 16:48:43,390 - INFO -   Range: [0.7943, 16.5523]°
2025-06-09 16:48:43,390 - INFO -   Classification: Local torsional oscillation
