2025-06-09 16:40:16,922 - INFO - 
Deformation Analysis Summary:
2025-06-09 16:40:16,922 - INFO - ---------------------------
2025-06-09 16:40:16,922 - INFO - Chemical Formula: C8H22N2
2025-06-09 16:40:16,922 - INFO - Isomorphic: True
2025-06-09 16:40:16,922 - INFO - 
Bond Length Analysis:
2025-06-09 16:40:16,922 - INFO -   Mean Error: 0.0116 ± 0.0067 Å
2025-06-09 16:40:16,922 - INFO -   Range: [0.0054, 0.0246] Å
2025-06-09 16:40:16,922 - INFO -   Classification: Normal bond fluctuations
2025-06-09 16:40:16,922 - INFO - 
Bond Angle Analysis:
2025-06-09 16:40:16,923 - INFO -   Mean Error: 1.5584 ± 0.9777°
2025-06-09 16:40:16,923 - INFO -   Range: [0.5247, 3.6878]°
2025-06-09 16:40:16,923 - INFO -   Classification: Normal angle flexibility
2025-06-09 16:40:16,923 - INFO - 
Dihedral Angle Analysis:
2025-06-09 16:40:16,923 - INFO -   Mean Error: 5.3582 ± 3.2707°
2025-06-09 16:40:16,923 - INFO -   Range: [0.9727, 10.4270]°
2025-06-09 16:40:16,923 - INFO -   Classification: Local torsional oscillation
2025-06-09 16:48:48,732 - INFO - 
Deformation Analysis Summary:
2025-06-09 16:48:48,732 - INFO - ---------------------------
2025-06-09 16:48:48,732 - INFO - Chemical Formula: C8H22N2
2025-06-09 16:48:48,732 - INFO - Isomorphic: True
2025-06-09 16:48:48,732 - INFO - 
Bond Length Analysis:
2025-06-09 16:48:48,732 - INFO -   Mean Error: 0.0116 ± 0.0067 Å
2025-06-09 16:48:48,732 - INFO -   Range: [0.0054, 0.0246] Å
2025-06-09 16:48:48,732 - INFO -   Classification: Normal bond fluctuations
2025-06-09 16:48:48,732 - INFO - 
Bond Angle Analysis:
2025-06-09 16:48:48,732 - INFO -   Mean Error: 1.5584 ± 0.9777°
2025-06-09 16:48:48,732 - INFO -   Range: [0.5247, 3.6878]°
2025-06-09 16:48:48,732 - INFO -   Classification: Normal angle flexibility
2025-06-09 16:48:48,732 - INFO - 
Dihedral Angle Analysis:
2025-06-09 16:48:48,732 - INFO -   Mean Error: 5.3582 ± 3.2707°
2025-06-09 16:48:48,732 - INFO -   Range: [0.9727, 10.4270]°
2025-06-09 16:48:48,732 - INFO -   Classification: Local torsional oscillation
