2025-06-09 16:40:04,568 - INFO - 
Deformation Analysis Summary:
2025-06-09 16:40:04,568 - INFO - ---------------------------
2025-06-09 16:40:04,568 - INFO - Chemical Formula: C8H22N2
2025-06-09 16:40:04,568 - INFO - Isomorphic: True
2025-06-09 16:40:04,568 - INFO - 
Bond Length Analysis:
2025-06-09 16:40:04,568 - INFO -   Mean Error: 0.0166 ± 0.0061 Å
2025-06-09 16:40:04,568 - INFO -   Range: [0.0096, 0.0288] Å
2025-06-09 16:40:04,568 - INFO -   Classification: Normal bond fluctuations
2025-06-09 16:40:04,568 - INFO - 
Bond Angle Analysis:
2025-06-09 16:40:04,568 - INFO -   Mean Error: 2.4149 ± 1.0905°
2025-06-09 16:40:04,568 - INFO -   Range: [0.9675, 4.0872]°
2025-06-09 16:40:04,568 - INFO -   Classification: Normal angle flexibility
2025-06-09 16:40:04,568 - INFO - 
Dihedral Angle Analysis:
2025-06-09 16:40:04,568 - INFO -   Mean Error: 101.5611 ± 95.6554°
2025-06-09 16:40:04,568 - INFO -   Range: [5.0831, 261.8084]°
2025-06-09 16:40:04,568 - INFO -   Classification: Moderate conformational change
2025-06-09 16:48:37,518 - INFO - 
Deformation Analysis Summary:
2025-06-09 16:48:37,518 - INFO - ---------------------------
2025-06-09 16:48:37,518 - INFO - Chemical Formula: C8H22N2
2025-06-09 16:48:37,518 - INFO - Isomorphic: True
2025-06-09 16:48:37,518 - INFO - 
Bond Length Analysis:
2025-06-09 16:48:37,518 - INFO -   Mean Error: 0.0166 ± 0.0061 Å
2025-06-09 16:48:37,518 - INFO -   Range: [0.0096, 0.0288] Å
2025-06-09 16:48:37,518 - INFO -   Classification: Normal bond fluctuations
2025-06-09 16:48:37,518 - INFO - 
Bond Angle Analysis:
2025-06-09 16:48:37,518 - INFO -   Mean Error: 2.4149 ± 1.0905°
2025-06-09 16:48:37,518 - INFO -   Range: [0.9675, 4.0872]°
2025-06-09 16:48:37,518 - INFO -   Classification: Normal angle flexibility
2025-06-09 16:48:37,518 - INFO - 
Dihedral Angle Analysis:
2025-06-09 16:48:37,518 - INFO -   Mean Error: 101.5611 ± 95.6554°
2025-06-09 16:48:37,518 - INFO -   Range: [5.0831, 261.8084]°
2025-06-09 16:48:37,518 - INFO -   Classification: Moderate conformational change
