2025-06-09 16:40:01,366 - INFO - 
Deformation Analysis Summary:
2025-06-09 16:40:01,366 - INFO - ---------------------------
2025-06-09 16:40:01,366 - INFO - Chemical Formula: C8H20N2
2025-06-09 16:40:01,366 - INFO - Isomorphic: True
2025-06-09 16:40:01,366 - INFO - 
Bond Length Analysis:
2025-06-09 16:40:01,366 - INFO -   Mean Error: 0.0094 ± 0.0073 Å
2025-06-09 16:40:01,366 - INFO -   Range: [0.0004, 0.0232] Å
2025-06-09 16:40:01,366 - INFO -   Classification: Normal bond fluctuations
2025-06-09 16:40:01,366 - INFO - 
Bond Angle Analysis:
2025-06-09 16:40:01,366 - INFO -   Mean Error: 0.7505 ± 0.4387°
2025-06-09 16:40:01,366 - INFO -   Range: [0.1395, 1.5787]°
2025-06-09 16:40:01,366 - INFO -   Classification: Normal angle flexibility
2025-06-09 16:40:01,366 - INFO - 
Dihedral Angle Analysis:
2025-06-09 16:40:01,366 - INFO -   Mean Error: 6.9062 ± 8.5877°
2025-06-09 16:40:01,366 - INFO -   Range: [0.2699, 26.9714]°
2025-06-09 16:40:01,366 - INFO -   Classification: Local torsional oscillation
2025-06-09 16:48:32,767 - INFO - 
Deformation Analysis Summary:
2025-06-09 16:48:32,767 - INFO - ---------------------------
2025-06-09 16:48:32,767 - INFO - Chemical Formula: C8H20N2
2025-06-09 16:48:32,767 - INFO - Isomorphic: True
2025-06-09 16:48:32,767 - INFO - 
Bond Length Analysis:
2025-06-09 16:48:32,767 - INFO -   Mean Error: 0.0094 ± 0.0073 Å
2025-06-09 16:48:32,767 - INFO -   Range: [0.0004, 0.0232] Å
2025-06-09 16:48:32,767 - INFO -   Classification: Normal bond fluctuations
2025-06-09 16:48:32,767 - INFO - 
Bond Angle Analysis:
2025-06-09 16:48:32,768 - INFO -   Mean Error: 0.7505 ± 0.4387°
2025-06-09 16:48:32,768 - INFO -   Range: [0.1395, 1.5787]°
2025-06-09 16:48:32,768 - INFO -   Classification: Normal angle flexibility
2025-06-09 16:48:32,768 - INFO - 
Dihedral Angle Analysis:
2025-06-09 16:48:32,768 - INFO -   Mean Error: 6.9062 ± 8.5877°
2025-06-09 16:48:32,768 - INFO -   Range: [0.2699, 26.9714]°
2025-06-09 16:48:32,768 - INFO -   Classification: Local torsional oscillation
