2025-06-09 16:40:50,313 - INFO - 
Deformation Analysis Summary:
2025-06-09 16:40:50,313 - INFO - ---------------------------
2025-06-09 16:40:50,313 - INFO - Chemical Formula: C8H22N2
2025-06-09 16:40:50,313 - INFO - Isomorphic: True
2025-06-09 16:40:50,313 - INFO - 
Bond Length Analysis:
2025-06-09 16:40:50,313 - INFO -   Mean Error: 0.0128 ± 0.0034 Å
2025-06-09 16:40:50,313 - INFO -   Range: [0.0072, 0.0166] Å
2025-06-09 16:40:50,313 - INFO -   Classification: Normal bond fluctuations
2025-06-09 16:40:50,313 - INFO - 
Bond Angle Analysis:
2025-06-09 16:40:50,313 - INFO -   Mean Error: 0.8907 ± 0.7821°
2025-06-09 16:40:50,313 - INFO -   Range: [0.1358, 3.0827]°
2025-06-09 16:40:50,313 - INFO -   Classification: Normal angle flexibility
2025-06-09 16:40:50,313 - INFO - 
Dihedral Angle Analysis:
2025-06-09 16:40:50,313 - INFO -   Mean Error: 5.2971 ± 3.8756°
2025-06-09 16:40:50,313 - INFO -   Range: [0.1651, 9.3761]°
2025-06-09 16:40:50,313 - INFO -   Classification: Local torsional oscillation
2025-06-09 16:49:22,508 - INFO - 
Deformation Analysis Summary:
2025-06-09 16:49:22,508 - INFO - ---------------------------
2025-06-09 16:49:22,508 - INFO - Chemical Formula: C8H22N2
2025-06-09 16:49:22,508 - INFO - Isomorphic: True
2025-06-09 16:49:22,508 - INFO - 
Bond Length Analysis:
2025-06-09 16:49:22,508 - INFO -   Mean Error: 0.0128 ± 0.0034 Å
2025-06-09 16:49:22,508 - INFO -   Range: [0.0072, 0.0166] Å
2025-06-09 16:49:22,508 - INFO -   Classification: Normal bond fluctuations
2025-06-09 16:49:22,508 - INFO - 
Bond Angle Analysis:
2025-06-09 16:49:22,508 - INFO -   Mean Error: 0.8907 ± 0.7821°
2025-06-09 16:49:22,508 - INFO -   Range: [0.1358, 3.0827]°
2025-06-09 16:49:22,508 - INFO -   Classification: Normal angle flexibility
2025-06-09 16:49:22,508 - INFO - 
Dihedral Angle Analysis:
2025-06-09 16:49:22,508 - INFO -   Mean Error: 5.2971 ± 3.8756°
2025-06-09 16:49:22,508 - INFO -   Range: [0.1651, 9.3761]°
2025-06-09 16:49:22,508 - INFO -   Classification: Local torsional oscillation
