2025-06-09 16:40:42,430 - INFO - 
Deformation Analysis Summary:
2025-06-09 16:40:42,430 - INFO - ---------------------------
2025-06-09 16:40:42,430 - INFO - Chemical Formula: C10H26N2
2025-06-09 16:40:42,430 - INFO - Isomorphic: True
2025-06-09 16:40:42,430 - INFO - 
Bond Length Analysis:
2025-06-09 16:40:42,430 - INFO -   Mean Error: 0.0073 ± 0.0049 Å
2025-06-09 16:40:42,430 - INFO -   Range: [0.0008, 0.0163] Å
2025-06-09 16:40:42,430 - INFO -   Classification: Normal bond fluctuations
2025-06-09 16:40:42,430 - INFO - 
Bond Angle Analysis:
2025-06-09 16:40:42,430 - INFO -   Mean Error: 2.2247 ± 0.7467°
2025-06-09 16:40:42,430 - INFO -   Range: [0.4322, 3.0412]°
2025-06-09 16:40:42,430 - INFO -   Classification: Normal angle flexibility
2025-06-09 16:40:42,430 - INFO - 
Dihedral Angle Analysis:
2025-06-09 16:40:42,430 - INFO -   Mean Error: 30.9113 ± 39.2277°
2025-06-09 16:40:42,430 - INFO -   Range: [1.7227, 118.1013]°
2025-06-09 16:40:42,430 - INFO -   Classification: Moderate conformational change
2025-06-09 16:49:17,307 - INFO - 
Deformation Analysis Summary:
2025-06-09 16:49:17,307 - INFO - ---------------------------
2025-06-09 16:49:17,307 - INFO - Chemical Formula: C10H26N2
2025-06-09 16:49:17,307 - INFO - Isomorphic: True
2025-06-09 16:49:17,307 - INFO - 
Bond Length Analysis:
2025-06-09 16:49:17,307 - INFO -   Mean Error: 0.0073 ± 0.0049 Å
2025-06-09 16:49:17,307 - INFO -   Range: [0.0008, 0.0163] Å
2025-06-09 16:49:17,307 - INFO -   Classification: Normal bond fluctuations
2025-06-09 16:49:17,307 - INFO - 
Bond Angle Analysis:
2025-06-09 16:49:17,307 - INFO -   Mean Error: 2.2247 ± 0.7467°
2025-06-09 16:49:17,307 - INFO -   Range: [0.4322, 3.0412]°
2025-06-09 16:49:17,307 - INFO -   Classification: Normal angle flexibility
2025-06-09 16:49:17,307 - INFO - 
Dihedral Angle Analysis:
2025-06-09 16:49:17,308 - INFO -   Mean Error: 30.9113 ± 39.2277°
2025-06-09 16:49:17,308 - INFO -   Range: [1.7227, 118.1013]°
2025-06-09 16:49:17,308 - INFO -   Classification: Moderate conformational change
