2025-06-09 16:39:33,399 - INFO - 
Deformation Analysis Summary:
2025-06-09 16:39:33,400 - INFO - ---------------------------
2025-06-09 16:39:33,400 - INFO - Chemical Formula: C7H20N2
2025-06-09 16:39:33,400 - INFO - Isomorphic: True
2025-06-09 16:39:33,400 - INFO - 
Bond Length Analysis:
2025-06-09 16:39:33,400 - INFO -   Mean Error: 0.0089 ± 0.0046 Å
2025-06-09 16:39:33,400 - INFO -   Range: [0.0037, 0.0170] Å
2025-06-09 16:39:33,400 - INFO -   Classification: Normal bond fluctuations
2025-06-09 16:39:33,400 - INFO - 
Bond Angle Analysis:
2025-06-09 16:39:33,400 - INFO -   Mean Error: 3.7189 ± 0.2108°
2025-06-09 16:39:33,400 - INFO -   Range: [3.4245, 4.0015]°
2025-06-09 16:39:33,400 - INFO -   Classification: Normal angle flexibility
2025-06-09 16:39:33,400 - INFO - 
Dihedral Angle Analysis:
2025-06-09 16:39:33,400 - INFO -   Mean Error: 3.5210 ± 2.5470°
2025-06-09 16:39:33,400 - INFO -   Range: [0.7673, 7.4125]°
2025-06-09 16:39:33,400 - INFO -   Classification: Local torsional oscillation
2025-06-09 16:48:09,221 - INFO - 
Deformation Analysis Summary:
2025-06-09 16:48:09,221 - INFO - ---------------------------
2025-06-09 16:48:09,221 - INFO - Chemical Formula: C7H20N2
2025-06-09 16:48:09,221 - INFO - Isomorphic: True
2025-06-09 16:48:09,221 - INFO - 
Bond Length Analysis:
2025-06-09 16:48:09,221 - INFO -   Mean Error: 0.0089 ± 0.0046 Å
2025-06-09 16:48:09,221 - INFO -   Range: [0.0037, 0.0170] Å
2025-06-09 16:48:09,221 - INFO -   Classification: Normal bond fluctuations
2025-06-09 16:48:09,221 - INFO - 
Bond Angle Analysis:
2025-06-09 16:48:09,221 - INFO -   Mean Error: 3.7189 ± 0.2108°
2025-06-09 16:48:09,221 - INFO -   Range: [3.4245, 4.0015]°
2025-06-09 16:48:09,221 - INFO -   Classification: Normal angle flexibility
2025-06-09 16:48:09,221 - INFO - 
Dihedral Angle Analysis:
2025-06-09 16:48:09,221 - INFO -   Mean Error: 3.5210 ± 2.5470°
2025-06-09 16:48:09,221 - INFO -   Range: [0.7673, 7.4125]°
2025-06-09 16:48:09,221 - INFO -   Classification: Local torsional oscillation
