2025-06-09 16:04:20,201 - INFO - 
Deformation Analysis Summary:
2025-06-09 16:04:20,201 - INFO - ---------------------------
2025-06-09 16:04:20,201 - INFO - Chemical Formula: C8H20N2
2025-06-09 16:04:20,201 - INFO - Isomorphic: True
2025-06-09 16:04:20,201 - INFO - 
Bond Length Analysis:
2025-06-09 16:04:20,201 - INFO -   Mean Error: 0.0094 ± 0.0073 Å
2025-06-09 16:04:20,201 - INFO -   Range: [0.0002, 0.0229] Å
2025-06-09 16:04:20,201 - INFO -   Classification: Normal bond fluctuations
2025-06-09 16:04:20,201 - INFO - 
Bond Angle Analysis:
2025-06-09 16:04:20,201 - INFO -   Mean Error: 0.7717 ± 0.4155°
2025-06-09 16:04:20,201 - INFO -   Range: [0.2104, 1.4757]°
2025-06-09 16:04:20,201 - INFO -   Classification: Normal angle flexibility
2025-06-09 16:04:20,201 - INFO - 
Dihedral Angle Analysis:
2025-06-09 16:04:20,201 - INFO -   Mean Error: 6.7552 ± 8.3265°
2025-06-09 16:04:20,201 - INFO -   Range: [0.1241, 26.2526]°
2025-06-09 16:04:20,201 - INFO -   Classification: Local torsional oscillation
