2025-06-09 16:40:53,845 - INFO - 
Deformation Analysis Summary:
2025-06-09 16:40:53,845 - INFO - ---------------------------
2025-06-09 16:40:53,845 - INFO - Chemical Formula: C10H24N2
2025-06-09 16:40:53,845 - INFO - Isomorphic: True
2025-06-09 16:40:53,845 - INFO - 
Bond Length Analysis:
2025-06-09 16:40:53,845 - INFO -   Mean Error: 0.0052 ± 0.0061 Å
2025-06-09 16:40:53,845 - INFO -   Range: [0.0000, 0.0180] Å
2025-06-09 16:40:53,845 - INFO -   Classification: Normal bond fluctuations
2025-06-09 16:40:53,845 - INFO - 
Bond Angle Analysis:
2025-06-09 16:40:53,845 - INFO -   Mean Error: 0.9241 ± 0.6775°
2025-06-09 16:40:53,845 - INFO -   Range: [0.0322, 2.1950]°
2025-06-09 16:40:53,845 - INFO -   Classification: Normal angle flexibility
2025-06-09 16:40:53,845 - INFO - 
Dihedral Angle Analysis:
2025-06-09 16:40:53,845 - INFO -   Mean Error: 4.3222 ± 3.1542°
2025-06-09 16:40:53,845 - INFO -   Range: [0.4224, 10.2230]°
2025-06-09 16:40:53,845 - INFO -   Classification: Local torsional oscillation
2025-06-09 16:49:24,766 - INFO - 
Deformation Analysis Summary:
2025-06-09 16:49:24,766 - INFO - ---------------------------
2025-06-09 16:49:24,766 - INFO - Chemical Formula: C10H24N2
2025-06-09 16:49:24,766 - INFO - Isomorphic: True
2025-06-09 16:49:24,766 - INFO - 
Bond Length Analysis:
2025-06-09 16:49:24,766 - INFO -   Mean Error: 0.0052 ± 0.0061 Å
2025-06-09 16:49:24,766 - INFO -   Range: [0.0000, 0.0180] Å
2025-06-09 16:49:24,766 - INFO -   Classification: Normal bond fluctuations
2025-06-09 16:49:24,766 - INFO - 
Bond Angle Analysis:
2025-06-09 16:49:24,766 - INFO -   Mean Error: 0.9241 ± 0.6775°
2025-06-09 16:49:24,766 - INFO -   Range: [0.0322, 2.1950]°
2025-06-09 16:49:24,766 - INFO -   Classification: Normal angle flexibility
2025-06-09 16:49:24,766 - INFO - 
Dihedral Angle Analysis:
2025-06-09 16:49:24,766 - INFO -   Mean Error: 4.3222 ± 3.1542°
2025-06-09 16:49:24,766 - INFO -   Range: [0.4224, 10.2230]°
2025-06-09 16:49:24,766 - INFO -   Classification: Local torsional oscillation
