2025-06-09 16:40:27,619 - INFO - 
Deformation Analysis Summary:
2025-06-09 16:40:27,619 - INFO - ---------------------------
2025-06-09 16:40:27,620 - INFO - Chemical Formula: C6H16N2
2025-06-09 16:40:27,620 - INFO - Isomorphic: True
2025-06-09 16:40:27,620 - INFO - 
Bond Length Analysis:
2025-06-09 16:40:27,620 - INFO -   Mean Error: 0.0122 ± 0.0091 Å
2025-06-09 16:40:27,620 - INFO -   Range: [0.0023, 0.0213] Å
2025-06-09 16:40:27,620 - INFO -   Classification: Normal bond fluctuations
2025-06-09 16:40:27,620 - INFO - 
Bond Angle Analysis:
2025-06-09 16:40:27,620 - INFO -   Mean Error: 0.7748 ± 0.3026°
2025-06-09 16:40:27,620 - INFO -   Range: [0.4292, 1.3190]°
2025-06-09 16:40:27,620 - INFO -   Classification: Normal angle flexibility
2025-06-09 16:40:27,620 - INFO - 
Dihedral Angle Analysis:
2025-06-09 16:40:27,620 - INFO -   Mean Error: 148.6133 ± 119.0464°
2025-06-09 16:40:27,620 - INFO -   Range: [1.8126, 247.5923]°
2025-06-09 16:40:27,620 - INFO -   Classification: Moderate conformational change
2025-06-09 16:49:02,398 - INFO - 
Deformation Analysis Summary:
2025-06-09 16:49:02,398 - INFO - ---------------------------
2025-06-09 16:49:02,398 - INFO - Chemical Formula: C6H16N2
2025-06-09 16:49:02,398 - INFO - Isomorphic: True
2025-06-09 16:49:02,398 - INFO - 
Bond Length Analysis:
2025-06-09 16:49:02,398 - INFO -   Mean Error: 0.0122 ± 0.0091 Å
2025-06-09 16:49:02,398 - INFO -   Range: [0.0023, 0.0213] Å
2025-06-09 16:49:02,398 - INFO -   Classification: Normal bond fluctuations
2025-06-09 16:49:02,398 - INFO - 
Bond Angle Analysis:
2025-06-09 16:49:02,398 - INFO -   Mean Error: 0.7748 ± 0.3026°
2025-06-09 16:49:02,398 - INFO -   Range: [0.4292, 1.3190]°
2025-06-09 16:49:02,398 - INFO -   Classification: Normal angle flexibility
2025-06-09 16:49:02,398 - INFO - 
Dihedral Angle Analysis:
2025-06-09 16:49:02,398 - INFO -   Mean Error: 148.6133 ± 119.0464°
2025-06-09 16:49:02,398 - INFO -   Range: [1.8126, 247.5923]°
2025-06-09 16:49:02,398 - INFO -   Classification: Moderate conformational change
