2025-06-09 16:40:38,444 - INFO - 
Deformation Analysis Summary:
2025-06-09 16:40:38,444 - INFO - ---------------------------
2025-06-09 16:40:38,444 - INFO - Chemical Formula: C10H18N2
2025-06-09 16:40:38,444 - INFO - Isomorphic: True
2025-06-09 16:40:38,444 - INFO - 
Bond Length Analysis:
2025-06-09 16:40:38,444 - INFO -   Mean Error: 0.0090 ± 0.0057 Å
2025-06-09 16:40:38,445 - INFO -   Range: [0.0023, 0.0212] Å
2025-06-09 16:40:38,445 - INFO -   Classification: Normal bond fluctuations
2025-06-09 16:40:38,445 - INFO - 
Bond Angle Analysis:
2025-06-09 16:40:38,445 - INFO -   Mean Error: 0.5456 ± 0.4730°
2025-06-09 16:40:38,445 - INFO -   Range: [0.0425, 1.4509]°
2025-06-09 16:40:38,445 - INFO -   Classification: Normal angle flexibility
2025-06-09 16:40:38,445 - INFO - 
Dihedral Angle Analysis:
2025-06-09 16:40:38,445 - INFO -   Mean Error: 3.0977 ± 4.9694°
2025-06-09 16:40:38,445 - INFO -   Range: [0.0004, 16.8543]°
2025-06-09 16:40:38,445 - INFO -   Classification: Local torsional oscillation
2025-06-09 16:49:10,523 - INFO - 
Deformation Analysis Summary:
2025-06-09 16:49:10,523 - INFO - ---------------------------
2025-06-09 16:49:10,523 - INFO - Chemical Formula: C10H18N2
2025-06-09 16:49:10,523 - INFO - Isomorphic: True
2025-06-09 16:49:10,523 - INFO - 
Bond Length Analysis:
2025-06-09 16:49:10,523 - INFO -   Mean Error: 0.0090 ± 0.0057 Å
2025-06-09 16:49:10,523 - INFO -   Range: [0.0023, 0.0212] Å
2025-06-09 16:49:10,523 - INFO -   Classification: Normal bond fluctuations
2025-06-09 16:49:10,523 - INFO - 
Bond Angle Analysis:
2025-06-09 16:49:10,523 - INFO -   Mean Error: 0.5456 ± 0.4730°
2025-06-09 16:49:10,523 - INFO -   Range: [0.0425, 1.4509]°
2025-06-09 16:49:10,524 - INFO -   Classification: Normal angle flexibility
2025-06-09 16:49:10,524 - INFO - 
Dihedral Angle Analysis:
2025-06-09 16:49:10,524 - INFO -   Mean Error: 3.0977 ± 4.9694°
2025-06-09 16:49:10,524 - INFO -   Range: [0.0004, 16.8543]°
2025-06-09 16:49:10,524 - INFO -   Classification: Local torsional oscillation
