2025-06-09 16:40:01,903 - INFO - 
Deformation Analysis Summary:
2025-06-09 16:40:01,903 - INFO - ---------------------------
2025-06-09 16:40:01,903 - INFO - Chemical Formula: C7H20N2
2025-06-09 16:40:01,904 - INFO - Isomorphic: True
2025-06-09 16:40:01,904 - INFO - 
Bond Length Analysis:
2025-06-09 16:40:01,904 - INFO -   Mean Error: 0.0096 ± 0.0054 Å
2025-06-09 16:40:01,904 - INFO -   Range: [0.0042, 0.0194] Å
2025-06-09 16:40:01,904 - INFO -   Classification: Normal bond fluctuations
2025-06-09 16:40:01,904 - INFO - 
Bond Angle Analysis:
2025-06-09 16:40:01,904 - INFO -   Mean Error: 2.8397 ± 0.3239°
2025-06-09 16:40:01,904 - INFO -   Range: [2.4483, 3.4695]°
2025-06-09 16:40:01,904 - INFO -   Classification: Normal angle flexibility
2025-06-09 16:40:01,904 - INFO - 
Dihedral Angle Analysis:
2025-06-09 16:40:01,904 - INFO -   Mean Error: 2.9612 ± 2.5826°
2025-06-09 16:40:01,904 - INFO -   Range: [0.1399, 7.1781]°
2025-06-09 16:40:01,904 - INFO -   Classification: Local torsional oscillation
2025-06-09 16:48:33,348 - INFO - 
Deformation Analysis Summary:
2025-06-09 16:48:33,348 - INFO - ---------------------------
2025-06-09 16:48:33,348 - INFO - Chemical Formula: C7H20N2
2025-06-09 16:48:33,348 - INFO - Isomorphic: True
2025-06-09 16:48:33,348 - INFO - 
Bond Length Analysis:
2025-06-09 16:48:33,348 - INFO -   Mean Error: 0.0096 ± 0.0054 Å
2025-06-09 16:48:33,348 - INFO -   Range: [0.0042, 0.0194] Å
2025-06-09 16:48:33,348 - INFO -   Classification: Normal bond fluctuations
2025-06-09 16:48:33,348 - INFO - 
Bond Angle Analysis:
2025-06-09 16:48:33,348 - INFO -   Mean Error: 2.8397 ± 0.3239°
2025-06-09 16:48:33,348 - INFO -   Range: [2.4483, 3.4695]°
2025-06-09 16:48:33,348 - INFO -   Classification: Normal angle flexibility
2025-06-09 16:48:33,348 - INFO - 
Dihedral Angle Analysis:
2025-06-09 16:48:33,348 - INFO -   Mean Error: 2.9612 ± 2.5826°
2025-06-09 16:48:33,348 - INFO -   Range: [0.1399, 7.1781]°
2025-06-09 16:48:33,348 - INFO -   Classification: Local torsional oscillation
