2025-06-09 16:40:34,221 - INFO - 
Deformation Analysis Summary:
2025-06-09 16:40:34,221 - INFO - ---------------------------
2025-06-09 16:40:34,221 - INFO - Chemical Formula: C5H16N2
2025-06-09 16:40:34,221 - INFO - Isomorphic: True
2025-06-09 16:40:34,221 - INFO - 
Bond Length Analysis:
2025-06-09 16:40:34,221 - INFO -   Mean Error: 0.0171 ± 0.0138 Å
2025-06-09 16:40:34,221 - INFO -   Range: [0.0001, 0.0364] Å
2025-06-09 16:40:34,221 - INFO -   Classification: Normal bond fluctuations
2025-06-09 16:40:34,221 - INFO - 
Bond Angle Analysis:
2025-06-09 16:40:34,221 - INFO -   Mean Error: 1.6005 ± 0.9657°
2025-06-09 16:40:34,221 - INFO -   Range: [0.6386, 3.8468]°
2025-06-09 16:40:34,221 - INFO -   Classification: Normal angle flexibility
2025-06-09 16:40:34,221 - INFO - 
Dihedral Angle Analysis:
2025-06-09 16:40:34,221 - INFO -   Mean Error: 163.0216 ± 105.6597°
2025-06-09 16:40:34,221 - INFO -   Range: [5.9545, 260.6328]°
2025-06-09 16:40:34,221 - INFO -   Classification: Moderate conformational change
2025-06-09 16:49:06,227 - INFO - 
Deformation Analysis Summary:
2025-06-09 16:49:06,227 - INFO - ---------------------------
2025-06-09 16:49:06,227 - INFO - Chemical Formula: C5H16N2
2025-06-09 16:49:06,227 - INFO - Isomorphic: True
2025-06-09 16:49:06,227 - INFO - 
Bond Length Analysis:
2025-06-09 16:49:06,227 - INFO -   Mean Error: 0.0171 ± 0.0138 Å
2025-06-09 16:49:06,227 - INFO -   Range: [0.0001, 0.0364] Å
2025-06-09 16:49:06,227 - INFO -   Classification: Normal bond fluctuations
2025-06-09 16:49:06,227 - INFO - 
Bond Angle Analysis:
2025-06-09 16:49:06,227 - INFO -   Mean Error: 1.6005 ± 0.9657°
2025-06-09 16:49:06,227 - INFO -   Range: [0.6386, 3.8468]°
2025-06-09 16:49:06,227 - INFO -   Classification: Normal angle flexibility
2025-06-09 16:49:06,227 - INFO - 
Dihedral Angle Analysis:
2025-06-09 16:49:06,227 - INFO -   Mean Error: 163.0216 ± 105.6597°
2025-06-09 16:49:06,227 - INFO -   Range: [5.9545, 260.6328]°
2025-06-09 16:49:06,227 - INFO -   Classification: Moderate conformational change
