2025-06-09 16:40:39,336 - INFO - 
Deformation Analysis Summary:
2025-06-09 16:40:39,336 - INFO - ---------------------------
2025-06-09 16:40:39,336 - INFO - Chemical Formula: C9H24N2
2025-06-09 16:40:39,336 - INFO - Isomorphic: True
2025-06-09 16:40:39,336 - INFO - 
Bond Length Analysis:
2025-06-09 16:40:39,336 - INFO -   Mean Error: 0.0098 ± 0.0073 Å
2025-06-09 16:40:39,336 - INFO -   Range: [0.0020, 0.0235] Å
2025-06-09 16:40:39,336 - INFO -   Classification: Normal bond fluctuations
2025-06-09 16:40:39,336 - INFO - 
Bond Angle Analysis:
2025-06-09 16:40:39,336 - INFO -   Mean Error: 1.1124 ± 0.7841°
2025-06-09 16:40:39,336 - INFO -   Range: [0.1461, 2.5087]°
2025-06-09 16:40:39,337 - INFO -   Classification: Normal angle flexibility
2025-06-09 16:40:39,337 - INFO - 
Dihedral Angle Analysis:
2025-06-09 16:40:39,337 - INFO -   Mean Error: 16.5680 ± 25.6413°
2025-06-09 16:40:39,337 - INFO -   Range: [2.0193, 91.9132]°
2025-06-09 16:40:39,337 - INFO -   Classification: Local torsional oscillation
2025-06-09 16:49:11,971 - INFO - 
Deformation Analysis Summary:
2025-06-09 16:49:11,971 - INFO - ---------------------------
2025-06-09 16:49:11,971 - INFO - Chemical Formula: C9H24N2
2025-06-09 16:49:11,971 - INFO - Isomorphic: True
2025-06-09 16:49:11,971 - INFO - 
Bond Length Analysis:
2025-06-09 16:49:11,971 - INFO -   Mean Error: 0.0098 ± 0.0073 Å
2025-06-09 16:49:11,971 - INFO -   Range: [0.0020, 0.0235] Å
2025-06-09 16:49:11,971 - INFO -   Classification: Normal bond fluctuations
2025-06-09 16:49:11,971 - INFO - 
Bond Angle Analysis:
2025-06-09 16:49:11,971 - INFO -   Mean Error: 1.1124 ± 0.7841°
2025-06-09 16:49:11,972 - INFO -   Range: [0.1461, 2.5087]°
2025-06-09 16:49:11,972 - INFO -   Classification: Normal angle flexibility
2025-06-09 16:49:11,972 - INFO - 
Dihedral Angle Analysis:
2025-06-09 16:49:11,972 - INFO -   Mean Error: 16.5680 ± 25.6413°
2025-06-09 16:49:11,972 - INFO -   Range: [2.0193, 91.9132]°
2025-06-09 16:49:11,972 - INFO -   Classification: Local torsional oscillation
