2025-06-09 16:40:19,570 - INFO - 
Deformation Analysis Summary:
2025-06-09 16:40:19,570 - INFO - ---------------------------
2025-06-09 16:40:19,571 - INFO - Chemical Formula: C8H22N2
2025-06-09 16:40:19,571 - INFO - Isomorphic: True
2025-06-09 16:40:19,571 - INFO - 
Bond Length Analysis:
2025-06-09 16:40:19,571 - INFO -   Mean Error: 0.0170 ± 0.0035 Å
2025-06-09 16:40:19,571 - INFO -   Range: [0.0121, 0.0228] Å
2025-06-09 16:40:19,571 - INFO -   Classification: Normal bond fluctuations
2025-06-09 16:40:19,571 - INFO - 
Bond Angle Analysis:
2025-06-09 16:40:19,571 - INFO -   Mean Error: 1.2105 ± 1.0791°
2025-06-09 16:40:19,571 - INFO -   Range: [0.0011, 2.8507]°
2025-06-09 16:40:19,571 - INFO -   Classification: Normal angle flexibility
2025-06-09 16:40:19,571 - INFO - 
Dihedral Angle Analysis:
2025-06-09 16:40:19,571 - INFO -   Mean Error: 100.4448 ± 96.3319°
2025-06-09 16:40:19,571 - INFO -   Range: [0.4664, 241.9965]°
2025-06-09 16:40:19,571 - INFO -   Classification: Moderate conformational change
2025-06-09 16:48:50,900 - INFO - 
Deformation Analysis Summary:
2025-06-09 16:48:50,900 - INFO - ---------------------------
2025-06-09 16:48:50,900 - INFO - Chemical Formula: C8H22N2
2025-06-09 16:48:50,900 - INFO - Isomorphic: True
2025-06-09 16:48:50,900 - INFO - 
Bond Length Analysis:
2025-06-09 16:48:50,900 - INFO -   Mean Error: 0.0170 ± 0.0035 Å
2025-06-09 16:48:50,900 - INFO -   Range: [0.0121, 0.0228] Å
2025-06-09 16:48:50,900 - INFO -   Classification: Normal bond fluctuations
2025-06-09 16:48:50,900 - INFO - 
Bond Angle Analysis:
2025-06-09 16:48:50,900 - INFO -   Mean Error: 1.2105 ± 1.0791°
2025-06-09 16:48:50,900 - INFO -   Range: [0.0011, 2.8507]°
2025-06-09 16:48:50,900 - INFO -   Classification: Normal angle flexibility
2025-06-09 16:48:50,900 - INFO - 
Dihedral Angle Analysis:
2025-06-09 16:48:50,900 - INFO -   Mean Error: 100.4448 ± 96.3319°
2025-06-09 16:48:50,900 - INFO -   Range: [0.4664, 241.9965]°
2025-06-09 16:48:50,900 - INFO -   Classification: Moderate conformational change
