2025-06-09 16:40:21,268 - INFO - 
Deformation Analysis Summary:
2025-06-09 16:40:21,268 - INFO - ---------------------------
2025-06-09 16:40:21,268 - INFO - Chemical Formula: C9H24N2
2025-06-09 16:40:21,268 - INFO - Isomorphic: True
2025-06-09 16:40:21,268 - INFO - 
Bond Length Analysis:
2025-06-09 16:40:21,268 - INFO -   Mean Error: 0.0084 ± 0.0056 Å
2025-06-09 16:40:21,268 - INFO -   Range: [0.0019, 0.0184] Å
2025-06-09 16:40:21,268 - INFO -   Classification: Normal bond fluctuations
2025-06-09 16:40:21,268 - INFO - 
Bond Angle Analysis:
2025-06-09 16:40:21,268 - INFO -   Mean Error: 2.0893 ± 1.6013°
2025-06-09 16:40:21,268 - INFO -   Range: [0.0230, 4.4565]°
2025-06-09 16:40:21,268 - INFO -   Classification: Normal angle flexibility
2025-06-09 16:40:21,268 - INFO - 
Dihedral Angle Analysis:
2025-06-09 16:40:21,268 - INFO -   Mean Error: 101.6805 ± 112.8569°
2025-06-09 16:40:21,268 - INFO -   Range: [0.8461, 256.8216]°
2025-06-09 16:40:21,268 - INFO -   Classification: Moderate conformational change
2025-06-09 16:48:53,695 - INFO - 
Deformation Analysis Summary:
2025-06-09 16:48:53,695 - INFO - ---------------------------
2025-06-09 16:48:53,696 - INFO - Chemical Formula: C9H24N2
2025-06-09 16:48:53,696 - INFO - Isomorphic: True
2025-06-09 16:48:53,696 - INFO - 
Bond Length Analysis:
2025-06-09 16:48:53,696 - INFO -   Mean Error: 0.0084 ± 0.0056 Å
2025-06-09 16:48:53,696 - INFO -   Range: [0.0019, 0.0184] Å
2025-06-09 16:48:53,696 - INFO -   Classification: Normal bond fluctuations
2025-06-09 16:48:53,696 - INFO - 
Bond Angle Analysis:
2025-06-09 16:48:53,696 - INFO -   Mean Error: 2.0893 ± 1.6013°
2025-06-09 16:48:53,696 - INFO -   Range: [0.0230, 4.4565]°
2025-06-09 16:48:53,696 - INFO -   Classification: Normal angle flexibility
2025-06-09 16:48:53,696 - INFO - 
Dihedral Angle Analysis:
2025-06-09 16:48:53,696 - INFO -   Mean Error: 101.6805 ± 112.8569°
2025-06-09 16:48:53,696 - INFO -   Range: [0.8461, 256.8216]°
2025-06-09 16:48:53,696 - INFO -   Classification: Moderate conformational change
