2025-06-09 16:39:49,290 - INFO - 
Deformation Analysis Summary:
2025-06-09 16:39:49,290 - INFO - ---------------------------
2025-06-09 16:39:49,290 - INFO - Chemical Formula: C3H12N2
2025-06-09 16:39:49,290 - INFO - Isomorphic: True
2025-06-09 16:39:49,290 - INFO - 
Bond Length Analysis:
2025-06-09 16:39:49,290 - INFO -   Mean Error: 0.0128 ± 0.0075 Å
2025-06-09 16:39:49,290 - INFO -   Range: [0.0053, 0.0207] Å
2025-06-09 16:39:49,290 - INFO -   Classification: Normal bond fluctuations
2025-06-09 16:39:49,290 - INFO - 
Bond Angle Analysis:
2025-06-09 16:39:49,290 - INFO -   Mean Error: 3.1041 ± 0.8444°
2025-06-09 16:39:49,290 - INFO -   Range: [2.4197, 4.2937]°
2025-06-09 16:39:49,290 - INFO -   Classification: Normal angle flexibility
2025-06-09 16:39:49,290 - INFO - 
Dihedral Angle Analysis:
2025-06-09 16:39:49,290 - INFO -   Mean Error: 0.3048 ± 0.2811°
2025-06-09 16:39:49,290 - INFO -   Range: [0.0237, 0.5858]°
2025-06-09 16:39:49,290 - INFO -   Classification: Local torsional oscillation
2025-06-09 16:48:24,216 - INFO - 
Deformation Analysis Summary:
2025-06-09 16:48:24,216 - INFO - ---------------------------
2025-06-09 16:48:24,216 - INFO - Chemical Formula: C3H12N2
2025-06-09 16:48:24,216 - INFO - Isomorphic: True
2025-06-09 16:48:24,216 - INFO - 
Bond Length Analysis:
2025-06-09 16:48:24,216 - INFO -   Mean Error: 0.0128 ± 0.0075 Å
2025-06-09 16:48:24,216 - INFO -   Range: [0.0053, 0.0207] Å
2025-06-09 16:48:24,216 - INFO -   Classification: Normal bond fluctuations
2025-06-09 16:48:24,216 - INFO - 
Bond Angle Analysis:
2025-06-09 16:48:24,216 - INFO -   Mean Error: 3.1041 ± 0.8444°
2025-06-09 16:48:24,216 - INFO -   Range: [2.4197, 4.2937]°
2025-06-09 16:48:24,216 - INFO -   Classification: Normal angle flexibility
2025-06-09 16:48:24,216 - INFO - 
Dihedral Angle Analysis:
2025-06-09 16:48:24,216 - INFO -   Mean Error: 0.3048 ± 0.2811°
2025-06-09 16:48:24,216 - INFO -   Range: [0.0237, 0.5858]°
2025-06-09 16:48:24,216 - INFO -   Classification: Local torsional oscillation
