2025-06-09 16:40:33,270 - INFO - 
Deformation Analysis Summary:
2025-06-09 16:40:33,270 - INFO - ---------------------------
2025-06-09 16:40:33,270 - INFO - Chemical Formula: C12H28N2
2025-06-09 16:40:33,270 - INFO - Isomorphic: True
2025-06-09 16:40:33,270 - INFO - 
Bond Length Analysis:
2025-06-09 16:40:33,270 - INFO -   Mean Error: 0.0085 ± 0.0061 Å
2025-06-09 16:40:33,270 - INFO -   Range: [0.0002, 0.0278] Å
2025-06-09 16:40:33,270 - INFO -   Classification: Normal bond fluctuations
2025-06-09 16:40:33,270 - INFO - 
Bond Angle Analysis:
2025-06-09 16:40:33,270 - INFO -   Mean Error: 0.9421 ± 1.2390°
2025-06-09 16:40:33,270 - INFO -   Range: [0.0328, 5.3528]°
2025-06-09 16:40:33,270 - INFO -   Classification: Normal angle flexibility
2025-06-09 16:40:33,270 - INFO - 
Dihedral Angle Analysis:
2025-06-09 16:40:33,270 - INFO -   Mean Error: 16.5818 ± 37.7085°
2025-06-09 16:40:33,270 - INFO -   Range: [0.0093, 127.7126]°
2025-06-09 16:40:33,270 - INFO -   Classification: Local torsional oscillation
2025-06-09 16:49:05,648 - INFO - 
Deformation Analysis Summary:
2025-06-09 16:49:05,648 - INFO - ---------------------------
2025-06-09 16:49:05,648 - INFO - Chemical Formula: C12H28N2
2025-06-09 16:49:05,648 - INFO - Isomorphic: True
2025-06-09 16:49:05,648 - INFO - 
Bond Length Analysis:
2025-06-09 16:49:05,648 - INFO -   Mean Error: 0.0085 ± 0.0061 Å
2025-06-09 16:49:05,648 - INFO -   Range: [0.0002, 0.0278] Å
2025-06-09 16:49:05,648 - INFO -   Classification: Normal bond fluctuations
2025-06-09 16:49:05,648 - INFO - 
Bond Angle Analysis:
2025-06-09 16:49:05,648 - INFO -   Mean Error: 0.9421 ± 1.2390°
2025-06-09 16:49:05,648 - INFO -   Range: [0.0328, 5.3528]°
2025-06-09 16:49:05,648 - INFO -   Classification: Normal angle flexibility
2025-06-09 16:49:05,648 - INFO - 
Dihedral Angle Analysis:
2025-06-09 16:49:05,648 - INFO -   Mean Error: 16.5818 ± 37.7085°
2025-06-09 16:49:05,649 - INFO -   Range: [0.0093, 127.7126]°
2025-06-09 16:49:05,649 - INFO -   Classification: Local torsional oscillation
