2025-06-09 16:40:00,621 - INFO - 
Deformation Analysis Summary:
2025-06-09 16:40:00,621 - INFO - ---------------------------
2025-06-09 16:40:00,621 - INFO - Chemical Formula: C6H10N2
2025-06-09 16:40:00,621 - INFO - Isomorphic: True
2025-06-09 16:40:00,621 - INFO - 
Bond Length Analysis:
2025-06-09 16:40:00,621 - INFO -   Mean Error: 0.0393 ± 0.0165 Å
2025-06-09 16:40:00,621 - INFO -   Range: [0.0106, 0.0515] Å
2025-06-09 16:40:00,621 - INFO -   Classification: Normal bond fluctuations
2025-06-09 16:40:00,621 - INFO - 
Bond Angle Analysis:
2025-06-09 16:40:00,621 - INFO -   Mean Error: 4.3405 ± 1.3100°
2025-06-09 16:40:00,621 - INFO -   Range: [2.9028, 6.1438]°
2025-06-09 16:40:00,621 - INFO -   Classification: Normal angle flexibility
2025-06-09 16:40:00,621 - INFO - 
Dihedral Angle Analysis:
2025-06-09 16:40:00,621 - INFO -   Mean Error: 124.1939 ± 151.2416°
2025-06-09 16:40:00,621 - INFO -   Range: [5.4884, 354.4768]°
2025-06-09 16:40:00,621 - INFO -   Classification: Local torsional oscillation
2025-06-09 16:48:31,984 - INFO - 
Deformation Analysis Summary:
2025-06-09 16:48:31,984 - INFO - ---------------------------
2025-06-09 16:48:31,984 - INFO - Chemical Formula: C6H10N2
2025-06-09 16:48:31,984 - INFO - Isomorphic: True
2025-06-09 16:48:31,984 - INFO - 
Bond Length Analysis:
2025-06-09 16:48:31,985 - INFO -   Mean Error: 0.0393 ± 0.0165 Å
2025-06-09 16:48:31,985 - INFO -   Range: [0.0106, 0.0515] Å
2025-06-09 16:48:31,985 - INFO -   Classification: Normal bond fluctuations
2025-06-09 16:48:31,985 - INFO - 
Bond Angle Analysis:
2025-06-09 16:48:31,985 - INFO -   Mean Error: 4.3405 ± 1.3100°
2025-06-09 16:48:31,985 - INFO -   Range: [2.9028, 6.1438]°
2025-06-09 16:48:31,985 - INFO -   Classification: Normal angle flexibility
2025-06-09 16:48:31,985 - INFO - 
Dihedral Angle Analysis:
2025-06-09 16:48:31,985 - INFO -   Mean Error: 124.1939 ± 151.2416°
2025-06-09 16:48:31,985 - INFO -   Range: [5.4884, 354.4768]°
2025-06-09 16:48:31,985 - INFO -   Classification: Local torsional oscillation
