2025-06-09 16:40:56,362 - INFO - 
Deformation Analysis Summary:
2025-06-09 16:40:56,362 - INFO - ---------------------------
2025-06-09 16:40:56,362 - INFO - Chemical Formula: C9H24N2
2025-06-09 16:40:56,362 - INFO - Isomorphic: True
2025-06-09 16:40:56,362 - INFO - 
Bond Length Analysis:
2025-06-09 16:40:56,362 - INFO -   Mean Error: 0.0076 ± 0.0057 Å
2025-06-09 16:40:56,362 - INFO -   Range: [0.0008, 0.0211] Å
2025-06-09 16:40:56,362 - INFO -   Classification: Normal bond fluctuations
2025-06-09 16:40:56,362 - INFO - 
Bond Angle Analysis:
2025-06-09 16:40:56,362 - INFO -   Mean Error: 1.1054 ± 0.8508°
2025-06-09 16:40:56,362 - INFO -   Range: [0.1328, 2.4860]°
2025-06-09 16:40:56,362 - INFO -   Classification: Normal angle flexibility
2025-06-09 16:40:56,362 - INFO - 
Dihedral Angle Analysis:
2025-06-09 16:40:56,362 - INFO -   Mean Error: 25.9697 ± 29.6004°
2025-06-09 16:40:56,362 - INFO -   Range: [0.7871, 99.2441]°
2025-06-09 16:40:56,362 - INFO -   Classification: Local torsional oscillation
2025-06-09 16:49:27,879 - INFO - 
Deformation Analysis Summary:
2025-06-09 16:49:27,880 - INFO - ---------------------------
2025-06-09 16:49:27,880 - INFO - Chemical Formula: C9H24N2
2025-06-09 16:49:27,880 - INFO - Isomorphic: True
2025-06-09 16:49:27,880 - INFO - 
Bond Length Analysis:
2025-06-09 16:49:27,880 - INFO -   Mean Error: 0.0076 ± 0.0057 Å
2025-06-09 16:49:27,880 - INFO -   Range: [0.0008, 0.0211] Å
2025-06-09 16:49:27,880 - INFO -   Classification: Normal bond fluctuations
2025-06-09 16:49:27,880 - INFO - 
Bond Angle Analysis:
2025-06-09 16:49:27,880 - INFO -   Mean Error: 1.1054 ± 0.8508°
2025-06-09 16:49:27,880 - INFO -   Range: [0.1328, 2.4860]°
2025-06-09 16:49:27,880 - INFO -   Classification: Normal angle flexibility
2025-06-09 16:49:27,880 - INFO - 
Dihedral Angle Analysis:
2025-06-09 16:49:27,880 - INFO -   Mean Error: 25.9697 ± 29.6004°
2025-06-09 16:49:27,880 - INFO -   Range: [0.7871, 99.2441]°
2025-06-09 16:49:27,880 - INFO -   Classification: Local torsional oscillation
