2025-06-09 16:39:35,987 - INFO - 
Deformation Analysis Summary:
2025-06-09 16:39:35,987 - INFO - ---------------------------
2025-06-09 16:39:35,987 - INFO - Chemical Formula: C6H10N2
2025-06-09 16:39:35,987 - INFO - Isomorphic: True
2025-06-09 16:39:35,987 - INFO - 
Bond Length Analysis:
2025-06-09 16:39:35,987 - INFO -   Mean Error: 0.0377 ± 0.0137 Å
2025-06-09 16:39:35,987 - INFO -   Range: [0.0117, 0.0472] Å
2025-06-09 16:39:35,987 - INFO -   Classification: Normal bond fluctuations
2025-06-09 16:39:35,987 - INFO - 
Bond Angle Analysis:
2025-06-09 16:39:35,987 - INFO -   Mean Error: 4.2688 ± 1.4510°
2025-06-09 16:39:35,987 - INFO -   Range: [2.6193, 6.5329]°
2025-06-09 16:39:35,987 - INFO -   Classification: Normal angle flexibility
2025-06-09 16:39:35,987 - INFO - 
Dihedral Angle Analysis:
2025-06-09 16:39:35,987 - INFO -   Mean Error: 18.2070 ± 15.3671°
2025-06-09 16:39:35,987 - INFO -   Range: [5.4661, 37.5419]°
2025-06-09 16:39:35,987 - INFO -   Classification: Local torsional oscillation
2025-06-09 16:48:11,685 - INFO - 
Deformation Analysis Summary:
2025-06-09 16:48:11,686 - INFO - ---------------------------
2025-06-09 16:48:11,686 - INFO - Chemical Formula: C6H10N2
2025-06-09 16:48:11,686 - INFO - Isomorphic: True
2025-06-09 16:48:11,686 - INFO - 
Bond Length Analysis:
2025-06-09 16:48:11,686 - INFO -   Mean Error: 0.0377 ± 0.0137 Å
2025-06-09 16:48:11,686 - INFO -   Range: [0.0117, 0.0472] Å
2025-06-09 16:48:11,686 - INFO -   Classification: Normal bond fluctuations
2025-06-09 16:48:11,686 - INFO - 
Bond Angle Analysis:
2025-06-09 16:48:11,686 - INFO -   Mean Error: 4.2688 ± 1.4510°
2025-06-09 16:48:11,686 - INFO -   Range: [2.6193, 6.5329]°
2025-06-09 16:48:11,686 - INFO -   Classification: Normal angle flexibility
2025-06-09 16:48:11,686 - INFO - 
Dihedral Angle Analysis:
2025-06-09 16:48:11,686 - INFO -   Mean Error: 18.2070 ± 15.3671°
2025-06-09 16:48:11,686 - INFO -   Range: [5.4661, 37.5419]°
2025-06-09 16:48:11,686 - INFO -   Classification: Local torsional oscillation
