2025-06-09 16:39:55,912 - INFO - 
Deformation Analysis Summary:
2025-06-09 16:39:55,912 - INFO - ---------------------------
2025-06-09 16:39:55,912 - INFO - Chemical Formula: C10H26N2
2025-06-09 16:39:55,912 - INFO - Isomorphic: True
2025-06-09 16:39:55,912 - INFO - 
Bond Length Analysis:
2025-06-09 16:39:55,912 - INFO -   Mean Error: 0.0146 ± 0.0076 Å
2025-06-09 16:39:55,912 - INFO -   Range: [0.0018, 0.0263] Å
2025-06-09 16:39:55,912 - INFO -   Classification: Normal bond fluctuations
2025-06-09 16:39:55,912 - INFO - 
Bond Angle Analysis:
2025-06-09 16:39:55,912 - INFO -   Mean Error: 1.6195 ± 0.8900°
2025-06-09 16:39:55,912 - INFO -   Range: [0.2955, 3.5633]°
2025-06-09 16:39:55,912 - INFO -   Classification: Normal angle flexibility
2025-06-09 16:39:55,912 - INFO - 
Dihedral Angle Analysis:
2025-06-09 16:39:55,912 - INFO -   Mean Error: 147.6015 ± 112.1892°
2025-06-09 16:39:55,912 - INFO -   Range: [5.7294, 263.1745]°
2025-06-09 16:39:55,913 - INFO -   Classification: Moderate conformational change
2025-06-09 16:48:29,320 - INFO - 
Deformation Analysis Summary:
2025-06-09 16:48:29,320 - INFO - ---------------------------
2025-06-09 16:48:29,320 - INFO - Chemical Formula: C10H26N2
2025-06-09 16:48:29,320 - INFO - Isomorphic: True
2025-06-09 16:48:29,320 - INFO - 
Bond Length Analysis:
2025-06-09 16:48:29,320 - INFO -   Mean Error: 0.0146 ± 0.0076 Å
2025-06-09 16:48:29,320 - INFO -   Range: [0.0018, 0.0263] Å
2025-06-09 16:48:29,320 - INFO -   Classification: Normal bond fluctuations
2025-06-09 16:48:29,320 - INFO - 
Bond Angle Analysis:
2025-06-09 16:48:29,320 - INFO -   Mean Error: 1.6195 ± 0.8900°
2025-06-09 16:48:29,320 - INFO -   Range: [0.2955, 3.5633]°
2025-06-09 16:48:29,320 - INFO -   Classification: Normal angle flexibility
2025-06-09 16:48:29,320 - INFO - 
Dihedral Angle Analysis:
2025-06-09 16:48:29,320 - INFO -   Mean Error: 147.6015 ± 112.1892°
2025-06-09 16:48:29,320 - INFO -   Range: [5.7294, 263.1745]°
2025-06-09 16:48:29,320 - INFO -   Classification: Moderate conformational change
