2025-06-09 16:40:42,835 - INFO - 
Deformation Analysis Summary:
2025-06-09 16:40:42,835 - INFO - ---------------------------
2025-06-09 16:40:42,835 - INFO - Chemical Formula: C5H16N2
2025-06-09 16:40:42,835 - INFO - Isomorphic: True
2025-06-09 16:40:42,835 - INFO - 
Bond Length Analysis:
2025-06-09 16:40:42,835 - INFO -   Mean Error: 0.0084 ± 0.0072 Å
2025-06-09 16:40:42,835 - INFO -   Range: [0.0007, 0.0184] Å
2025-06-09 16:40:42,835 - INFO -   Classification: Normal bond fluctuations
2025-06-09 16:40:42,835 - INFO - 
Bond Angle Analysis:
2025-06-09 16:40:42,835 - INFO -   Mean Error: 0.9419 ± 0.7322°
2025-06-09 16:40:42,835 - INFO -   Range: [0.0370, 1.9887]°
2025-06-09 16:40:42,835 - INFO -   Classification: Normal angle flexibility
2025-06-09 16:40:42,835 - INFO - 
Dihedral Angle Analysis:
2025-06-09 16:40:42,836 - INFO -   Mean Error: 10.9187 ± 7.2499°
2025-06-09 16:40:42,836 - INFO -   Range: [0.1088, 17.9958]°
2025-06-09 16:40:42,836 - INFO -   Classification: Local torsional oscillation
2025-06-09 16:49:17,856 - INFO - 
Deformation Analysis Summary:
2025-06-09 16:49:17,856 - INFO - ---------------------------
2025-06-09 16:49:17,856 - INFO - Chemical Formula: C5H16N2
2025-06-09 16:49:17,856 - INFO - Isomorphic: True
2025-06-09 16:49:17,856 - INFO - 
Bond Length Analysis:
2025-06-09 16:49:17,856 - INFO -   Mean Error: 0.0084 ± 0.0072 Å
2025-06-09 16:49:17,856 - INFO -   Range: [0.0007, 0.0184] Å
2025-06-09 16:49:17,856 - INFO -   Classification: Normal bond fluctuations
2025-06-09 16:49:17,856 - INFO - 
Bond Angle Analysis:
2025-06-09 16:49:17,856 - INFO -   Mean Error: 0.9419 ± 0.7322°
2025-06-09 16:49:17,856 - INFO -   Range: [0.0370, 1.9887]°
2025-06-09 16:49:17,856 - INFO -   Classification: Normal angle flexibility
2025-06-09 16:49:17,856 - INFO - 
Dihedral Angle Analysis:
2025-06-09 16:49:17,856 - INFO -   Mean Error: 10.9187 ± 7.2499°
2025-06-09 16:49:17,856 - INFO -   Range: [0.1088, 17.9958]°
2025-06-09 16:49:17,856 - INFO -   Classification: Local torsional oscillation
