2025-06-09 16:40:07,353 - INFO - 
Deformation Analysis Summary:
2025-06-09 16:40:07,353 - INFO - ---------------------------
2025-06-09 16:40:07,353 - INFO - Chemical Formula: C12H22N2
2025-06-09 16:40:07,353 - INFO - Isomorphic: True
2025-06-09 16:40:07,353 - INFO - 
Bond Length Analysis:
2025-06-09 16:40:07,353 - INFO -   Mean Error: 0.0054 ± 0.0063 Å
2025-06-09 16:40:07,353 - INFO -   Range: [0.0003, 0.0262] Å
2025-06-09 16:40:07,353 - INFO -   Classification: Normal bond fluctuations
2025-06-09 16:40:07,353 - INFO - 
Bond Angle Analysis:
2025-06-09 16:40:07,353 - INFO -   Mean Error: 1.1153 ± 1.0547°
2025-06-09 16:40:07,353 - INFO -   Range: [0.0298, 3.2016]°
2025-06-09 16:40:07,353 - INFO -   Classification: Normal angle flexibility
2025-06-09 16:40:07,353 - INFO - 
Dihedral Angle Analysis:
2025-06-09 16:40:07,353 - INFO -   Mean Error: 127.3234 ± 124.9972°
2025-06-09 16:40:07,353 - INFO -   Range: [0.1677, 359.3829]°
2025-06-09 16:40:07,353 - INFO -   Classification: Moderate conformational change
2025-06-09 16:48:42,405 - INFO - 
Deformation Analysis Summary:
2025-06-09 16:48:42,405 - INFO - ---------------------------
2025-06-09 16:48:42,405 - INFO - Chemical Formula: C12H22N2
2025-06-09 16:48:42,405 - INFO - Isomorphic: True
2025-06-09 16:48:42,405 - INFO - 
Bond Length Analysis:
2025-06-09 16:48:42,406 - INFO -   Mean Error: 0.0054 ± 0.0063 Å
2025-06-09 16:48:42,406 - INFO -   Range: [0.0003, 0.0262] Å
2025-06-09 16:48:42,406 - INFO -   Classification: Normal bond fluctuations
2025-06-09 16:48:42,406 - INFO - 
Bond Angle Analysis:
2025-06-09 16:48:42,406 - INFO -   Mean Error: 1.1153 ± 1.0547°
2025-06-09 16:48:42,406 - INFO -   Range: [0.0298, 3.2016]°
2025-06-09 16:48:42,406 - INFO -   Classification: Normal angle flexibility
2025-06-09 16:48:42,406 - INFO - 
Dihedral Angle Analysis:
2025-06-09 16:48:42,406 - INFO -   Mean Error: 127.3234 ± 124.9972°
2025-06-09 16:48:42,406 - INFO -   Range: [0.1677, 359.3829]°
2025-06-09 16:48:42,406 - INFO -   Classification: Moderate conformational change
