2025-06-09 16:39:42,229 - INFO - 
Deformation Analysis Summary:
2025-06-09 16:39:42,229 - INFO - ---------------------------
2025-06-09 16:39:42,230 - INFO - Chemical Formula: C11H28N2
2025-06-09 16:39:42,230 - INFO - Isomorphic: True
2025-06-09 16:39:42,230 - INFO - 
Bond Length Analysis:
2025-06-09 16:39:42,230 - INFO -   Mean Error: 0.0120 ± 0.0045 Å
2025-06-09 16:39:42,230 - INFO -   Range: [0.0054, 0.0216] Å
2025-06-09 16:39:42,230 - INFO -   Classification: Normal bond fluctuations
2025-06-09 16:39:42,230 - INFO - 
Bond Angle Analysis:
2025-06-09 16:39:42,230 - INFO -   Mean Error: 2.9572 ± 1.9071°
2025-06-09 16:39:42,230 - INFO -   Range: [0.1896, 5.8060]°
2025-06-09 16:39:42,230 - INFO -   Classification: Normal angle flexibility
2025-06-09 16:39:42,230 - INFO - 
Dihedral Angle Analysis:
2025-06-09 16:39:42,230 - INFO -   Mean Error: 6.3794 ± 2.8463°
2025-06-09 16:39:42,230 - INFO -   Range: [1.0112, 10.4080]°
2025-06-09 16:39:42,230 - INFO -   Classification: Local torsional oscillation
2025-06-09 16:48:16,032 - INFO - 
Deformation Analysis Summary:
2025-06-09 16:48:16,032 - INFO - ---------------------------
2025-06-09 16:48:16,032 - INFO - Chemical Formula: C11H28N2
2025-06-09 16:48:16,032 - INFO - Isomorphic: True
2025-06-09 16:48:16,032 - INFO - 
Bond Length Analysis:
2025-06-09 16:48:16,032 - INFO -   Mean Error: 0.0120 ± 0.0045 Å
2025-06-09 16:48:16,032 - INFO -   Range: [0.0054, 0.0216] Å
2025-06-09 16:48:16,032 - INFO -   Classification: Normal bond fluctuations
2025-06-09 16:48:16,032 - INFO - 
Bond Angle Analysis:
2025-06-09 16:48:16,032 - INFO -   Mean Error: 2.9572 ± 1.9071°
2025-06-09 16:48:16,032 - INFO -   Range: [0.1896, 5.8060]°
2025-06-09 16:48:16,032 - INFO -   Classification: Normal angle flexibility
2025-06-09 16:48:16,032 - INFO - 
Dihedral Angle Analysis:
2025-06-09 16:48:16,032 - INFO -   Mean Error: 6.3794 ± 2.8463°
2025-06-09 16:48:16,032 - INFO -   Range: [1.0112, 10.4080]°
2025-06-09 16:48:16,032 - INFO -   Classification: Local torsional oscillation
