2025-06-09 16:39:38,724 - INFO - 
Deformation Analysis Summary:
2025-06-09 16:39:38,724 - INFO - ---------------------------
2025-06-09 16:39:38,724 - INFO - Chemical Formula: C8H22N2
2025-06-09 16:39:38,724 - INFO - Isomorphic: True
2025-06-09 16:39:38,724 - INFO - 
Bond Length Analysis:
2025-06-09 16:39:38,725 - INFO -   Mean Error: 0.0083 ± 0.0026 Å
2025-06-09 16:39:38,725 - INFO -   Range: [0.0023, 0.0124] Å
2025-06-09 16:39:38,725 - INFO -   Classification: Normal bond fluctuations
2025-06-09 16:39:38,725 - INFO - 
Bond Angle Analysis:
2025-06-09 16:39:38,725 - INFO -   Mean Error: 0.8412 ± 0.5214°
2025-06-09 16:39:38,725 - INFO -   Range: [0.1782, 1.9456]°
2025-06-09 16:39:38,725 - INFO -   Classification: Normal angle flexibility
2025-06-09 16:39:38,725 - INFO - 
Dihedral Angle Analysis:
2025-06-09 16:39:38,725 - INFO -   Mean Error: 99.0497 ± 97.4485°
2025-06-09 16:39:38,725 - INFO -   Range: [4.4444, 251.3747]°
2025-06-09 16:39:38,725 - INFO -   Classification: Moderate conformational change
2025-06-09 16:48:14,140 - INFO - 
Deformation Analysis Summary:
2025-06-09 16:48:14,140 - INFO - ---------------------------
2025-06-09 16:48:14,140 - INFO - Chemical Formula: C8H22N2
2025-06-09 16:48:14,140 - INFO - Isomorphic: True
2025-06-09 16:48:14,140 - INFO - 
Bond Length Analysis:
2025-06-09 16:48:14,140 - INFO -   Mean Error: 0.0083 ± 0.0026 Å
2025-06-09 16:48:14,140 - INFO -   Range: [0.0023, 0.0124] Å
2025-06-09 16:48:14,140 - INFO -   Classification: Normal bond fluctuations
2025-06-09 16:48:14,140 - INFO - 
Bond Angle Analysis:
2025-06-09 16:48:14,141 - INFO -   Mean Error: 0.8412 ± 0.5214°
2025-06-09 16:48:14,141 - INFO -   Range: [0.1782, 1.9456]°
2025-06-09 16:48:14,141 - INFO -   Classification: Normal angle flexibility
2025-06-09 16:48:14,141 - INFO - 
Dihedral Angle Analysis:
2025-06-09 16:48:14,141 - INFO -   Mean Error: 99.0497 ± 97.4485°
2025-06-09 16:48:14,141 - INFO -   Range: [4.4444, 251.3747]°
2025-06-09 16:48:14,141 - INFO -   Classification: Moderate conformational change
