2025-06-09 16:40:22,044 - INFO - 
Deformation Analysis Summary:
2025-06-09 16:40:22,044 - INFO - ---------------------------
2025-06-09 16:40:22,044 - INFO - Chemical Formula: C6H16N2
2025-06-09 16:40:22,044 - INFO - Isomorphic: True
2025-06-09 16:40:22,044 - INFO - 
Bond Length Analysis:
2025-06-09 16:40:22,044 - INFO -   Mean Error: 0.0139 ± 0.0091 Å
2025-06-09 16:40:22,044 - INFO -   Range: [0.0034, 0.0241] Å
2025-06-09 16:40:22,045 - INFO -   Classification: Normal bond fluctuations
2025-06-09 16:40:22,045 - INFO - 
Bond Angle Analysis:
2025-06-09 16:40:22,045 - INFO -   Mean Error: 0.8978 ± 0.4691°
2025-06-09 16:40:22,045 - INFO -   Range: [0.0885, 1.4719]°
2025-06-09 16:40:22,045 - INFO -   Classification: Normal angle flexibility
2025-06-09 16:40:22,045 - INFO - 
Dihedral Angle Analysis:
2025-06-09 16:40:22,045 - INFO -   Mean Error: 1.6933 ± 1.3901°
2025-06-09 16:40:22,045 - INFO -   Range: [0.3535, 4.5875]°
2025-06-09 16:40:22,045 - INFO -   Classification: Local torsional oscillation
2025-06-09 16:48:55,019 - INFO - 
Deformation Analysis Summary:
2025-06-09 16:48:55,019 - INFO - ---------------------------
2025-06-09 16:48:55,019 - INFO - Chemical Formula: C6H16N2
2025-06-09 16:48:55,019 - INFO - Isomorphic: True
2025-06-09 16:48:55,019 - INFO - 
Bond Length Analysis:
2025-06-09 16:48:55,019 - INFO -   Mean Error: 0.0139 ± 0.0091 Å
2025-06-09 16:48:55,019 - INFO -   Range: [0.0034, 0.0241] Å
2025-06-09 16:48:55,019 - INFO -   Classification: Normal bond fluctuations
2025-06-09 16:48:55,019 - INFO - 
Bond Angle Analysis:
2025-06-09 16:48:55,019 - INFO -   Mean Error: 0.8978 ± 0.4691°
2025-06-09 16:48:55,019 - INFO -   Range: [0.0885, 1.4719]°
2025-06-09 16:48:55,019 - INFO -   Classification: Normal angle flexibility
2025-06-09 16:48:55,019 - INFO - 
Dihedral Angle Analysis:
2025-06-09 16:48:55,019 - INFO -   Mean Error: 1.6933 ± 1.3901°
2025-06-09 16:48:55,019 - INFO -   Range: [0.3535, 4.5875]°
2025-06-09 16:48:55,020 - INFO -   Classification: Local torsional oscillation
