2025-06-09 16:40:43,573 - INFO - 
Deformation Analysis Summary:
2025-06-09 16:40:43,573 - INFO - ---------------------------
2025-06-09 16:40:43,573 - INFO - Chemical Formula: C5H16N2
2025-06-09 16:40:43,573 - INFO - Isomorphic: True
2025-06-09 16:40:43,573 - INFO - 
Bond Length Analysis:
2025-06-09 16:40:43,573 - INFO -   Mean Error: 0.0188 ± 0.0150 Å
2025-06-09 16:40:43,573 - INFO -   Range: [0.0014, 0.0396] Å
2025-06-09 16:40:43,573 - INFO -   Classification: Normal bond fluctuations
2025-06-09 16:40:43,573 - INFO - 
Bond Angle Analysis:
2025-06-09 16:40:43,573 - INFO -   Mean Error: 1.6164 ± 1.3289°
2025-06-09 16:40:43,573 - INFO -   Range: [0.1652, 4.9220]°
2025-06-09 16:40:43,573 - INFO -   Classification: Normal angle flexibility
2025-06-09 16:40:43,573 - INFO - 
Dihedral Angle Analysis:
2025-06-09 16:40:43,573 - INFO -   Mean Error: 165.5867 ± 104.3358°
2025-06-09 16:40:43,573 - INFO -   Range: [14.8336, 264.7280]°
2025-06-09 16:40:43,573 - INFO -   Classification: Moderate conformational change
2025-06-09 16:49:18,536 - INFO - 
Deformation Analysis Summary:
2025-06-09 16:49:18,536 - INFO - ---------------------------
2025-06-09 16:49:18,536 - INFO - Chemical Formula: C5H16N2
2025-06-09 16:49:18,536 - INFO - Isomorphic: True
2025-06-09 16:49:18,536 - INFO - 
Bond Length Analysis:
2025-06-09 16:49:18,536 - INFO -   Mean Error: 0.0188 ± 0.0150 Å
2025-06-09 16:49:18,536 - INFO -   Range: [0.0014, 0.0396] Å
2025-06-09 16:49:18,536 - INFO -   Classification: Normal bond fluctuations
2025-06-09 16:49:18,536 - INFO - 
Bond Angle Analysis:
2025-06-09 16:49:18,536 - INFO -   Mean Error: 1.6164 ± 1.3289°
2025-06-09 16:49:18,536 - INFO -   Range: [0.1652, 4.9220]°
2025-06-09 16:49:18,536 - INFO -   Classification: Normal angle flexibility
2025-06-09 16:49:18,536 - INFO - 
Dihedral Angle Analysis:
2025-06-09 16:49:18,536 - INFO -   Mean Error: 165.5867 ± 104.3358°
2025-06-09 16:49:18,536 - INFO -   Range: [14.8336, 264.7280]°
2025-06-09 16:49:18,536 - INFO -   Classification: Moderate conformational change
