2025-06-09 16:40:45,077 - INFO - 
Deformation Analysis Summary:
2025-06-09 16:40:45,077 - INFO - ---------------------------
2025-06-09 16:40:45,077 - INFO - Chemical Formula: C8H22N2
2025-06-09 16:40:45,077 - INFO - Isomorphic: True
2025-06-09 16:40:45,077 - INFO - 
Bond Length Analysis:
2025-06-09 16:40:45,077 - INFO -   Mean Error: 0.0164 ± 0.0035 Å
2025-06-09 16:40:45,077 - INFO -   Range: [0.0113, 0.0210] Å
2025-06-09 16:40:45,077 - INFO -   Classification: Normal bond fluctuations
2025-06-09 16:40:45,077 - INFO - 
Bond Angle Analysis:
2025-06-09 16:40:45,077 - INFO -   Mean Error: 1.1883 ± 0.9091°
2025-06-09 16:40:45,077 - INFO -   Range: [0.1204, 2.8547]°
2025-06-09 16:40:45,077 - INFO -   Classification: Normal angle flexibility
2025-06-09 16:40:45,077 - INFO - 
Dihedral Angle Analysis:
2025-06-09 16:40:45,077 - INFO -   Mean Error: 98.9484 ± 97.8489°
2025-06-09 16:40:45,077 - INFO -   Range: [3.0075, 254.4322]°
2025-06-09 16:40:45,077 - INFO -   Classification: Moderate conformational change
2025-06-09 16:49:19,704 - INFO - 
Deformation Analysis Summary:
2025-06-09 16:49:19,704 - INFO - ---------------------------
2025-06-09 16:49:19,704 - INFO - Chemical Formula: C8H22N2
2025-06-09 16:49:19,704 - INFO - Isomorphic: True
2025-06-09 16:49:19,704 - INFO - 
Bond Length Analysis:
2025-06-09 16:49:19,704 - INFO -   Mean Error: 0.0164 ± 0.0035 Å
2025-06-09 16:49:19,704 - INFO -   Range: [0.0113, 0.0210] Å
2025-06-09 16:49:19,704 - INFO -   Classification: Normal bond fluctuations
2025-06-09 16:49:19,704 - INFO - 
Bond Angle Analysis:
2025-06-09 16:49:19,704 - INFO -   Mean Error: 1.1883 ± 0.9091°
2025-06-09 16:49:19,704 - INFO -   Range: [0.1204, 2.8547]°
2025-06-09 16:49:19,704 - INFO -   Classification: Normal angle flexibility
2025-06-09 16:49:19,704 - INFO - 
Dihedral Angle Analysis:
2025-06-09 16:49:19,704 - INFO -   Mean Error: 98.9484 ± 97.8489°
2025-06-09 16:49:19,704 - INFO -   Range: [3.0075, 254.4322]°
2025-06-09 16:49:19,704 - INFO -   Classification: Moderate conformational change
