2025-06-09 16:39:34,562 - INFO - 
Deformation Analysis Summary:
2025-06-09 16:39:34,562 - INFO - ---------------------------
2025-06-09 16:39:34,562 - INFO - Chemical Formula: C9H24N2
2025-06-09 16:39:34,562 - INFO - Isomorphic: True
2025-06-09 16:39:34,562 - INFO - 
Bond Length Analysis:
2025-06-09 16:39:34,562 - INFO -   Mean Error: 0.0098 ± 0.0048 Å
2025-06-09 16:39:34,562 - INFO -   Range: [0.0043, 0.0219] Å
2025-06-09 16:39:34,562 - INFO -   Classification: Normal bond fluctuations
2025-06-09 16:39:34,562 - INFO - 
Bond Angle Analysis:
2025-06-09 16:39:34,562 - INFO -   Mean Error: 2.2534 ± 0.4090°
2025-06-09 16:39:34,562 - INFO -   Range: [1.4076, 2.8006]°
2025-06-09 16:39:34,562 - INFO -   Classification: Normal angle flexibility
2025-06-09 16:39:34,562 - INFO - 
Dihedral Angle Analysis:
2025-06-09 16:39:34,563 - INFO -   Mean Error: 10.7393 ± 8.2764°
2025-06-09 16:39:34,563 - INFO -   Range: [2.2811, 26.1796]°
2025-06-09 16:39:34,563 - INFO -   Classification: Local torsional oscillation
2025-06-09 16:48:10,306 - INFO - 
Deformation Analysis Summary:
2025-06-09 16:48:10,307 - INFO - ---------------------------
2025-06-09 16:48:10,307 - INFO - Chemical Formula: C9H24N2
2025-06-09 16:48:10,307 - INFO - Isomorphic: True
2025-06-09 16:48:10,307 - INFO - 
Bond Length Analysis:
2025-06-09 16:48:10,307 - INFO -   Mean Error: 0.0098 ± 0.0048 Å
2025-06-09 16:48:10,307 - INFO -   Range: [0.0043, 0.0219] Å
2025-06-09 16:48:10,307 - INFO -   Classification: Normal bond fluctuations
2025-06-09 16:48:10,307 - INFO - 
Bond Angle Analysis:
2025-06-09 16:48:10,307 - INFO -   Mean Error: 2.2534 ± 0.4090°
2025-06-09 16:48:10,307 - INFO -   Range: [1.4076, 2.8006]°
2025-06-09 16:48:10,307 - INFO -   Classification: Normal angle flexibility
2025-06-09 16:48:10,307 - INFO - 
Dihedral Angle Analysis:
2025-06-09 16:48:10,307 - INFO -   Mean Error: 10.7393 ± 8.2764°
2025-06-09 16:48:10,307 - INFO -   Range: [2.2811, 26.1796]°
2025-06-09 16:48:10,307 - INFO -   Classification: Local torsional oscillation
