2025-06-09 16:39:42,628 - INFO - 
Deformation Analysis Summary:
2025-06-09 16:39:42,628 - INFO - ---------------------------
2025-06-09 16:39:42,628 - INFO - Chemical Formula: C6H10N2
2025-06-09 16:39:42,628 - INFO - Isomorphic: True
2025-06-09 16:39:42,628 - INFO - 
Bond Length Analysis:
2025-06-09 16:39:42,628 - INFO -   Mean Error: 0.0402 ± 0.0172 Å
2025-06-09 16:39:42,628 - INFO -   Range: [0.0069, 0.0515] Å
2025-06-09 16:39:42,628 - INFO -   Classification: Normal bond fluctuations
2025-06-09 16:39:42,628 - INFO - 
Bond Angle Analysis:
2025-06-09 16:39:42,628 - INFO -   Mean Error: 4.3009 ± 1.5991°
2025-06-09 16:39:42,628 - INFO -   Range: [2.2285, 6.9660]°
2025-06-09 16:39:42,628 - INFO -   Classification: Normal angle flexibility
2025-06-09 16:39:42,628 - INFO - 
Dihedral Angle Analysis:
2025-06-09 16:39:42,628 - INFO -   Mean Error: 121.8850 ± 151.5001°
2025-06-09 16:39:42,628 - INFO -   Range: [2.7546, 353.2477]°
2025-06-09 16:39:42,628 - INFO -   Classification: Local torsional oscillation
2025-06-09 16:48:16,292 - INFO - 
Deformation Analysis Summary:
2025-06-09 16:48:16,292 - INFO - ---------------------------
2025-06-09 16:48:16,292 - INFO - Chemical Formula: C6H10N2
2025-06-09 16:48:16,292 - INFO - Isomorphic: True
2025-06-09 16:48:16,292 - INFO - 
Bond Length Analysis:
2025-06-09 16:48:16,292 - INFO -   Mean Error: 0.0402 ± 0.0172 Å
2025-06-09 16:48:16,293 - INFO -   Range: [0.0069, 0.0515] Å
2025-06-09 16:48:16,293 - INFO -   Classification: Normal bond fluctuations
2025-06-09 16:48:16,293 - INFO - 
Bond Angle Analysis:
2025-06-09 16:48:16,293 - INFO -   Mean Error: 4.3009 ± 1.5991°
2025-06-09 16:48:16,293 - INFO -   Range: [2.2285, 6.9660]°
2025-06-09 16:48:16,293 - INFO -   Classification: Normal angle flexibility
2025-06-09 16:48:16,293 - INFO - 
Dihedral Angle Analysis:
2025-06-09 16:48:16,293 - INFO -   Mean Error: 121.8850 ± 151.5001°
2025-06-09 16:48:16,293 - INFO -   Range: [2.7546, 353.2477]°
2025-06-09 16:48:16,293 - INFO -   Classification: Local torsional oscillation
