2025-06-09 16:39:46,335 - INFO - 
Deformation Analysis Summary:
2025-06-09 16:39:46,335 - INFO - ---------------------------
2025-06-09 16:39:46,335 - INFO - Chemical Formula: C12H30N2
2025-06-09 16:39:46,335 - INFO - Isomorphic: True
2025-06-09 16:39:46,335 - INFO - 
Bond Length Analysis:
2025-06-09 16:39:46,335 - INFO -   Mean Error: 0.0115 ± 0.0066 Å
2025-06-09 16:39:46,335 - INFO -   Range: [0.0035, 0.0248] Å
2025-06-09 16:39:46,335 - INFO -   Classification: Normal bond fluctuations
2025-06-09 16:39:46,335 - INFO - 
Bond Angle Analysis:
2025-06-09 16:39:46,335 - INFO -   Mean Error: 0.4824 ± 0.5028°
2025-06-09 16:39:46,335 - INFO -   Range: [0.0117, 2.1938]°
2025-06-09 16:39:46,335 - INFO -   Classification: Normal angle flexibility
2025-06-09 16:39:46,335 - INFO - 
Dihedral Angle Analysis:
2025-06-09 16:39:46,335 - INFO -   Mean Error: 5.3939 ± 4.9055°
2025-06-09 16:39:46,335 - INFO -   Range: [1.1114, 20.6690]°
2025-06-09 16:39:46,335 - INFO -   Classification: Local torsional oscillation
2025-06-09 16:48:19,941 - INFO - 
Deformation Analysis Summary:
2025-06-09 16:48:19,941 - INFO - ---------------------------
2025-06-09 16:48:19,941 - INFO - Chemical Formula: C12H30N2
2025-06-09 16:48:19,941 - INFO - Isomorphic: True
2025-06-09 16:48:19,941 - INFO - 
Bond Length Analysis:
2025-06-09 16:48:19,941 - INFO -   Mean Error: 0.0115 ± 0.0066 Å
2025-06-09 16:48:19,941 - INFO -   Range: [0.0035, 0.0248] Å
2025-06-09 16:48:19,941 - INFO -   Classification: Normal bond fluctuations
2025-06-09 16:48:19,941 - INFO - 
Bond Angle Analysis:
2025-06-09 16:48:19,941 - INFO -   Mean Error: 0.4824 ± 0.5028°
2025-06-09 16:48:19,941 - INFO -   Range: [0.0117, 2.1938]°
2025-06-09 16:48:19,941 - INFO -   Classification: Normal angle flexibility
2025-06-09 16:48:19,941 - INFO - 
Dihedral Angle Analysis:
2025-06-09 16:48:19,941 - INFO -   Mean Error: 5.3939 ± 4.9055°
2025-06-09 16:48:19,941 - INFO -   Range: [1.1114, 20.6690]°
2025-06-09 16:48:19,941 - INFO -   Classification: Local torsional oscillation
