2025-06-09 16:40:52,365 - INFO - 
Deformation Analysis Summary:
2025-06-09 16:40:52,366 - INFO - ---------------------------
2025-06-09 16:40:52,366 - INFO - Chemical Formula: C3H12N2
2025-06-09 16:40:52,366 - INFO - Isomorphic: True
2025-06-09 16:40:52,366 - INFO - 
Bond Length Analysis:
2025-06-09 16:40:52,366 - INFO -   Mean Error: 0.0160 ± 0.0062 Å
2025-06-09 16:40:52,366 - INFO -   Range: [0.0086, 0.0233] Å
2025-06-09 16:40:52,366 - INFO -   Classification: Normal bond fluctuations
2025-06-09 16:40:52,366 - INFO - 
Bond Angle Analysis:
2025-06-09 16:40:52,366 - INFO -   Mean Error: 4.7466 ± 0.9951°
2025-06-09 16:40:52,366 - INFO -   Range: [3.6260, 6.0441]°
2025-06-09 16:40:52,366 - INFO -   Classification: Normal angle flexibility
2025-06-09 16:40:52,366 - INFO - 
Dihedral Angle Analysis:
2025-06-09 16:40:52,366 - INFO -   Mean Error: 0.7315 ± 0.0071°
2025-06-09 16:40:52,366 - INFO -   Range: [0.7244, 0.7386]°
2025-06-09 16:40:52,366 - INFO -   Classification: Local torsional oscillation
2025-06-09 16:49:23,691 - INFO - 
Deformation Analysis Summary:
2025-06-09 16:49:23,691 - INFO - ---------------------------
2025-06-09 16:49:23,691 - INFO - Chemical Formula: C3H12N2
2025-06-09 16:49:23,691 - INFO - Isomorphic: True
2025-06-09 16:49:23,691 - INFO - 
Bond Length Analysis:
2025-06-09 16:49:23,691 - INFO -   Mean Error: 0.0160 ± 0.0062 Å
2025-06-09 16:49:23,691 - INFO -   Range: [0.0086, 0.0233] Å
2025-06-09 16:49:23,691 - INFO -   Classification: Normal bond fluctuations
2025-06-09 16:49:23,691 - INFO - 
Bond Angle Analysis:
2025-06-09 16:49:23,691 - INFO -   Mean Error: 4.7466 ± 0.9951°
2025-06-09 16:49:23,691 - INFO -   Range: [3.6260, 6.0441]°
2025-06-09 16:49:23,691 - INFO -   Classification: Normal angle flexibility
2025-06-09 16:49:23,691 - INFO - 
Dihedral Angle Analysis:
2025-06-09 16:49:23,691 - INFO -   Mean Error: 0.7315 ± 0.0071°
2025-06-09 16:49:23,691 - INFO -   Range: [0.7244, 0.7386]°
2025-06-09 16:49:23,691 - INFO -   Classification: Local torsional oscillation
