2025-06-09 16:39:51,068 - INFO - 
Deformation Analysis Summary:
2025-06-09 16:39:51,068 - INFO - ---------------------------
2025-06-09 16:39:51,068 - INFO - Chemical Formula: C12H28N2
2025-06-09 16:39:51,068 - INFO - Isomorphic: True
2025-06-09 16:39:51,068 - INFO - 
Bond Length Analysis:
2025-06-09 16:39:51,068 - INFO -   Mean Error: 0.0115 ± 0.0072 Å
2025-06-09 16:39:51,068 - INFO -   Range: [0.0004, 0.0261] Å
2025-06-09 16:39:51,068 - INFO -   Classification: Normal bond fluctuations
2025-06-09 16:39:51,068 - INFO - 
Bond Angle Analysis:
2025-06-09 16:39:51,068 - INFO -   Mean Error: 1.7099 ± 0.9153°
2025-06-09 16:39:51,068 - INFO -   Range: [0.2731, 3.6859]°
2025-06-09 16:39:51,068 - INFO -   Classification: Normal angle flexibility
2025-06-09 16:39:51,068 - INFO - 
Dihedral Angle Analysis:
2025-06-09 16:39:51,068 - INFO -   Mean Error: 111.2968 ± 120.0122°
2025-06-09 16:39:51,068 - INFO -   Range: [0.0977, 258.3135]°
2025-06-09 16:39:51,068 - INFO -   Classification: Moderate conformational change
2025-06-09 16:48:26,301 - INFO - 
Deformation Analysis Summary:
2025-06-09 16:48:26,301 - INFO - ---------------------------
2025-06-09 16:48:26,301 - INFO - Chemical Formula: C12H28N2
2025-06-09 16:48:26,301 - INFO - Isomorphic: True
2025-06-09 16:48:26,301 - INFO - 
Bond Length Analysis:
2025-06-09 16:48:26,301 - INFO -   Mean Error: 0.0115 ± 0.0072 Å
2025-06-09 16:48:26,301 - INFO -   Range: [0.0004, 0.0261] Å
2025-06-09 16:48:26,301 - INFO -   Classification: Normal bond fluctuations
2025-06-09 16:48:26,301 - INFO - 
Bond Angle Analysis:
2025-06-09 16:48:26,301 - INFO -   Mean Error: 1.7099 ± 0.9153°
2025-06-09 16:48:26,301 - INFO -   Range: [0.2731, 3.6859]°
2025-06-09 16:48:26,301 - INFO -   Classification: Normal angle flexibility
2025-06-09 16:48:26,301 - INFO - 
Dihedral Angle Analysis:
2025-06-09 16:48:26,301 - INFO -   Mean Error: 111.2968 ± 120.0122°
2025-06-09 16:48:26,301 - INFO -   Range: [0.0977, 258.3135]°
2025-06-09 16:48:26,301 - INFO -   Classification: Moderate conformational change
