2025-06-09 16:39:59,200 - INFO - 
Deformation Analysis Summary:
2025-06-09 16:39:59,200 - INFO - ---------------------------
2025-06-09 16:39:59,200 - INFO - Chemical Formula: C6H16N2
2025-06-09 16:39:59,200 - INFO - Isomorphic: True
2025-06-09 16:39:59,200 - INFO - 
Bond Length Analysis:
2025-06-09 16:39:59,200 - INFO -   Mean Error: 0.0169 ± 0.0084 Å
2025-06-09 16:39:59,200 - INFO -   Range: [0.0065, 0.0282] Å
2025-06-09 16:39:59,200 - INFO -   Classification: Normal bond fluctuations
2025-06-09 16:39:59,200 - INFO - 
Bond Angle Analysis:
2025-06-09 16:39:59,200 - INFO -   Mean Error: 1.3136 ± 0.9515°
2025-06-09 16:39:59,200 - INFO -   Range: [0.2783, 3.6542]°
2025-06-09 16:39:59,200 - INFO -   Classification: Normal angle flexibility
2025-06-09 16:39:59,200 - INFO - 
Dihedral Angle Analysis:
2025-06-09 16:39:59,200 - INFO -   Mean Error: 148.3359 ± 119.0153°
2025-06-09 16:39:59,200 - INFO -   Range: [0.1643, 247.9586]°
2025-06-09 16:39:59,200 - INFO -   Classification: Moderate conformational change
2025-06-09 16:48:31,198 - INFO - 
Deformation Analysis Summary:
2025-06-09 16:48:31,198 - INFO - ---------------------------
2025-06-09 16:48:31,198 - INFO - Chemical Formula: C6H16N2
2025-06-09 16:48:31,198 - INFO - Isomorphic: True
2025-06-09 16:48:31,198 - INFO - 
Bond Length Analysis:
2025-06-09 16:48:31,198 - INFO -   Mean Error: 0.0169 ± 0.0084 Å
2025-06-09 16:48:31,198 - INFO -   Range: [0.0065, 0.0282] Å
2025-06-09 16:48:31,198 - INFO -   Classification: Normal bond fluctuations
2025-06-09 16:48:31,198 - INFO - 
Bond Angle Analysis:
2025-06-09 16:48:31,198 - INFO -   Mean Error: 1.3136 ± 0.9515°
2025-06-09 16:48:31,198 - INFO -   Range: [0.2783, 3.6542]°
2025-06-09 16:48:31,198 - INFO -   Classification: Normal angle flexibility
2025-06-09 16:48:31,198 - INFO - 
Dihedral Angle Analysis:
2025-06-09 16:48:31,198 - INFO -   Mean Error: 148.3359 ± 119.0153°
2025-06-09 16:48:31,198 - INFO -   Range: [0.1643, 247.9586]°
2025-06-09 16:48:31,198 - INFO -   Classification: Moderate conformational change
