2025-06-09 16:40:37,348 - INFO - 
Deformation Analysis Summary:
2025-06-09 16:40:37,348 - INFO - ---------------------------
2025-06-09 16:40:37,348 - INFO - Chemical Formula: C10H18N2
2025-06-09 16:40:37,348 - INFO - Isomorphic: True
2025-06-09 16:40:37,348 - INFO - 
Bond Length Analysis:
2025-06-09 16:40:37,348 - INFO -   Mean Error: 0.0086 ± 0.0080 Å
2025-06-09 16:40:37,348 - INFO -   Range: [0.0004, 0.0275] Å
2025-06-09 16:40:37,348 - INFO -   Classification: Normal bond fluctuations
2025-06-09 16:40:37,348 - INFO - 
Bond Angle Analysis:
2025-06-09 16:40:37,348 - INFO -   Mean Error: 1.4161 ± 1.0362°
2025-06-09 16:40:37,348 - INFO -   Range: [0.2046, 3.7580]°
2025-06-09 16:40:37,348 - INFO -   Classification: Normal angle flexibility
2025-06-09 16:40:37,348 - INFO - 
Dihedral Angle Analysis:
2025-06-09 16:40:37,349 - INFO -   Mean Error: 51.1983 ± 87.6511°
2025-06-09 16:40:37,349 - INFO -   Range: [0.1963, 270.0529]°
2025-06-09 16:40:37,349 - INFO -   Classification: Local torsional oscillation
2025-06-09 16:49:08,704 - INFO - 
Deformation Analysis Summary:
2025-06-09 16:49:08,704 - INFO - ---------------------------
2025-06-09 16:49:08,704 - INFO - Chemical Formula: C10H18N2
2025-06-09 16:49:08,704 - INFO - Isomorphic: True
2025-06-09 16:49:08,704 - INFO - 
Bond Length Analysis:
2025-06-09 16:49:08,704 - INFO -   Mean Error: 0.0086 ± 0.0080 Å
2025-06-09 16:49:08,704 - INFO -   Range: [0.0004, 0.0275] Å
2025-06-09 16:49:08,704 - INFO -   Classification: Normal bond fluctuations
2025-06-09 16:49:08,704 - INFO - 
Bond Angle Analysis:
2025-06-09 16:49:08,704 - INFO -   Mean Error: 1.4161 ± 1.0362°
2025-06-09 16:49:08,704 - INFO -   Range: [0.2046, 3.7580]°
2025-06-09 16:49:08,704 - INFO -   Classification: Normal angle flexibility
2025-06-09 16:49:08,704 - INFO - 
Dihedral Angle Analysis:
2025-06-09 16:49:08,704 - INFO -   Mean Error: 51.1983 ± 87.6511°
2025-06-09 16:49:08,704 - INFO -   Range: [0.1963, 270.0529]°
2025-06-09 16:49:08,704 - INFO -   Classification: Local torsional oscillation
