2025-06-09 16:40:24,883 - INFO - 
Deformation Analysis Summary:
2025-06-09 16:40:24,883 - INFO - ---------------------------
2025-06-09 16:40:24,883 - INFO - Chemical Formula: C3H12N2
2025-06-09 16:40:24,883 - INFO - Isomorphic: True
2025-06-09 16:40:24,883 - INFO - 
Bond Length Analysis:
2025-06-09 16:40:24,883 - INFO -   Mean Error: 0.0169 ± 0.0105 Å
2025-06-09 16:40:24,883 - INFO -   Range: [0.0037, 0.0301] Å
2025-06-09 16:40:24,883 - INFO -   Classification: Normal bond fluctuations
2025-06-09 16:40:24,883 - INFO - 
Bond Angle Analysis:
2025-06-09 16:40:24,883 - INFO -   Mean Error: 1.2033 ± 0.2786°
2025-06-09 16:40:24,883 - INFO -   Range: [0.9010, 1.5733]°
2025-06-09 16:40:24,883 - INFO -   Classification: Normal angle flexibility
2025-06-09 16:40:24,883 - INFO - 
Dihedral Angle Analysis:
2025-06-09 16:40:24,883 - INFO -   Mean Error: 15.4720 ± 10.8451°
2025-06-09 16:40:24,883 - INFO -   Range: [4.6269, 26.3171]°
2025-06-09 16:40:24,883 - INFO -   Classification: Local torsional oscillation
2025-06-09 16:48:59,967 - INFO - 
Deformation Analysis Summary:
2025-06-09 16:48:59,967 - INFO - ---------------------------
2025-06-09 16:48:59,967 - INFO - Chemical Formula: C3H12N2
2025-06-09 16:48:59,967 - INFO - Isomorphic: True
2025-06-09 16:48:59,967 - INFO - 
Bond Length Analysis:
2025-06-09 16:48:59,968 - INFO -   Mean Error: 0.0169 ± 0.0105 Å
2025-06-09 16:48:59,968 - INFO -   Range: [0.0037, 0.0301] Å
2025-06-09 16:48:59,968 - INFO -   Classification: Normal bond fluctuations
2025-06-09 16:48:59,968 - INFO - 
Bond Angle Analysis:
2025-06-09 16:48:59,968 - INFO -   Mean Error: 1.2033 ± 0.2786°
2025-06-09 16:48:59,968 - INFO -   Range: [0.9010, 1.5733]°
2025-06-09 16:48:59,968 - INFO -   Classification: Normal angle flexibility
2025-06-09 16:48:59,968 - INFO - 
Dihedral Angle Analysis:
2025-06-09 16:48:59,968 - INFO -   Mean Error: 15.4720 ± 10.8451°
2025-06-09 16:48:59,968 - INFO -   Range: [4.6269, 26.3171]°
2025-06-09 16:48:59,968 - INFO -   Classification: Local torsional oscillation
