2025-06-09 16:39:35,857 - INFO - 
Deformation Analysis Summary:
2025-06-09 16:39:35,857 - INFO - ---------------------------
2025-06-09 16:39:35,857 - INFO - Chemical Formula: C12H28N2
2025-06-09 16:39:35,857 - INFO - Isomorphic: True
2025-06-09 16:39:35,857 - INFO - 
Bond Length Analysis:
2025-06-09 16:39:35,857 - INFO -   Mean Error: 0.0039 ± 0.0057 Å
2025-06-09 16:39:35,857 - INFO -   Range: [0.0004, 0.0189] Å
2025-06-09 16:39:35,857 - INFO -   Classification: Normal bond fluctuations
2025-06-09 16:39:35,857 - INFO - 
Bond Angle Analysis:
2025-06-09 16:39:35,857 - INFO -   Mean Error: 0.3914 ± 0.2031°
2025-06-09 16:39:35,857 - INFO -   Range: [0.0323, 0.7080]°
2025-06-09 16:39:35,857 - INFO -   Classification: Normal angle flexibility
2025-06-09 16:39:35,857 - INFO - 
Dihedral Angle Analysis:
2025-06-09 16:39:35,857 - INFO -   Mean Error: 3.7044 ± 3.5791°
2025-06-09 16:39:35,857 - INFO -   Range: [0.1570, 11.5971]°
2025-06-09 16:39:35,857 - INFO -   Classification: Local torsional oscillation
2025-06-09 16:48:11,550 - INFO - 
Deformation Analysis Summary:
2025-06-09 16:48:11,550 - INFO - ---------------------------
2025-06-09 16:48:11,550 - INFO - Chemical Formula: C12H28N2
2025-06-09 16:48:11,550 - INFO - Isomorphic: True
2025-06-09 16:48:11,550 - INFO - 
Bond Length Analysis:
2025-06-09 16:48:11,550 - INFO -   Mean Error: 0.0039 ± 0.0057 Å
2025-06-09 16:48:11,550 - INFO -   Range: [0.0004, 0.0189] Å
2025-06-09 16:48:11,550 - INFO -   Classification: Normal bond fluctuations
2025-06-09 16:48:11,550 - INFO - 
Bond Angle Analysis:
2025-06-09 16:48:11,550 - INFO -   Mean Error: 0.3914 ± 0.2031°
2025-06-09 16:48:11,550 - INFO -   Range: [0.0323, 0.7080]°
2025-06-09 16:48:11,550 - INFO -   Classification: Normal angle flexibility
2025-06-09 16:48:11,550 - INFO - 
Dihedral Angle Analysis:
2025-06-09 16:48:11,550 - INFO -   Mean Error: 3.7044 ± 3.5791°
2025-06-09 16:48:11,550 - INFO -   Range: [0.1570, 11.5971]°
2025-06-09 16:48:11,550 - INFO -   Classification: Local torsional oscillation
