2025-06-09 16:39:39,508 - INFO - 
Deformation Analysis Summary:
2025-06-09 16:39:39,508 - INFO - ---------------------------
2025-06-09 16:39:39,508 - INFO - Chemical Formula: C6H10N2
2025-06-09 16:39:39,508 - INFO - Isomorphic: True
2025-06-09 16:39:39,508 - INFO - 
Bond Length Analysis:
2025-06-09 16:39:39,508 - INFO -   Mean Error: 0.0385 ± 0.0164 Å
2025-06-09 16:39:39,508 - INFO -   Range: [0.0114, 0.0523] Å
2025-06-09 16:39:39,508 - INFO -   Classification: Normal bond fluctuations
2025-06-09 16:39:39,508 - INFO - 
Bond Angle Analysis:
2025-06-09 16:39:39,508 - INFO -   Mean Error: 4.2741 ± 1.2818°
2025-06-09 16:39:39,508 - INFO -   Range: [2.5110, 5.7861]°
2025-06-09 16:39:39,508 - INFO -   Classification: Normal angle flexibility
2025-06-09 16:39:39,508 - INFO - 
Dihedral Angle Analysis:
2025-06-09 16:39:39,508 - INFO -   Mean Error: 228.0876 ± 154.2789°
2025-06-09 16:39:39,508 - INFO -   Range: [38.7183, 354.3659]°
2025-06-09 16:39:39,508 - INFO -   Classification: Local torsional oscillation
2025-06-09 16:48:14,575 - INFO - 
Deformation Analysis Summary:
2025-06-09 16:48:14,575 - INFO - ---------------------------
2025-06-09 16:48:14,575 - INFO - Chemical Formula: C6H10N2
2025-06-09 16:48:14,575 - INFO - Isomorphic: True
2025-06-09 16:48:14,575 - INFO - 
Bond Length Analysis:
2025-06-09 16:48:14,575 - INFO -   Mean Error: 0.0385 ± 0.0164 Å
2025-06-09 16:48:14,575 - INFO -   Range: [0.0114, 0.0523] Å
2025-06-09 16:48:14,575 - INFO -   Classification: Normal bond fluctuations
2025-06-09 16:48:14,575 - INFO - 
Bond Angle Analysis:
2025-06-09 16:48:14,575 - INFO -   Mean Error: 4.2741 ± 1.2818°
2025-06-09 16:48:14,575 - INFO -   Range: [2.5110, 5.7861]°
2025-06-09 16:48:14,575 - INFO -   Classification: Normal angle flexibility
2025-06-09 16:48:14,575 - INFO - 
Dihedral Angle Analysis:
2025-06-09 16:48:14,575 - INFO -   Mean Error: 228.0876 ± 154.2789°
2025-06-09 16:48:14,575 - INFO -   Range: [38.7183, 354.3659]°
2025-06-09 16:48:14,575 - INFO -   Classification: Local torsional oscillation
