2025-06-09 16:39:58,977 - INFO - 
Deformation Analysis Summary:
2025-06-09 16:39:58,977 - INFO - ---------------------------
2025-06-09 16:39:58,977 - INFO - Chemical Formula: C7H20N2
2025-06-09 16:39:58,977 - INFO - Isomorphic: True
2025-06-09 16:39:58,977 - INFO - 
Bond Length Analysis:
2025-06-09 16:39:58,977 - INFO -   Mean Error: 0.0095 ± 0.0058 Å
2025-06-09 16:39:58,977 - INFO -   Range: [0.0031, 0.0186] Å
2025-06-09 16:39:58,977 - INFO -   Classification: Normal bond fluctuations
2025-06-09 16:39:58,977 - INFO - 
Bond Angle Analysis:
2025-06-09 16:39:58,977 - INFO -   Mean Error: 1.4580 ± 1.0547°
2025-06-09 16:39:58,978 - INFO -   Range: [0.3147, 3.7711]°
2025-06-09 16:39:58,978 - INFO -   Classification: Normal angle flexibility
2025-06-09 16:39:58,978 - INFO - 
Dihedral Angle Analysis:
2025-06-09 16:39:58,978 - INFO -   Mean Error: 10.8722 ± 2.4295°
2025-06-09 16:39:58,978 - INFO -   Range: [7.0830, 14.0733]°
2025-06-09 16:39:58,978 - INFO -   Classification: Local torsional oscillation
2025-06-09 16:48:31,070 - INFO - 
Deformation Analysis Summary:
2025-06-09 16:48:31,070 - INFO - ---------------------------
2025-06-09 16:48:31,070 - INFO - Chemical Formula: C7H20N2
2025-06-09 16:48:31,070 - INFO - Isomorphic: True
2025-06-09 16:48:31,070 - INFO - 
Bond Length Analysis:
2025-06-09 16:48:31,070 - INFO -   Mean Error: 0.0095 ± 0.0058 Å
2025-06-09 16:48:31,070 - INFO -   Range: [0.0031, 0.0186] Å
2025-06-09 16:48:31,070 - INFO -   Classification: Normal bond fluctuations
2025-06-09 16:48:31,070 - INFO - 
Bond Angle Analysis:
2025-06-09 16:48:31,070 - INFO -   Mean Error: 1.4580 ± 1.0547°
2025-06-09 16:48:31,070 - INFO -   Range: [0.3147, 3.7711]°
2025-06-09 16:48:31,070 - INFO -   Classification: Normal angle flexibility
2025-06-09 16:48:31,070 - INFO - 
Dihedral Angle Analysis:
2025-06-09 16:48:31,070 - INFO -   Mean Error: 10.8722 ± 2.4295°
2025-06-09 16:48:31,070 - INFO -   Range: [7.0830, 14.0733]°
2025-06-09 16:48:31,070 - INFO -   Classification: Local torsional oscillation
