2025-06-09 16:40:22,373 - INFO - 
Deformation Analysis Summary:
2025-06-09 16:40:22,373 - INFO - ---------------------------
2025-06-09 16:40:22,373 - INFO - Chemical Formula: C7H20N2
2025-06-09 16:40:22,373 - INFO - Isomorphic: True
2025-06-09 16:40:22,373 - INFO - 
Bond Length Analysis:
2025-06-09 16:40:22,373 - INFO -   Mean Error: 0.0148 ± 0.0091 Å
2025-06-09 16:40:22,373 - INFO -   Range: [0.0020, 0.0306] Å
2025-06-09 16:40:22,373 - INFO -   Classification: Normal bond fluctuations
2025-06-09 16:40:22,373 - INFO - 
Bond Angle Analysis:
2025-06-09 16:40:22,373 - INFO -   Mean Error: 1.4511 ± 1.1171°
2025-06-09 16:40:22,373 - INFO -   Range: [0.0042, 3.7887]°
2025-06-09 16:40:22,373 - INFO -   Classification: Normal angle flexibility
2025-06-09 16:40:22,373 - INFO - 
Dihedral Angle Analysis:
2025-06-09 16:40:22,373 - INFO -   Mean Error: 124.2073 ± 113.9978°
2025-06-09 16:40:22,373 - INFO -   Range: [1.2780, 251.5028]°
2025-06-09 16:40:22,373 - INFO -   Classification: Moderate conformational change
2025-06-09 16:48:55,590 - INFO - 
Deformation Analysis Summary:
2025-06-09 16:48:55,590 - INFO - ---------------------------
2025-06-09 16:48:55,590 - INFO - Chemical Formula: C7H20N2
2025-06-09 16:48:55,590 - INFO - Isomorphic: True
2025-06-09 16:48:55,590 - INFO - 
Bond Length Analysis:
2025-06-09 16:48:55,590 - INFO -   Mean Error: 0.0148 ± 0.0091 Å
2025-06-09 16:48:55,590 - INFO -   Range: [0.0020, 0.0306] Å
2025-06-09 16:48:55,590 - INFO -   Classification: Normal bond fluctuations
2025-06-09 16:48:55,590 - INFO - 
Bond Angle Analysis:
2025-06-09 16:48:55,590 - INFO -   Mean Error: 1.4511 ± 1.1171°
2025-06-09 16:48:55,590 - INFO -   Range: [0.0042, 3.7887]°
2025-06-09 16:48:55,590 - INFO -   Classification: Normal angle flexibility
2025-06-09 16:48:55,591 - INFO - 
Dihedral Angle Analysis:
2025-06-09 16:48:55,591 - INFO -   Mean Error: 124.2073 ± 113.9978°
2025-06-09 16:48:55,591 - INFO -   Range: [1.2780, 251.5028]°
2025-06-09 16:48:55,591 - INFO -   Classification: Moderate conformational change
