2025-06-09 16:40:34,674 - INFO - 
Deformation Analysis Summary:
2025-06-09 16:40:34,674 - INFO - ---------------------------
2025-06-09 16:40:34,674 - INFO - Chemical Formula: C8H22N2
2025-06-09 16:40:34,674 - INFO - Isomorphic: True
2025-06-09 16:40:34,674 - INFO - 
Bond Length Analysis:
2025-06-09 16:40:34,674 - INFO -   Mean Error: 0.0119 ± 0.0018 Å
2025-06-09 16:40:34,674 - INFO -   Range: [0.0077, 0.0134] Å
2025-06-09 16:40:34,674 - INFO -   Classification: Normal bond fluctuations
2025-06-09 16:40:34,674 - INFO - 
Bond Angle Analysis:
2025-06-09 16:40:34,674 - INFO -   Mean Error: 0.5404 ± 0.4080°
2025-06-09 16:40:34,674 - INFO -   Range: [0.0945, 1.4760]°
2025-06-09 16:40:34,674 - INFO -   Classification: Normal angle flexibility
2025-06-09 16:40:34,674 - INFO - 
Dihedral Angle Analysis:
2025-06-09 16:40:34,674 - INFO -   Mean Error: 97.9501 ± 98.5878°
2025-06-09 16:40:34,674 - INFO -   Range: [1.6099, 252.1865]°
2025-06-09 16:40:34,674 - INFO -   Classification: Moderate conformational change
2025-06-09 16:49:06,488 - INFO - 
Deformation Analysis Summary:
2025-06-09 16:49:06,488 - INFO - ---------------------------
2025-06-09 16:49:06,488 - INFO - Chemical Formula: C8H22N2
2025-06-09 16:49:06,488 - INFO - Isomorphic: True
2025-06-09 16:49:06,488 - INFO - 
Bond Length Analysis:
2025-06-09 16:49:06,488 - INFO -   Mean Error: 0.0119 ± 0.0018 Å
2025-06-09 16:49:06,488 - INFO -   Range: [0.0077, 0.0134] Å
2025-06-09 16:49:06,488 - INFO -   Classification: Normal bond fluctuations
2025-06-09 16:49:06,488 - INFO - 
Bond Angle Analysis:
2025-06-09 16:49:06,488 - INFO -   Mean Error: 0.5404 ± 0.4080°
2025-06-09 16:49:06,488 - INFO -   Range: [0.0945, 1.4760]°
2025-06-09 16:49:06,488 - INFO -   Classification: Normal angle flexibility
2025-06-09 16:49:06,488 - INFO - 
Dihedral Angle Analysis:
2025-06-09 16:49:06,488 - INFO -   Mean Error: 97.9501 ± 98.5878°
2025-06-09 16:49:06,488 - INFO -   Range: [1.6099, 252.1865]°
2025-06-09 16:49:06,488 - INFO -   Classification: Moderate conformational change
