2025-06-09 16:39:43,212 - INFO - 
Deformation Analysis Summary:
2025-06-09 16:39:43,212 - INFO - ---------------------------
2025-06-09 16:39:43,212 - INFO - Chemical Formula: C9H24N2
2025-06-09 16:39:43,212 - INFO - Isomorphic: True
2025-06-09 16:39:43,212 - INFO - 
Bond Length Analysis:
2025-06-09 16:39:43,212 - INFO -   Mean Error: 0.0061 ± 0.0061 Å
2025-06-09 16:39:43,212 - INFO -   Range: [0.0013, 0.0199] Å
2025-06-09 16:39:43,212 - INFO -   Classification: Normal bond fluctuations
2025-06-09 16:39:43,212 - INFO - 
Bond Angle Analysis:
2025-06-09 16:39:43,212 - INFO -   Mean Error: 2.1777 ± 0.2205°
2025-06-09 16:39:43,212 - INFO -   Range: [1.7482, 2.5582]°
2025-06-09 16:39:43,212 - INFO -   Classification: Normal angle flexibility
2025-06-09 16:39:43,212 - INFO - 
Dihedral Angle Analysis:
2025-06-09 16:39:43,212 - INFO -   Mean Error: 4.9154 ± 4.5444°
2025-06-09 16:39:43,213 - INFO -   Range: [0.4220, 12.1303]°
2025-06-09 16:39:43,213 - INFO -   Classification: Local torsional oscillation
2025-06-09 16:48:16,784 - INFO - 
Deformation Analysis Summary:
2025-06-09 16:48:16,785 - INFO - ---------------------------
2025-06-09 16:48:16,785 - INFO - Chemical Formula: C9H24N2
2025-06-09 16:48:16,785 - INFO - Isomorphic: True
2025-06-09 16:48:16,785 - INFO - 
Bond Length Analysis:
2025-06-09 16:48:16,785 - INFO -   Mean Error: 0.0061 ± 0.0061 Å
2025-06-09 16:48:16,785 - INFO -   Range: [0.0013, 0.0199] Å
2025-06-09 16:48:16,785 - INFO -   Classification: Normal bond fluctuations
2025-06-09 16:48:16,785 - INFO - 
Bond Angle Analysis:
2025-06-09 16:48:16,785 - INFO -   Mean Error: 2.1777 ± 0.2205°
2025-06-09 16:48:16,785 - INFO -   Range: [1.7482, 2.5582]°
2025-06-09 16:48:16,785 - INFO -   Classification: Normal angle flexibility
2025-06-09 16:48:16,785 - INFO - 
Dihedral Angle Analysis:
2025-06-09 16:48:16,785 - INFO -   Mean Error: 4.9154 ± 4.5444°
2025-06-09 16:48:16,785 - INFO -   Range: [0.4220, 12.1303]°
2025-06-09 16:48:16,785 - INFO -   Classification: Local torsional oscillation
