2025-06-09 16:39:37,927 - INFO - 
Deformation Analysis Summary:
2025-06-09 16:39:37,927 - INFO - ---------------------------
2025-06-09 16:39:37,927 - INFO - Chemical Formula: C10H26N2
2025-06-09 16:39:37,927 - INFO - Isomorphic: True
2025-06-09 16:39:37,927 - INFO - 
Bond Length Analysis:
2025-06-09 16:39:37,927 - INFO -   Mean Error: 0.0142 ± 0.0064 Å
2025-06-09 16:39:37,927 - INFO -   Range: [0.0053, 0.0257] Å
2025-06-09 16:39:37,927 - INFO -   Classification: Normal bond fluctuations
2025-06-09 16:39:37,927 - INFO - 
Bond Angle Analysis:
2025-06-09 16:39:37,927 - INFO -   Mean Error: 0.8924 ± 0.6619°
2025-06-09 16:39:37,927 - INFO -   Range: [0.0388, 2.6951]°
2025-06-09 16:39:37,927 - INFO -   Classification: Normal angle flexibility
2025-06-09 16:39:37,927 - INFO - 
Dihedral Angle Analysis:
2025-06-09 16:39:37,927 - INFO -   Mean Error: 15.1518 ± 10.6657°
2025-06-09 16:39:37,927 - INFO -   Range: [2.7681, 36.9461]°
2025-06-09 16:39:37,927 - INFO -   Classification: Local torsional oscillation
2025-06-09 16:48:13,556 - INFO - 
Deformation Analysis Summary:
2025-06-09 16:48:13,556 - INFO - ---------------------------
2025-06-09 16:48:13,556 - INFO - Chemical Formula: C10H26N2
2025-06-09 16:48:13,556 - INFO - Isomorphic: True
2025-06-09 16:48:13,556 - INFO - 
Bond Length Analysis:
2025-06-09 16:48:13,556 - INFO -   Mean Error: 0.0142 ± 0.0064 Å
2025-06-09 16:48:13,556 - INFO -   Range: [0.0053, 0.0257] Å
2025-06-09 16:48:13,556 - INFO -   Classification: Normal bond fluctuations
2025-06-09 16:48:13,556 - INFO - 
Bond Angle Analysis:
2025-06-09 16:48:13,556 - INFO -   Mean Error: 0.8924 ± 0.6619°
2025-06-09 16:48:13,556 - INFO -   Range: [0.0388, 2.6951]°
2025-06-09 16:48:13,556 - INFO -   Classification: Normal angle flexibility
2025-06-09 16:48:13,556 - INFO - 
Dihedral Angle Analysis:
2025-06-09 16:48:13,556 - INFO -   Mean Error: 15.1518 ± 10.6657°
2025-06-09 16:48:13,556 - INFO -   Range: [2.7681, 36.9461]°
2025-06-09 16:48:13,556 - INFO -   Classification: Local torsional oscillation
