2025-06-09 16:39:41,480 - INFO - 
Deformation Analysis Summary:
2025-06-09 16:39:41,481 - INFO - ---------------------------
2025-06-09 16:39:41,481 - INFO - Chemical Formula: C7H20N2
2025-06-09 16:39:41,481 - INFO - Isomorphic: True
2025-06-09 16:39:41,481 - INFO - 
Bond Length Analysis:
2025-06-09 16:39:41,481 - INFO -   Mean Error: 0.0103 ± 0.0059 Å
2025-06-09 16:39:41,481 - INFO -   Range: [0.0051, 0.0216] Å
2025-06-09 16:39:41,481 - INFO -   Classification: Normal bond fluctuations
2025-06-09 16:39:41,481 - INFO - 
Bond Angle Analysis:
2025-06-09 16:39:41,481 - INFO -   Mean Error: 2.2564 ± 0.4336°
2025-06-09 16:39:41,481 - INFO -   Range: [1.8154, 3.0829]°
2025-06-09 16:39:41,481 - INFO -   Classification: Normal angle flexibility
2025-06-09 16:39:41,481 - INFO - 
Dihedral Angle Analysis:
2025-06-09 16:39:41,481 - INFO -   Mean Error: 6.1797 ± 6.3239°
2025-06-09 16:39:41,481 - INFO -   Range: [0.5778, 19.2059]°
2025-06-09 16:39:41,481 - INFO -   Classification: Local torsional oscillation
2025-06-09 16:48:15,640 - INFO - 
Deformation Analysis Summary:
2025-06-09 16:48:15,640 - INFO - ---------------------------
2025-06-09 16:48:15,640 - INFO - Chemical Formula: C7H20N2
2025-06-09 16:48:15,640 - INFO - Isomorphic: True
2025-06-09 16:48:15,640 - INFO - 
Bond Length Analysis:
2025-06-09 16:48:15,640 - INFO -   Mean Error: 0.0103 ± 0.0059 Å
2025-06-09 16:48:15,640 - INFO -   Range: [0.0051, 0.0216] Å
2025-06-09 16:48:15,640 - INFO -   Classification: Normal bond fluctuations
2025-06-09 16:48:15,640 - INFO - 
Bond Angle Analysis:
2025-06-09 16:48:15,640 - INFO -   Mean Error: 2.2564 ± 0.4336°
2025-06-09 16:48:15,640 - INFO -   Range: [1.8154, 3.0829]°
2025-06-09 16:48:15,640 - INFO -   Classification: Normal angle flexibility
2025-06-09 16:48:15,640 - INFO - 
Dihedral Angle Analysis:
2025-06-09 16:48:15,640 - INFO -   Mean Error: 6.1797 ± 6.3239°
2025-06-09 16:48:15,640 - INFO -   Range: [0.5778, 19.2059]°
2025-06-09 16:48:15,640 - INFO -   Classification: Local torsional oscillation
