2025-06-09 16:39:43,691 - INFO - 
Deformation Analysis Summary:
2025-06-09 16:39:43,691 - INFO - ---------------------------
2025-06-09 16:39:43,691 - INFO - Chemical Formula: C11H28N2
2025-06-09 16:39:43,691 - INFO - Isomorphic: True
2025-06-09 16:39:43,691 - INFO - 
Bond Length Analysis:
2025-06-09 16:39:43,691 - INFO -   Mean Error: 0.0093 ± 0.0050 Å
2025-06-09 16:39:43,692 - INFO -   Range: [0.0047, 0.0212] Å
2025-06-09 16:39:43,692 - INFO -   Classification: Normal bond fluctuations
2025-06-09 16:39:43,692 - INFO - 
Bond Angle Analysis:
2025-06-09 16:39:43,692 - INFO -   Mean Error: 1.8752 ± 1.1186°
2025-06-09 16:39:43,692 - INFO -   Range: [0.0005, 3.6945]°
2025-06-09 16:39:43,692 - INFO -   Classification: Normal angle flexibility
2025-06-09 16:39:43,692 - INFO - 
Dihedral Angle Analysis:
2025-06-09 16:39:43,692 - INFO -   Mean Error: 84.3430 ± 109.6233°
2025-06-09 16:39:43,692 - INFO -   Range: [0.6718, 248.8099]°
2025-06-09 16:39:43,692 - INFO -   Classification: Moderate conformational change
2025-06-09 16:48:17,261 - INFO - 
Deformation Analysis Summary:
2025-06-09 16:48:17,261 - INFO - ---------------------------
2025-06-09 16:48:17,261 - INFO - Chemical Formula: C11H28N2
2025-06-09 16:48:17,261 - INFO - Isomorphic: True
2025-06-09 16:48:17,261 - INFO - 
Bond Length Analysis:
2025-06-09 16:48:17,261 - INFO -   Mean Error: 0.0093 ± 0.0050 Å
2025-06-09 16:48:17,261 - INFO -   Range: [0.0047, 0.0212] Å
2025-06-09 16:48:17,261 - INFO -   Classification: Normal bond fluctuations
2025-06-09 16:48:17,261 - INFO - 
Bond Angle Analysis:
2025-06-09 16:48:17,261 - INFO -   Mean Error: 1.8752 ± 1.1186°
2025-06-09 16:48:17,261 - INFO -   Range: [0.0005, 3.6945]°
2025-06-09 16:48:17,261 - INFO -   Classification: Normal angle flexibility
2025-06-09 16:48:17,261 - INFO - 
Dihedral Angle Analysis:
2025-06-09 16:48:17,261 - INFO -   Mean Error: 84.3430 ± 109.6233°
2025-06-09 16:48:17,261 - INFO -   Range: [0.6718, 248.8099]°
2025-06-09 16:48:17,262 - INFO -   Classification: Moderate conformational change
