2025-06-09 16:40:27,818 - INFO - 
Deformation Analysis Summary:
2025-06-09 16:40:27,818 - INFO - ---------------------------
2025-06-09 16:40:27,818 - INFO - Chemical Formula: C4H14N2
2025-06-09 16:40:27,818 - INFO - Isomorphic: True
2025-06-09 16:40:27,818 - INFO - 
Bond Length Analysis:
2025-06-09 16:40:27,819 - INFO -   Mean Error: 0.0104 ± 0.0077 Å
2025-06-09 16:40:27,819 - INFO -   Range: [0.0007, 0.0171] Å
2025-06-09 16:40:27,819 - INFO -   Classification: Normal bond fluctuations
2025-06-09 16:40:27,819 - INFO - 
Bond Angle Analysis:
2025-06-09 16:40:27,819 - INFO -   Mean Error: 0.7256 ± 0.5516°
2025-06-09 16:40:27,819 - INFO -   Range: [0.1608, 1.4488]°
2025-06-09 16:40:27,819 - INFO -   Classification: Normal angle flexibility
2025-06-09 16:40:27,819 - INFO - 
Dihedral Angle Analysis:
2025-06-09 16:40:27,819 - INFO -   Mean Error: 1.7202 ± 0.3594°
2025-06-09 16:40:27,819 - INFO -   Range: [1.2774, 2.1577]°
2025-06-09 16:40:27,819 - INFO -   Classification: Local torsional oscillation
2025-06-09 16:49:02,464 - INFO - 
Deformation Analysis Summary:
2025-06-09 16:49:02,464 - INFO - ---------------------------
2025-06-09 16:49:02,464 - INFO - Chemical Formula: C4H14N2
2025-06-09 16:49:02,464 - INFO - Isomorphic: True
2025-06-09 16:49:02,464 - INFO - 
Bond Length Analysis:
2025-06-09 16:49:02,464 - INFO -   Mean Error: 0.0104 ± 0.0077 Å
2025-06-09 16:49:02,464 - INFO -   Range: [0.0007, 0.0171] Å
2025-06-09 16:49:02,464 - INFO -   Classification: Normal bond fluctuations
2025-06-09 16:49:02,464 - INFO - 
Bond Angle Analysis:
2025-06-09 16:49:02,464 - INFO -   Mean Error: 0.7256 ± 0.5516°
2025-06-09 16:49:02,464 - INFO -   Range: [0.1608, 1.4488]°
2025-06-09 16:49:02,464 - INFO -   Classification: Normal angle flexibility
2025-06-09 16:49:02,464 - INFO - 
Dihedral Angle Analysis:
2025-06-09 16:49:02,464 - INFO -   Mean Error: 1.7202 ± 0.3594°
2025-06-09 16:49:02,464 - INFO -   Range: [1.2774, 2.1577]°
2025-06-09 16:49:02,464 - INFO -   Classification: Local torsional oscillation
