2025-06-09 16:40:20,043 - INFO - 
Deformation Analysis Summary:
2025-06-09 16:40:20,043 - INFO - ---------------------------
2025-06-09 16:40:20,043 - INFO - Chemical Formula: C7H20N2
2025-06-09 16:40:20,043 - INFO - Isomorphic: True
2025-06-09 16:40:20,043 - INFO - 
Bond Length Analysis:
2025-06-09 16:40:20,043 - INFO -   Mean Error: 0.0093 ± 0.0055 Å
2025-06-09 16:40:20,043 - INFO -   Range: [0.0025, 0.0187] Å
2025-06-09 16:40:20,043 - INFO -   Classification: Normal bond fluctuations
2025-06-09 16:40:20,043 - INFO - 
Bond Angle Analysis:
2025-06-09 16:40:20,043 - INFO -   Mean Error: 0.9699 ± 0.7748°
2025-06-09 16:40:20,043 - INFO -   Range: [0.3158, 2.5093]°
2025-06-09 16:40:20,043 - INFO -   Classification: Normal angle flexibility
2025-06-09 16:40:20,043 - INFO - 
Dihedral Angle Analysis:
2025-06-09 16:40:20,043 - INFO -   Mean Error: 8.5239 ± 2.9210°
2025-06-09 16:40:20,043 - INFO -   Range: [4.9476, 13.6059]°
2025-06-09 16:40:20,043 - INFO -   Classification: Local torsional oscillation
2025-06-09 16:48:51,429 - INFO - 
Deformation Analysis Summary:
2025-06-09 16:48:51,429 - INFO - ---------------------------
2025-06-09 16:48:51,429 - INFO - Chemical Formula: C7H20N2
2025-06-09 16:48:51,429 - INFO - Isomorphic: True
2025-06-09 16:48:51,429 - INFO - 
Bond Length Analysis:
2025-06-09 16:48:51,429 - INFO -   Mean Error: 0.0093 ± 0.0055 Å
2025-06-09 16:48:51,429 - INFO -   Range: [0.0025, 0.0187] Å
2025-06-09 16:48:51,429 - INFO -   Classification: Normal bond fluctuations
2025-06-09 16:48:51,429 - INFO - 
Bond Angle Analysis:
2025-06-09 16:48:51,429 - INFO -   Mean Error: 0.9699 ± 0.7748°
2025-06-09 16:48:51,430 - INFO -   Range: [0.3158, 2.5093]°
2025-06-09 16:48:51,430 - INFO -   Classification: Normal angle flexibility
2025-06-09 16:48:51,430 - INFO - 
Dihedral Angle Analysis:
2025-06-09 16:48:51,430 - INFO -   Mean Error: 8.5239 ± 2.9210°
2025-06-09 16:48:51,430 - INFO -   Range: [4.9476, 13.6059]°
2025-06-09 16:48:51,430 - INFO -   Classification: Local torsional oscillation
