2025-06-09 16:40:25,318 - INFO - 
Deformation Analysis Summary:
2025-06-09 16:40:25,318 - INFO - ---------------------------
2025-06-09 16:40:25,318 - INFO - Chemical Formula: C5H16N2
2025-06-09 16:40:25,318 - INFO - Isomorphic: True
2025-06-09 16:40:25,318 - INFO - 
Bond Length Analysis:
2025-06-09 16:40:25,318 - INFO -   Mean Error: 0.0135 ± 0.0053 Å
2025-06-09 16:40:25,318 - INFO -   Range: [0.0085, 0.0209] Å
2025-06-09 16:40:25,318 - INFO -   Classification: Normal bond fluctuations
2025-06-09 16:40:25,318 - INFO - 
Bond Angle Analysis:
2025-06-09 16:40:25,318 - INFO -   Mean Error: 4.7143 ± 0.3449°
2025-06-09 16:40:25,318 - INFO -   Range: [4.1684, 5.1540]°
2025-06-09 16:40:25,318 - INFO -   Classification: Normal angle flexibility
2025-06-09 16:40:25,318 - INFO - 
Dihedral Angle Analysis:
2025-06-09 16:40:25,318 - INFO -   Mean Error: 2.7239 ± 0.8008°
2025-06-09 16:40:25,318 - INFO -   Range: [1.8365, 3.7385]°
2025-06-09 16:40:25,318 - INFO -   Classification: Local torsional oscillation
2025-06-09 16:49:00,433 - INFO - 
Deformation Analysis Summary:
2025-06-09 16:49:00,433 - INFO - ---------------------------
2025-06-09 16:49:00,433 - INFO - Chemical Formula: C5H16N2
2025-06-09 16:49:00,433 - INFO - Isomorphic: True
2025-06-09 16:49:00,433 - INFO - 
Bond Length Analysis:
2025-06-09 16:49:00,433 - INFO -   Mean Error: 0.0135 ± 0.0053 Å
2025-06-09 16:49:00,433 - INFO -   Range: [0.0085, 0.0209] Å
2025-06-09 16:49:00,433 - INFO -   Classification: Normal bond fluctuations
2025-06-09 16:49:00,433 - INFO - 
Bond Angle Analysis:
2025-06-09 16:49:00,433 - INFO -   Mean Error: 4.7143 ± 0.3449°
2025-06-09 16:49:00,433 - INFO -   Range: [4.1684, 5.1540]°
2025-06-09 16:49:00,433 - INFO -   Classification: Normal angle flexibility
2025-06-09 16:49:00,433 - INFO - 
Dihedral Angle Analysis:
2025-06-09 16:49:00,433 - INFO -   Mean Error: 2.7239 ± 0.8008°
2025-06-09 16:49:00,433 - INFO -   Range: [1.8365, 3.7385]°
2025-06-09 16:49:00,433 - INFO -   Classification: Local torsional oscillation
