2025-06-09 16:40:17,680 - INFO - 
Deformation Analysis Summary:
2025-06-09 16:40:17,680 - INFO - ---------------------------
2025-06-09 16:40:17,680 - INFO - Chemical Formula: C4H14N2
2025-06-09 16:40:17,680 - INFO - Isomorphic: True
2025-06-09 16:40:17,680 - INFO - 
Bond Length Analysis:
2025-06-09 16:40:17,680 - INFO -   Mean Error: 0.0174 ± 0.0084 Å
2025-06-09 16:40:17,681 - INFO -   Range: [0.0071, 0.0266] Å
2025-06-09 16:40:17,681 - INFO -   Classification: Normal bond fluctuations
2025-06-09 16:40:17,681 - INFO - 
Bond Angle Analysis:
2025-06-09 16:40:17,681 - INFO -   Mean Error: 1.0662 ± 0.4959°
2025-06-09 16:40:17,681 - INFO -   Range: [0.3603, 1.5578]°
2025-06-09 16:40:17,681 - INFO -   Classification: Normal angle flexibility
2025-06-09 16:40:17,681 - INFO - 
Dihedral Angle Analysis:
2025-06-09 16:40:17,681 - INFO -   Mean Error: 1.7990 ± 0.2169°
2025-06-09 16:40:17,681 - INFO -   Range: [1.5799, 2.0945]°
2025-06-09 16:40:17,681 - INFO -   Classification: Local torsional oscillation
2025-06-09 16:48:49,118 - INFO - 
Deformation Analysis Summary:
2025-06-09 16:48:49,118 - INFO - ---------------------------
2025-06-09 16:48:49,118 - INFO - Chemical Formula: C4H14N2
2025-06-09 16:48:49,118 - INFO - Isomorphic: True
2025-06-09 16:48:49,118 - INFO - 
Bond Length Analysis:
2025-06-09 16:48:49,118 - INFO -   Mean Error: 0.0174 ± 0.0084 Å
2025-06-09 16:48:49,118 - INFO -   Range: [0.0071, 0.0266] Å
2025-06-09 16:48:49,118 - INFO -   Classification: Normal bond fluctuations
2025-06-09 16:48:49,118 - INFO - 
Bond Angle Analysis:
2025-06-09 16:48:49,118 - INFO -   Mean Error: 1.0662 ± 0.4959°
2025-06-09 16:48:49,118 - INFO -   Range: [0.3603, 1.5578]°
2025-06-09 16:48:49,118 - INFO -   Classification: Normal angle flexibility
2025-06-09 16:48:49,118 - INFO - 
Dihedral Angle Analysis:
2025-06-09 16:48:49,118 - INFO -   Mean Error: 1.7990 ± 0.2169°
2025-06-09 16:48:49,118 - INFO -   Range: [1.5799, 2.0945]°
2025-06-09 16:48:49,118 - INFO -   Classification: Local torsional oscillation
