2025-06-09 16:40:55,864 - INFO - 
Deformation Analysis Summary:
2025-06-09 16:40:55,864 - INFO - ---------------------------
2025-06-09 16:40:55,864 - INFO - Chemical Formula: C9H24N2
2025-06-09 16:40:55,864 - INFO - Isomorphic: True
2025-06-09 16:40:55,864 - INFO - 
Bond Length Analysis:
2025-06-09 16:40:55,864 - INFO -   Mean Error: 0.0090 ± 0.0063 Å
2025-06-09 16:40:55,864 - INFO -   Range: [0.0039, 0.0215] Å
2025-06-09 16:40:55,864 - INFO -   Classification: Normal bond fluctuations
2025-06-09 16:40:55,864 - INFO - 
Bond Angle Analysis:
2025-06-09 16:40:55,864 - INFO -   Mean Error: 0.8680 ± 0.6733°
2025-06-09 16:40:55,864 - INFO -   Range: [0.0584, 2.0560]°
2025-06-09 16:40:55,864 - INFO -   Classification: Normal angle flexibility
2025-06-09 16:40:55,864 - INFO - 
Dihedral Angle Analysis:
2025-06-09 16:40:55,864 - INFO -   Mean Error: 8.0862 ± 5.9157°
2025-06-09 16:40:55,864 - INFO -   Range: [1.9376, 22.2296]°
2025-06-09 16:40:55,864 - INFO -   Classification: Local torsional oscillation
2025-06-09 16:49:27,082 - INFO - 
Deformation Analysis Summary:
2025-06-09 16:49:27,082 - INFO - ---------------------------
2025-06-09 16:49:27,082 - INFO - Chemical Formula: C9H24N2
2025-06-09 16:49:27,082 - INFO - Isomorphic: True
2025-06-09 16:49:27,083 - INFO - 
Bond Length Analysis:
2025-06-09 16:49:27,083 - INFO -   Mean Error: 0.0090 ± 0.0063 Å
2025-06-09 16:49:27,083 - INFO -   Range: [0.0039, 0.0215] Å
2025-06-09 16:49:27,083 - INFO -   Classification: Normal bond fluctuations
2025-06-09 16:49:27,083 - INFO - 
Bond Angle Analysis:
2025-06-09 16:49:27,083 - INFO -   Mean Error: 0.8680 ± 0.6733°
2025-06-09 16:49:27,083 - INFO -   Range: [0.0584, 2.0560]°
2025-06-09 16:49:27,083 - INFO -   Classification: Normal angle flexibility
2025-06-09 16:49:27,083 - INFO - 
Dihedral Angle Analysis:
2025-06-09 16:49:27,083 - INFO -   Mean Error: 8.0862 ± 5.9157°
2025-06-09 16:49:27,083 - INFO -   Range: [1.9376, 22.2296]°
2025-06-09 16:49:27,083 - INFO -   Classification: Local torsional oscillation
