2025-06-09 16:40:37,265 - INFO - 
Deformation Analysis Summary:
2025-06-09 16:40:37,265 - INFO - ---------------------------
2025-06-09 16:40:37,265 - INFO - Chemical Formula: C8H22N2
2025-06-09 16:40:37,265 - INFO - Isomorphic: True
2025-06-09 16:40:37,265 - INFO - 
Bond Length Analysis:
2025-06-09 16:40:37,265 - INFO -   Mean Error: 0.0117 ± 0.0065 Å
2025-06-09 16:40:37,265 - INFO -   Range: [0.0065, 0.0239] Å
2025-06-09 16:40:37,265 - INFO -   Classification: Normal bond fluctuations
2025-06-09 16:40:37,265 - INFO - 
Bond Angle Analysis:
2025-06-09 16:40:37,265 - INFO -   Mean Error: 0.5309 ± 0.4058°
2025-06-09 16:40:37,265 - INFO -   Range: [0.0178, 1.2038]°
2025-06-09 16:40:37,265 - INFO -   Classification: Normal angle flexibility
2025-06-09 16:40:37,265 - INFO - 
Dihedral Angle Analysis:
2025-06-09 16:40:37,265 - INFO -   Mean Error: 4.2480 ± 2.4598°
2025-06-09 16:40:37,265 - INFO -   Range: [0.8829, 7.8821]°
2025-06-09 16:40:37,265 - INFO -   Classification: Local torsional oscillation
2025-06-09 16:49:08,650 - INFO - 
Deformation Analysis Summary:
2025-06-09 16:49:08,651 - INFO - ---------------------------
2025-06-09 16:49:08,651 - INFO - Chemical Formula: C8H22N2
2025-06-09 16:49:08,651 - INFO - Isomorphic: True
2025-06-09 16:49:08,651 - INFO - 
Bond Length Analysis:
2025-06-09 16:49:08,651 - INFO -   Mean Error: 0.0117 ± 0.0065 Å
2025-06-09 16:49:08,651 - INFO -   Range: [0.0065, 0.0239] Å
2025-06-09 16:49:08,651 - INFO -   Classification: Normal bond fluctuations
2025-06-09 16:49:08,651 - INFO - 
Bond Angle Analysis:
2025-06-09 16:49:08,651 - INFO -   Mean Error: 0.5309 ± 0.4058°
2025-06-09 16:49:08,651 - INFO -   Range: [0.0178, 1.2038]°
2025-06-09 16:49:08,651 - INFO -   Classification: Normal angle flexibility
2025-06-09 16:49:08,651 - INFO - 
Dihedral Angle Analysis:
2025-06-09 16:49:08,651 - INFO -   Mean Error: 4.2480 ± 2.4598°
2025-06-09 16:49:08,651 - INFO -   Range: [0.8829, 7.8821]°
2025-06-09 16:49:08,651 - INFO -   Classification: Local torsional oscillation
