2025-06-09 16:40:30,727 - INFO - 
Deformation Analysis Summary:
2025-06-09 16:40:30,727 - INFO - ---------------------------
2025-06-09 16:40:30,727 - INFO - Chemical Formula: C4H14N2
2025-06-09 16:40:30,727 - INFO - Isomorphic: True
2025-06-09 16:40:30,727 - INFO - 
Bond Length Analysis:
2025-06-09 16:40:30,727 - INFO -   Mean Error: 0.0133 ± 0.0080 Å
2025-06-09 16:40:30,727 - INFO -   Range: [0.0027, 0.0202] Å
2025-06-09 16:40:30,727 - INFO -   Classification: Normal bond fluctuations
2025-06-09 16:40:30,727 - INFO - 
Bond Angle Analysis:
2025-06-09 16:40:30,727 - INFO -   Mean Error: 0.9521 ± 0.8041°
2025-06-09 16:40:30,727 - INFO -   Range: [0.0932, 1.9866]°
2025-06-09 16:40:30,727 - INFO -   Classification: Normal angle flexibility
2025-06-09 16:40:30,727 - INFO - 
Dihedral Angle Analysis:
2025-06-09 16:40:30,727 - INFO -   Mean Error: 1.7180 ± 0.1259°
2025-06-09 16:40:30,727 - INFO -   Range: [1.6268, 1.8961]°
2025-06-09 16:40:30,727 - INFO -   Classification: Local torsional oscillation
2025-06-09 16:49:04,153 - INFO - 
Deformation Analysis Summary:
2025-06-09 16:49:04,153 - INFO - ---------------------------
2025-06-09 16:49:04,154 - INFO - Chemical Formula: C4H14N2
2025-06-09 16:49:04,154 - INFO - Isomorphic: True
2025-06-09 16:49:04,154 - INFO - 
Bond Length Analysis:
2025-06-09 16:49:04,154 - INFO -   Mean Error: 0.0133 ± 0.0080 Å
2025-06-09 16:49:04,154 - INFO -   Range: [0.0027, 0.0202] Å
2025-06-09 16:49:04,154 - INFO -   Classification: Normal bond fluctuations
2025-06-09 16:49:04,154 - INFO - 
Bond Angle Analysis:
2025-06-09 16:49:04,154 - INFO -   Mean Error: 0.9521 ± 0.8041°
2025-06-09 16:49:04,154 - INFO -   Range: [0.0932, 1.9866]°
2025-06-09 16:49:04,154 - INFO -   Classification: Normal angle flexibility
2025-06-09 16:49:04,154 - INFO - 
Dihedral Angle Analysis:
2025-06-09 16:49:04,154 - INFO -   Mean Error: 1.7180 ± 0.1259°
2025-06-09 16:49:04,154 - INFO -   Range: [1.6268, 1.8961]°
2025-06-09 16:49:04,154 - INFO -   Classification: Local torsional oscillation
