2025-06-09 16:40:02,194 - INFO - 
Deformation Analysis Summary:
2025-06-09 16:40:02,194 - INFO - ---------------------------
2025-06-09 16:40:02,194 - INFO - Chemical Formula: C6H16N2
2025-06-09 16:40:02,194 - INFO - Isomorphic: True
2025-06-09 16:40:02,194 - INFO - 
Bond Length Analysis:
2025-06-09 16:40:02,194 - INFO -   Mean Error: 0.0175 ± 0.0109 Å
2025-06-09 16:40:02,194 - INFO -   Range: [0.0062, 0.0307] Å
2025-06-09 16:40:02,194 - INFO -   Classification: Normal bond fluctuations
2025-06-09 16:40:02,194 - INFO - 
Bond Angle Analysis:
2025-06-09 16:40:02,194 - INFO -   Mean Error: 0.7532 ± 0.5495°
2025-06-09 16:40:02,194 - INFO -   Range: [0.3016, 1.7870]°
2025-06-09 16:40:02,194 - INFO -   Classification: Normal angle flexibility
2025-06-09 16:40:02,194 - INFO - 
Dihedral Angle Analysis:
2025-06-09 16:40:02,194 - INFO -   Mean Error: 147.8814 ± 118.4504°
2025-06-09 16:40:02,195 - INFO -   Range: [1.9806, 246.3877]°
2025-06-09 16:40:02,195 - INFO -   Classification: Moderate conformational change
2025-06-09 16:48:33,593 - INFO - 
Deformation Analysis Summary:
2025-06-09 16:48:33,594 - INFO - ---------------------------
2025-06-09 16:48:33,594 - INFO - Chemical Formula: C6H16N2
2025-06-09 16:48:33,594 - INFO - Isomorphic: True
2025-06-09 16:48:33,594 - INFO - 
Bond Length Analysis:
2025-06-09 16:48:33,594 - INFO -   Mean Error: 0.0175 ± 0.0109 Å
2025-06-09 16:48:33,594 - INFO -   Range: [0.0062, 0.0307] Å
2025-06-09 16:48:33,594 - INFO -   Classification: Normal bond fluctuations
2025-06-09 16:48:33,594 - INFO - 
Bond Angle Analysis:
2025-06-09 16:48:33,594 - INFO -   Mean Error: 0.7532 ± 0.5495°
2025-06-09 16:48:33,594 - INFO -   Range: [0.3016, 1.7870]°
2025-06-09 16:48:33,594 - INFO -   Classification: Normal angle flexibility
2025-06-09 16:48:33,594 - INFO - 
Dihedral Angle Analysis:
2025-06-09 16:48:33,594 - INFO -   Mean Error: 147.8814 ± 118.4504°
2025-06-09 16:48:33,594 - INFO -   Range: [1.9806, 246.3877]°
2025-06-09 16:48:33,594 - INFO -   Classification: Moderate conformational change
