2025-06-09 16:40:07,888 - INFO - 
Deformation Analysis Summary:
2025-06-09 16:40:07,888 - INFO - ---------------------------
2025-06-09 16:40:07,888 - INFO - Chemical Formula: C8H22N2
2025-06-09 16:40:07,888 - INFO - Isomorphic: True
2025-06-09 16:40:07,888 - INFO - 
Bond Length Analysis:
2025-06-09 16:40:07,888 - INFO -   Mean Error: 0.0097 ± 0.0069 Å
2025-06-09 16:40:07,889 - INFO -   Range: [0.0021, 0.0238] Å
2025-06-09 16:40:07,889 - INFO -   Classification: Normal bond fluctuations
2025-06-09 16:40:07,889 - INFO - 
Bond Angle Analysis:
2025-06-09 16:40:07,889 - INFO -   Mean Error: 1.1232 ± 0.9691°
2025-06-09 16:40:07,889 - INFO -   Range: [0.0626, 3.0119]°
2025-06-09 16:40:07,889 - INFO -   Classification: Normal angle flexibility
2025-06-09 16:40:07,889 - INFO - 
Dihedral Angle Analysis:
2025-06-09 16:40:07,889 - INFO -   Mean Error: 28.5581 ± 32.6117°
2025-06-09 16:40:07,889 - INFO -   Range: [1.9938, 104.2232]°
2025-06-09 16:40:07,889 - INFO -   Classification: Local torsional oscillation
2025-06-09 16:48:43,015 - INFO - 
Deformation Analysis Summary:
2025-06-09 16:48:43,015 - INFO - ---------------------------
2025-06-09 16:48:43,015 - INFO - Chemical Formula: C8H22N2
2025-06-09 16:48:43,016 - INFO - Isomorphic: True
2025-06-09 16:48:43,016 - INFO - 
Bond Length Analysis:
2025-06-09 16:48:43,016 - INFO -   Mean Error: 0.0097 ± 0.0069 Å
2025-06-09 16:48:43,016 - INFO -   Range: [0.0021, 0.0238] Å
2025-06-09 16:48:43,016 - INFO -   Classification: Normal bond fluctuations
2025-06-09 16:48:43,016 - INFO - 
Bond Angle Analysis:
2025-06-09 16:48:43,016 - INFO -   Mean Error: 1.1232 ± 0.9691°
2025-06-09 16:48:43,016 - INFO -   Range: [0.0626, 3.0119]°
2025-06-09 16:48:43,016 - INFO -   Classification: Normal angle flexibility
2025-06-09 16:48:43,016 - INFO - 
Dihedral Angle Analysis:
2025-06-09 16:48:43,016 - INFO -   Mean Error: 28.5581 ± 32.6117°
2025-06-09 16:48:43,016 - INFO -   Range: [1.9938, 104.2232]°
2025-06-09 16:48:43,016 - INFO -   Classification: Local torsional oscillation
