2025-06-09 16:39:57,162 - INFO - 
Deformation Analysis Summary:
2025-06-09 16:39:57,162 - INFO - ---------------------------
2025-06-09 16:39:57,162 - INFO - Chemical Formula: C10H26N2
2025-06-09 16:39:57,162 - INFO - Isomorphic: True
2025-06-09 16:39:57,162 - INFO - 
Bond Length Analysis:
2025-06-09 16:39:57,162 - INFO -   Mean Error: 0.0040 ± 0.0058 Å
2025-06-09 16:39:57,162 - INFO -   Range: [0.0001, 0.0174] Å
2025-06-09 16:39:57,162 - INFO -   Classification: Normal bond fluctuations
2025-06-09 16:39:57,162 - INFO - 
Bond Angle Analysis:
2025-06-09 16:39:57,162 - INFO -   Mean Error: 2.0270 ± 0.8219°
2025-06-09 16:39:57,162 - INFO -   Range: [0.0388, 3.0022]°
2025-06-09 16:39:57,162 - INFO -   Classification: Normal angle flexibility
2025-06-09 16:39:57,162 - INFO - 
Dihedral Angle Analysis:
2025-06-09 16:39:57,162 - INFO -   Mean Error: 9.3572 ± 3.4642°
2025-06-09 16:39:57,162 - INFO -   Range: [4.4813, 16.2026]°
2025-06-09 16:39:57,162 - INFO -   Classification: Local torsional oscillation
2025-06-09 16:48:30,018 - INFO - 
Deformation Analysis Summary:
2025-06-09 16:48:30,018 - INFO - ---------------------------
2025-06-09 16:48:30,019 - INFO - Chemical Formula: C10H26N2
2025-06-09 16:48:30,019 - INFO - Isomorphic: True
2025-06-09 16:48:30,019 - INFO - 
Bond Length Analysis:
2025-06-09 16:48:30,019 - INFO -   Mean Error: 0.0040 ± 0.0058 Å
2025-06-09 16:48:30,019 - INFO -   Range: [0.0001, 0.0174] Å
2025-06-09 16:48:30,019 - INFO -   Classification: Normal bond fluctuations
2025-06-09 16:48:30,019 - INFO - 
Bond Angle Analysis:
2025-06-09 16:48:30,019 - INFO -   Mean Error: 2.0270 ± 0.8219°
2025-06-09 16:48:30,019 - INFO -   Range: [0.0388, 3.0022]°
2025-06-09 16:48:30,019 - INFO -   Classification: Normal angle flexibility
2025-06-09 16:48:30,019 - INFO - 
Dihedral Angle Analysis:
2025-06-09 16:48:30,019 - INFO -   Mean Error: 9.3572 ± 3.4642°
2025-06-09 16:48:30,019 - INFO -   Range: [4.4813, 16.2026]°
2025-06-09 16:48:30,019 - INFO -   Classification: Local torsional oscillation
