2025-06-09 16:40:28,672 - INFO - 
Deformation Analysis Summary:
2025-06-09 16:40:28,672 - INFO - ---------------------------
2025-06-09 16:40:28,672 - INFO - Chemical Formula: C6H18N2
2025-06-09 16:40:28,672 - INFO - Isomorphic: True
2025-06-09 16:40:28,672 - INFO - 
Bond Length Analysis:
2025-06-09 16:40:28,672 - INFO -   Mean Error: 0.0082 ± 0.0071 Å
2025-06-09 16:40:28,672 - INFO -   Range: [0.0004, 0.0204] Å
2025-06-09 16:40:28,673 - INFO -   Classification: Normal bond fluctuations
2025-06-09 16:40:28,673 - INFO - 
Bond Angle Analysis:
2025-06-09 16:40:28,673 - INFO -   Mean Error: 1.4826 ± 1.0140°
2025-06-09 16:40:28,673 - INFO -   Range: [0.0431, 3.2397]°
2025-06-09 16:40:28,673 - INFO -   Classification: Normal angle flexibility
2025-06-09 16:40:28,673 - INFO - 
Dihedral Angle Analysis:
2025-06-09 16:40:28,673 - INFO -   Mean Error: 37.6748 ± 30.2283°
2025-06-09 16:40:28,673 - INFO -   Range: [10.3720, 96.7010]°
2025-06-09 16:40:28,673 - INFO -   Classification: Moderate conformational change
2025-06-09 16:49:02,926 - INFO - 
Deformation Analysis Summary:
2025-06-09 16:49:02,926 - INFO - ---------------------------
2025-06-09 16:49:02,926 - INFO - Chemical Formula: C6H18N2
2025-06-09 16:49:02,926 - INFO - Isomorphic: True
2025-06-09 16:49:02,926 - INFO - 
Bond Length Analysis:
2025-06-09 16:49:02,926 - INFO -   Mean Error: 0.0082 ± 0.0071 Å
2025-06-09 16:49:02,926 - INFO -   Range: [0.0004, 0.0204] Å
2025-06-09 16:49:02,926 - INFO -   Classification: Normal bond fluctuations
2025-06-09 16:49:02,926 - INFO - 
Bond Angle Analysis:
2025-06-09 16:49:02,926 - INFO -   Mean Error: 1.4826 ± 1.0140°
2025-06-09 16:49:02,926 - INFO -   Range: [0.0431, 3.2397]°
2025-06-09 16:49:02,926 - INFO -   Classification: Normal angle flexibility
2025-06-09 16:49:02,926 - INFO - 
Dihedral Angle Analysis:
2025-06-09 16:49:02,926 - INFO -   Mean Error: 37.6748 ± 30.2283°
2025-06-09 16:49:02,926 - INFO -   Range: [10.3720, 96.7010]°
2025-06-09 16:49:02,926 - INFO -   Classification: Moderate conformational change
