2025-06-09 16:40:32,358 - INFO - 
Deformation Analysis Summary:
2025-06-09 16:40:32,358 - INFO - ---------------------------
2025-06-09 16:40:32,358 - INFO - Chemical Formula: C10H26N2
2025-06-09 16:40:32,358 - INFO - Isomorphic: True
2025-06-09 16:40:32,358 - INFO - 
Bond Length Analysis:
2025-06-09 16:40:32,358 - INFO -   Mean Error: 0.0118 ± 0.0044 Å
2025-06-09 16:40:32,358 - INFO -   Range: [0.0062, 0.0209] Å
2025-06-09 16:40:32,358 - INFO -   Classification: Normal bond fluctuations
2025-06-09 16:40:32,358 - INFO - 
Bond Angle Analysis:
2025-06-09 16:40:32,358 - INFO -   Mean Error: 0.7737 ± 0.6971°
2025-06-09 16:40:32,358 - INFO -   Range: [0.0447, 2.5927]°
2025-06-09 16:40:32,358 - INFO -   Classification: Normal angle flexibility
2025-06-09 16:40:32,358 - INFO - 
Dihedral Angle Analysis:
2025-06-09 16:40:32,358 - INFO -   Mean Error: 142.7966 ± 117.0950°
2025-06-09 16:40:32,358 - INFO -   Range: [0.1365, 245.7735]°
2025-06-09 16:40:32,358 - INFO -   Classification: Moderate conformational change
2025-06-09 16:49:05,090 - INFO - 
Deformation Analysis Summary:
2025-06-09 16:49:05,090 - INFO - ---------------------------
2025-06-09 16:49:05,090 - INFO - Chemical Formula: C10H26N2
2025-06-09 16:49:05,090 - INFO - Isomorphic: True
2025-06-09 16:49:05,090 - INFO - 
Bond Length Analysis:
2025-06-09 16:49:05,090 - INFO -   Mean Error: 0.0118 ± 0.0044 Å
2025-06-09 16:49:05,090 - INFO -   Range: [0.0062, 0.0209] Å
2025-06-09 16:49:05,090 - INFO -   Classification: Normal bond fluctuations
2025-06-09 16:49:05,090 - INFO - 
Bond Angle Analysis:
2025-06-09 16:49:05,090 - INFO -   Mean Error: 0.7737 ± 0.6971°
2025-06-09 16:49:05,090 - INFO -   Range: [0.0447, 2.5927]°
2025-06-09 16:49:05,090 - INFO -   Classification: Normal angle flexibility
2025-06-09 16:49:05,090 - INFO - 
Dihedral Angle Analysis:
2025-06-09 16:49:05,090 - INFO -   Mean Error: 142.7966 ± 117.0950°
2025-06-09 16:49:05,090 - INFO -   Range: [0.1365, 245.7735]°
2025-06-09 16:49:05,090 - INFO -   Classification: Moderate conformational change
